#
# A fatal error has been detected by the Java Runtime Environment:
#
#  SIGSEGV (0xb) at pc=0x00007efe20e42d44, pid=12164, tid=0x00007efe00921700
#
# JRE version: Java(TM) SE Runtime Environment (8.0_121-b13) (build 1.8.0_121-b13)
# Java VM: Java HotSpot(TM) 64-Bit Server VM (25.121-b13 mixed mode linux-amd64 compressed oops)
# Problematic frame:
# C  [libpthread.so.0+0x9d44]  pthread_mutex_lock+0x4
#
# Failed to write core dump. Core dumps have been disabled. To enable core dumping, try "ulimit -c unlimited" before starting Java again
#
# If you would like to submit a bug report, please visit:
#   http://bugreport.java.com/bugreport/crash.jsp
# The crash happened outside the Java Virtual Machine in native code.
# See problematic frame for where to report the bug.
#

---------------  T H R E A D  ---------------

Current thread (0x00007efdc4af5800):  JavaThread "qtp621543103-18" [_thread_in_native, id=12192, stack(0x00007efe00821000,0x00007efe00922000)]

siginfo: si_signo: 11 (SIGSEGV), si_code: 128 (SI_KERNEL), si_addr: 0x0000000000000000

Registers:
RAX=0x0000000000000029, RBX=0x000000000000000e, RCX=0x0000000000000000, RDX=0x00007efdaa4e5400
RSP=0x00007efe0091dd40, RBP=0x00007efd90014008, RSI=0x000000000000000e, RDI=0x4220524544524f20
R8 =0x000000000000586a, R9 =0x0000000000000000, R10=0x0000000000000002, R11=0x00007efdaa4deb10
R12=0x0000000000000000, R13=0x0000000000000029, R14=0x00007efd90010e08, R15=0x00007efdaa4e5400
RIP=0x00007efe20e42d44, EFLAGS=0x0000000000010202, CSGSFS=0x002b000000000033, ERR=0x0000000000000000
  TRAPNO=0x000000000000000d

Top of Stack: (sp=0x00007efe0091dd40)
0x00007efe0091dd40:   00007efdc4af5800 00007efdaa4c4c8d
0x00007efe0091dd50:   0000000000000007 000000000000000e
0x00007efe0091dd60:   00007efdc4af59f8 0000000000000000
0x00007efe0091dd70:   00007efe0091dde0 00007efe0091ddb0
0x00007efe0091dd80:   00007efdc4af5800 00007efdaa4be3d2
0x00007efe0091dd90:   00007efe09803d00 00000000f34c6c90
0x00007efe0091dda0:   00007efe0091ddf0 00007efe09804418
0x00007efe0091ddb0:   00000000f34c6c90 00000000f34c6c90
0x00007efe0091ddc0:   00007efe0091ddf0 00007efe0091ddf0
0x00007efe0091ddd0:   0000000000000002 00007efd90014008
0x00007efe0091dde0:   0000000000000003 ffffffffc76f0002
0x00007efe0091ddf0:   00007efe0091df80 00007efe098049c4
0x00007efe0091de00:   00007efe0091de90 00000000f34c6c90
0x00007efe0091de10:   00007efdc4af5800 00000000f6fec000
0x00007efe0091de20:   00007efdc4af5800 0000000100000208
0x00007efe0091de30:   00007efe0091de60 00007efe2001e5d6
0x00007efe0091de40:   0000000000000001 0000000000000000
0x00007efe0091de50:   00000000f6fe6788 00007efe0091e058
0x00007efe0091de60:   00000000d3679e50 00007efe0906c547
0x00007efe0091de70:   0000000000000001 00007efe091e5d3e
0x00007efe0091de80:   00000000f6d6cd80 f6fe678800000001
0x00007efe0091de90:   0000000000000003 00000000f34c6c90
0x00007efe0091dea0:   000000000000b0eb 00000000f6fe6788
0x00007efe0091deb0:   00007efe0091df80 00007efe09803ea4
0x00007efe0091dec0:   00000000f6d6cd68 00007efe0906c547
0x00007efe0091ded0:   00007efe0091df80 00007efe09b48c84
0x00007efe0091dee0:   f6fd5e8800002c34 000000000000587f
0x00007efe0091def0:   00000000f34c6c90 00007efd90014008
0x00007efe0091df00:   00000000f6d6cd80 00007efd0000583a
0x00007efe0091df10:   00007efe0091df80 00007efe09008114
0x00007efe0091df20:   00007efe09008114 000000000000000f
0x00007efe0091df30:   00000000f2f91988 00000000f6d6cd80 

Instructions: (pc=0x00007efe20e42d44)
0x00007efe20e42d24:   f0 02 00 00 00 00 00 00 b8 82 00 00 00 e9 d8 f9
0x00007efe20e42d34:   ff ff 66 2e 0f 1f 84 00 00 00 00 00 48 83 ec 08
0x00007efe20e42d44:   8b 57 10 89 d1 81 e1 7f 01 00 00 90 89 d0 83 e0
0x00007efe20e42d54:   7c 0f 85 95 00 00 00 85 c9 49 89 f8 0f 85 9a 00 

Register to memory mapping:

RAX=0x0000000000000029 is an unknown value
RBX=0x000000000000000e is an unknown value
RCX=0x0000000000000000 is an unknown value
RDX=0x00007efdaa4e5400: <offset 0x33400> in /tmp/sqlite-3.16.1-5f83b774-12ba-422c-9765-c66e0f893445-libsqlitejdbc.so at 0x00007efdaa4b2000
RSP=0x00007efe0091dd40 is pointing into the stack for thread: 0x00007efdc4af5800
RBP=0x00007efd90014008 is an unknown value
RSI=0x000000000000000e is an unknown value
RDI=0x4220524544524f20 is an unknown value
R8 =0x000000000000586a is an unknown value
R9 =0x0000000000000000 is an unknown value
R10=0x0000000000000002 is an unknown value
R11=0x00007efdaa4deb10: <offset 0x2cb10> in /tmp/sqlite-3.16.1-5f83b774-12ba-422c-9765-c66e0f893445-libsqlitejdbc.so at 0x00007efdaa4b2000
R12=0x0000000000000000 is an unknown value
R13=0x0000000000000029 is an unknown value
R14=0x00007efd90010e08 is an unknown value
R15=0x00007efdaa4e5400: <offset 0x33400> in /tmp/sqlite-3.16.1-5f83b774-12ba-422c-9765-c66e0f893445-libsqlitejdbc.so at 0x00007efdaa4b2000


Stack: [0x00007efe00821000,0x00007efe00922000],  sp=0x00007efe0091dd40,  free space=1011k
Native frames: (J=compiled Java code, j=interpreted, Vv=VM code, C=native code)
C  [libpthread.so.0+0x9d44]  pthread_mutex_lock+0x4

Java frames: (J=compiled Java code, j=interpreted, Vv=VM code)
J 4575  org.sqlite.core.NativeDB.column_name_utf8(JI)[B (0 bytes) @ 0x00007efe098042d8 [0x00007efe098042a0+0x38]
J 4576 C1 org.sqlite.core.NativeDB.column_name(JI)Ljava/lang/String; (10 bytes) @ 0x00007efe098049c4 [0x00007efe09804800+0x1c4]
J 4578 C1 org.sqlite.jdbc3.JDBC3ResultSet.getColumnName(I)Ljava/lang/String; (20 bytes) @ 0x00007efe09803ea4 [0x00007efe09803ce0+0x1c4]
j  DbfReader.SQLiteController.jsonSortedCol(Ljava/lang/String;IILjava/lang/String;ILjava/lang/String;Ljavax/servlet/http/HttpServletRequest;)Ljava/lang/String;+1014
j  DbfReader.DBFController.api(ILjava/lang/String;Ljava/lang/String;IIILjava/lang/String;Ljava/lang/String;Ljava/lang/String;Ljavax/servlet/http/HttpServletRequest;)Ljava/lang/String;+133
v  ~StubRoutines::call_stub
J 2195  sun.reflect.NativeMethodAccessorImpl.invoke0(Ljava/lang/reflect/Method;Ljava/lang/Object;[Ljava/lang/Object;)Ljava/lang/Object; (0 bytes) @ 0x00007efe092a7af7 [0x00007efe092a7a80+0x77]
J 2194 C1 sun.reflect.NativeMethodAccessorImpl.invoke(Ljava/lang/Object;[Ljava/lang/Object;)Ljava/lang/Object; (104 bytes) @ 0x00007efe0973554c [0x00007efe097343c0+0x118c]
J 3711 C2 sun.reflect.DelegatingMethodAccessorImpl.invoke(Ljava/lang/Object;[Ljava/lang/Object;)Ljava/lang/Object; (10 bytes) @ 0x00007efe09199964 [0x00007efe09199920+0x44]
J 1274 C1 java.lang.reflect.Method.invoke(Ljava/lang/Object;[Ljava/lang/Object;)Ljava/lang/Object; (62 bytes) @ 0x00007efe0945030c [0x00007efe0944ff20+0x3ec]
j  org.springframework.web.method.support.InvocableHandlerMethod.doInvoke([Ljava/lang/Object;)Ljava/lang/Object;+16
j  org.springframework.web.method.support.InvocableHandlerMethod.invokeForRequest(Lorg/springframework/web/context/request/NativeWebRequest;Lorg/springframework/web/method/support/ModelAndViewContainer;[Ljava/lang/Object;)Ljava/lang/Object;+75
j  org.springframework.web.servlet.mvc.method.annotation.ServletInvocableHandlerMethod.invokeAndHandle(Lorg/springframework/web/context/request/ServletWebRequest;Lorg/springframework/web/method/support/ModelAndViewContainer;[Ljava/lang/Object;)V+4
j  org.springframework.web.servlet.mvc.method.annotation.RequestMappingHandlerAdapter.invokeHandlerMethod(Ljavax/servlet/http/HttpServletRequest;Ljavax/servlet/http/HttpServletResponse;Lorg/springframework/web/method/HandlerMethod;)Lorg/springframework/web/servlet/ModelAndView;+262
j  org.springframework.web.servlet.mvc.method.annotation.RequestMappingHandlerAdapter.handleInternal(Ljavax/servlet/http/HttpServletRequest;Ljavax/servlet/http/HttpServletResponse;Lorg/springframework/web/method/HandlerMethod;)Lorg/springframework/web/servlet/ModelAndView;+81
j  org.springframework.web.servlet.mvc.method.AbstractHandlerMethodAdapter.handle(Ljavax/servlet/http/HttpServletRequest;Ljavax/servlet/http/HttpServletResponse;Ljava/lang/Object;)Lorg/springframework/web/servlet/ModelAndView;+7
j  org.springframework.web.servlet.DispatcherServlet.doDispatch(Ljavax/servlet/http/HttpServletRequest;Ljavax/servlet/http/HttpServletResponse;)V+318
j  org.springframework.web.servlet.DispatcherServlet.doService(Ljavax/servlet/http/HttpServletRequest;Ljavax/servlet/http/HttpServletResponse;)V+301
j  org.springframework.web.servlet.FrameworkServlet.processRequest(Ljavax/servlet/http/HttpServletRequest;Ljavax/servlet/http/HttpServletResponse;)V+71
j  org.springframework.web.servlet.FrameworkServlet.doGet(Ljavax/servlet/http/HttpServletRequest;Ljavax/servlet/http/HttpServletResponse;)V+3
j  javax.servlet.http.HttpServlet.service(Ljavax/servlet/http/HttpServletRequest;Ljavax/servlet/http/HttpServletResponse;)V+35
j  org.springframework.web.servlet.FrameworkServlet.service(Ljavax/servlet/http/HttpServletRequest;Ljavax/servlet/http/HttpServletResponse;)V+33
j  javax.servlet.http.HttpServlet.service(Ljavax/servlet/ServletRequest;Ljavax/servlet/ServletResponse;)V+30
j  org.eclipse.jetty.servlet.ServletHolder.handle(Lorg/eclipse/jetty/server/Request;Ljavax/servlet/ServletRequest;Ljavax/servlet/ServletResponse;)V+129
j  org.eclipse.jetty.servlet.ServletHandler$CachedChain.doFilter(Ljavax/servlet/ServletRequest;Ljavax/servlet/ServletResponse;)V+214
j  org.eclipse.jetty.websocket.server.WebSocketUpgradeFilter.doFilter(Ljavax/servlet/ServletRequest;Ljavax/servlet/ServletResponse;Ljavax/servlet/FilterChain;)V+117
j  org.eclipse.jetty.servlet.ServletHandler$CachedChain.doFilter(Ljavax/servlet/ServletRequest;Ljavax/servlet/ServletResponse;)V+126
j  org.springframework.boot.web.filter.ApplicationContextHeaderFilter.doFilterInternal(Ljavax/servlet/http/HttpServletRequest;Ljavax/servlet/http/HttpServletResponse;Ljavax/servlet/FilterChain;)V+20
j  org.springframework.web.filter.OncePerRequestFilter.doFilter(Ljavax/servlet/ServletRequest;Ljavax/servlet/ServletResponse;Ljavax/servlet/FilterChain;)V+111
j  org.eclipse.jetty.servlet.ServletHandler$CachedChain.doFilter(Ljavax/servlet/ServletRequest;Ljavax/servlet/ServletResponse;)V+126
j  org.springframework.boot.actuate.trace.WebRequestTraceFilter.doFilterInternal(Ljavax/servlet/http/HttpServletRequest;Ljavax/servlet/http/HttpServletResponse;Ljavax/servlet/FilterChain;)V+25
j  org.springframework.web.filter.OncePerRequestFilter.doFilter(Ljavax/servlet/ServletRequest;Ljavax/servlet/ServletResponse;Ljavax/servlet/FilterChain;)V+111
j  org.eclipse.jetty.servlet.ServletHandler$CachedChain.doFilter(Ljavax/servlet/ServletRequest;Ljavax/servlet/ServletResponse;)V+126
j  org.springframework.web.filter.RequestContextFilter.doFilterInternal(Ljavax/servlet/http/HttpServletRequest;Ljavax/servlet/http/HttpServletResponse;Ljavax/servlet/FilterChain;)V+21
j  org.springframework.web.filter.OncePerRequestFilter.doFilter(Ljavax/servlet/ServletRequest;Ljavax/servlet/ServletResponse;Ljavax/servlet/FilterChain;)V+111
j  org.eclipse.jetty.servlet.ServletHandler$CachedChain.doFilter(Ljavax/servlet/ServletRequest;Ljavax/servlet/ServletResponse;)V+126
j  org.springframework.web.filter.HttpPutFormContentFilter.doFilterInternal(Ljavax/servlet/http/HttpServletRequest;Ljavax/servlet/http/HttpServletResponse;Ljavax/servlet/FilterChain;)V+87
j  org.springframework.web.filter.OncePerRequestFilter.doFilter(Ljavax/servlet/ServletRequest;Ljavax/servlet/ServletResponse;Ljavax/servlet/FilterChain;)V+111
j  org.eclipse.jetty.servlet.ServletHandler$CachedChain.doFilter(Ljavax/servlet/ServletRequest;Ljavax/servlet/ServletResponse;)V+126
j  org.springframework.web.filter.HiddenHttpMethodFilter.doFilterInternal(Ljavax/servlet/http/HttpServletRequest;Ljavax/servlet/http/HttpServletResponse;Ljavax/servlet/FilterChain;)V+64
j  org.springframework.web.filter.OncePerRequestFilter.doFilter(Ljavax/servlet/ServletRequest;Ljavax/servlet/ServletResponse;Ljavax/servlet/FilterChain;)V+111
j  org.eclipse.jetty.servlet.ServletHandler$CachedChain.doFilter(Ljavax/servlet/ServletRequest;Ljavax/servlet/ServletResponse;)V+126
j  org.springframework.web.filter.CharacterEncodingFilter.doFilterInternal(Ljavax/servlet/http/HttpServletRequest;Ljavax/servlet/http/HttpServletResponse;Ljavax/servlet/FilterChain;)V+53
j  org.springframework.web.filter.OncePerRequestFilter.doFilter(Ljavax/servlet/ServletRequest;Ljavax/servlet/ServletResponse;Ljavax/servlet/FilterChain;)V+111
j  org.eclipse.jetty.servlet.ServletHandler$CachedChain.doFilter(Ljavax/servlet/ServletRequest;Ljavax/servlet/ServletResponse;)V+126
j  org.springframework.boot.actuate.autoconfigure.MetricsFilter.doFilterInternal(Ljavax/servlet/http/HttpServletRequest;Ljavax/servlet/http/HttpServletResponse;Ljavax/servlet/FilterChain;)V+31
j  org.springframework.web.filter.OncePerRequestFilter.doFilter(Ljavax/servlet/ServletRequest;Ljavax/servlet/ServletResponse;Ljavax/servlet/FilterChain;)V+111
j  org.eclipse.jetty.servlet.ServletHandler$CachedChain.doFilter(Ljavax/servlet/ServletRequest;Ljavax/servlet/ServletResponse;)V+126
j  org.eclipse.jetty.servlet.ServletHandler.doHandle(Ljava/lang/String;Lorg/eclipse/jetty/server/Request;Ljavax/servlet/http/HttpServletRequest;Ljavax/servlet/http/HttpServletResponse;)V+194
j  org.eclipse.jetty.server.handler.ScopedHandler.handle(Ljava/lang/String;Lorg/eclipse/jetty/server/Request;Ljavax/servlet/http/HttpServletRequest;Ljavax/servlet/http/HttpServletResponse;)V+32
j  org.eclipse.jetty.security.SecurityHandler.handle(Ljava/lang/String;Lorg/eclipse/jetty/server/Request;Ljavax/servlet/http/HttpServletRequest;Ljavax/servlet/http/HttpServletResponse;)V+553
j  org.eclipse.jetty.server.handler.HandlerWrapper.handle(Ljava/lang/String;Lorg/eclipse/jetty/server/Request;Ljavax/servlet/http/HttpServletRequest;Ljavax/servlet/http/HttpServletResponse;)V+18
j  org.eclipse.jetty.server.handler.ScopedHandler.nextHandle(Ljava/lang/String;Lorg/eclipse/jetty/server/Request;Ljavax/servlet/http/HttpServletRequest;Ljavax/servlet/http/HttpServletResponse;)V+46
j  org.eclipse.jetty.server.session.SessionHandler.doHandle(Ljava/lang/String;Lorg/eclipse/jetty/server/Request;Ljavax/servlet/http/HttpServletRequest;Ljavax/servlet/http/HttpServletResponse;)V+6
j  org.eclipse.jetty.server.handler.ScopedHandler.nextHandle(Ljava/lang/String;Lorg/eclipse/jetty/server/Request;Ljavax/servlet/http/HttpServletRequest;Ljavax/servlet/http/HttpServletResponse;)V+27
j  org.eclipse.jetty.server.handler.ContextHandler.doHandle(Ljava/lang/String;Lorg/eclipse/jetty/server/Request;Ljavax/servlet/http/HttpServletRequest;Ljavax/servlet/http/HttpServletResponse;)V+141
j  org.eclipse.jetty.server.handler.ScopedHandler.nextScope(Ljava/lang/String;Lorg/eclipse/jetty/server/Request;Ljavax/servlet/http/HttpServletRequest;Ljavax/servlet/http/HttpServletResponse;)V+38
j  org.eclipse.jetty.servlet.ServletHandler.doScope(Ljava/lang/String;Lorg/eclipse/jetty/server/Request;Ljavax/servlet/http/HttpServletRequest;Ljavax/servlet/http/HttpServletResponse;)V+207
j  org.eclipse.jetty.server.session.SessionHandler.doScope(Ljava/lang/String;Lorg/eclipse/jetty/server/Request;Ljavax/servlet/http/HttpServletRequest;Ljavax/servlet/http/HttpServletResponse;)V+206
j  org.eclipse.jetty.server.handler.ScopedHandler.nextScope(Ljava/lang/String;Lorg/eclipse/jetty/server/Request;Ljavax/servlet/http/HttpServletRequest;Ljavax/servlet/http/HttpServletResponse;)V+16
j  org.eclipse.jetty.server.handler.ContextHandler.doScope(Ljava/lang/String;Lorg/eclipse/jetty/server/Request;Ljavax/servlet/http/HttpServletRequest;Ljavax/servlet/http/HttpServletResponse;)V+424
j  org.eclipse.jetty.server.handler.ScopedHandler.handle(Ljava/lang/String;Lorg/eclipse/jetty/server/Request;Ljavax/servlet/http/HttpServletRequest;Ljavax/servlet/http/HttpServletResponse;)V+20
j  org.eclipse.jetty.server.handler.HandlerWrapper.handle(Ljava/lang/String;Lorg/eclipse/jetty/server/Request;Ljavax/servlet/http/HttpServletRequest;Ljavax/servlet/http/HttpServletResponse;)V+18
j  org.eclipse.jetty.server.Server.handle(Lorg/eclipse/jetty/server/HttpChannel;)V+141
j  org.eclipse.jetty.server.HttpChannel.handle()Z+313
j  org.eclipse.jetty.server.HttpConnection.onFillable()V+127
j  org.eclipse.jetty.io.AbstractConnection$ReadCallback.succeeded()V+4
j  org.eclipse.jetty.io.FillInterest.fillable()V+61
j  org.eclipse.jetty.io.ChannelEndPoint$2.run()V+7
j  org.eclipse.jetty.util.thread.QueuedThreadPool.runJob(Ljava/lang/Runnable;)V+1
j  org.eclipse.jetty.util.thread.QueuedThreadPool$2.run()V+104
j  java.lang.Thread.run()V+11
v  ~StubRoutines::call_stub

---------------  P R O C E S S  ---------------

Java Threads: ( => current thread )
  0x00007efd98001800 JavaThread "qtp621543103-43" [_thread_blocked, id=12915, stack(0x00007efe02709000,0x00007efe0280a000)]
  0x00007efdd0003800 JavaThread "qtp621543103-40" [_thread_blocked, id=12841, stack(0x00007efdaa3b1000,0x00007efdaa4b2000)]
  0x00007efdbc023000 JavaThread "Scheduler-988481006" [_thread_blocked, id=12400, stack(0x00007efe02608000,0x00007efe02709000)]
  0x00007efe18011800 JavaThread "DestroyJavaVM" [_thread_blocked, id=12166, stack(0x00007efe21157000,0x00007efe21258000)]
  0x00007efdc4fbd800 JavaThread "Live Reload Server" daemon [_thread_in_native, id=12208, stack(0x00007efdaa999000,0x00007efdaaa9a000)]
  0x00007efdc4fb7000 JavaThread "File Watcher" daemon [_thread_blocked, id=12206, stack(0x00007efdaaa9a000,0x00007efdaab9b000)]
  0x00007efdc4478800 JavaThread "HttpClient@1150739804-32" [_thread_blocked, id=12205, stack(0x00007efdaaf9b000,0x00007efdab09c000)]
  0x00007efdc4476800 JavaThread "HttpClient@1150739804-31" [_thread_blocked, id=12204, stack(0x00007efdab09c000,0x00007efdab19d000)]
  0x00007efdc4475000 JavaThread "HttpClient@1150739804-30" [_thread_blocked, id=12203, stack(0x00007efdab19d000,0x00007efdab29e000)]
  0x00007efdc4473000 JavaThread "HttpClient@1150739804-29" [_thread_blocked, id=12202, stack(0x00007efdab29e000,0x00007efdab39f000)]
  0x00007efdc4471800 JavaThread "HttpClient@1150739804-28-lowPrioritySelector" [_thread_blocked, id=12201, stack(0x00007efdab39f000,0x00007efdab4a0000)]
  0x00007efdc4470000 JavaThread "HttpClient@1150739804-27-lowPrioritySelector" [_thread_blocked, id=12200, stack(0x00007efdab4a0000,0x00007efdab5a1000)]
  0x00007efdc446e000 JavaThread "HttpClient@1150739804-26" [_thread_in_native, id=12199, stack(0x00007efdab5a1000,0x00007efdab6a2000)]
  0x00007efdc4466800 JavaThread "HttpClient@1150739804-25" [_thread_in_native, id=12198, stack(0x00007efdab6a2000,0x00007efdab7a3000)]
  0x00007efdc4b48000 JavaThread "Scheduler-1662076377" [_thread_blocked, id=12197, stack(0x00007efe000a5000,0x00007efe001a6000)]
  0x00007efdc4afc800 JavaThread "qtp621543103-22" [_thread_blocked, id=12196, stack(0x00007efe001a6000,0x00007efe002a7000)]
  0x00007efdc4afa800 JavaThread "qtp621543103-21" [_thread_in_native, id=12195, stack(0x00007efe002a7000,0x00007efe003a8000)]
  0x00007efdc4af9000 JavaThread "qtp621543103-20" [_thread_in_native, id=12194, stack(0x00007efe003a8000,0x00007efe004a9000)]
  0x00007efdc4af7000 JavaThread "qtp621543103-19-acceptor-0@487d46a5-ServerConnector@59c80192{HTTP/1.1,[http/1.1]}{0.0.0.0:8080}" [_thread_in_native, id=12193, stack(0x00007efe004a9000,0x00007efe005aa000)]
=>0x00007efdc4af5800 JavaThread "qtp621543103-18" [_thread_in_native, id=12192, stack(0x00007efe00821000,0x00007efe00922000)]
  0x00007efdc4af4000 JavaThread "qtp621543103-17-lowPrioritySelector" [_thread_blocked, id=12191, stack(0x00007efe00922000,0x00007efe00a23000)]
  0x00007efdc4af3000 JavaThread "qtp621543103-16" [_thread_in_native, id=12190, stack(0x00007efe014e0000,0x00007efe015e1000)]
  0x00007efdc4af2000 JavaThread "qtp621543103-15-lowPrioritySelector" [_thread_blocked, id=12189, stack(0x00007efe01de6000,0x00007efe01ee7000)]
  0x00007efe180d2000 JavaThread "Service Thread" daemon [_thread_blocked, id=12181, stack(0x00007efe02bf5000,0x00007efe02cf6000)]
  0x00007efe180c5800 JavaThread "C1 CompilerThread2" daemon [_thread_blocked, id=12180, stack(0x00007efe02cf6000,0x00007efe02df7000)]
  0x00007efe180c3800 JavaThread "C2 CompilerThread1" daemon [_thread_in_native, id=12179, stack(0x00007efe02df7000,0x00007efe02ef8000)]
  0x00007efe180c0800 JavaThread "C2 CompilerThread0" daemon [_thread_blocked, id=12178, stack(0x00007efe02ef8000,0x00007efe02ff9000)]
  0x00007efe180bc800 JavaThread "Signal Dispatcher" daemon [_thread_blocked, id=12177, stack(0x00007efe02ff9000,0x00007efe030fa000)]
  0x00007efe1808b800 JavaThread "Finalizer" daemon [_thread_blocked, id=12176, stack(0x00007efe033d3000,0x00007efe034d4000)]
  0x00007efe18086800 JavaThread "Reference Handler" daemon [_thread_blocked, id=12175, stack(0x00007efe034d4000,0x00007efe035d5000)]

Other Threads:
  0x00007efe1807f000 VMThread [stack: 0x00007efe035d5000,0x00007efe036d6000] [id=12174]
  0x00007efe180d5800 WatcherThread [stack: 0x00007efe02af4000,0x00007efe02bf5000] [id=12182]

VM state:not at safepoint (normal execution)

VM Mutex/Monitor currently owned by a thread: None

Heap:
 PSYoungGen      total 180224K, used 136755K [0x00000000f1200000, 0x00000000ffe80000, 0x0000000100000000)
  eden space 119296K, 81% used [0x00000000f1200000,0x00000000f7130e50,0x00000000f8680000)
  from space 60928K, 64% used [0x00000000fc300000,0x00000000fe95c160,0x00000000ffe80000)
  to   space 61440K, 0% used [0x00000000f8680000,0x00000000f8680000,0x00000000fc280000)
 ParOldGen       total 462336K, used 337490K [0x00000000d3600000, 0x00000000ef980000, 0x00000000f1200000)
  object space 462336K, 72% used [0x00000000d3600000,0x00000000e7f94b70,0x00000000ef980000)
 Metaspace       used 40499K, capacity 41182K, committed 41344K, reserved 1085440K
  class space    used 5033K, capacity 5224K, committed 5248K, reserved 1048576K

Card table byte_map: [0x00007efe1dd98000,0x00007efe1defe000] byte_map_base: 0x00007efe1d6fd000

Marking Bits: (ParMarkBitMap*) 0x00007efe20628c80
 Begin Bits: [0x00007efe1c256000, 0x00007efe1cd7e000)
 End Bits:   [0x00007efe1cd7e000, 0x00007efe1d8a6000)

Polling page: 0x00007efe21278000

CodeCache: size=245760Kb used=14459Kb max_used=15157Kb free=231300Kb
 bounds [0x00007efe09000000, 0x00007efe09f40000, 0x00007efe18000000]
 total_blobs=4517 nmethods=3816 adapters=613
 compilation: enabled

Compilation events (10 events):
Event: 642,230 Thread 0x00007efe180c5800 nmethod 4579 0x00007efe0918bf50 code [0x00007efe0918c0e0, 0x00007efe0918c4d8]
Event: 642,231 Thread 0x00007efe180c5800 4582       3       org.sqlite.jdbc3.JDBC3ResultSet::getString (20 bytes)
Event: 642,232 Thread 0x00007efe180c5800 nmethod 4582 0x00007efe099dced0 code [0x00007efe099dd080, 0x00007efe099dd648]
Event: 642,232 Thread 0x00007efe180c5800 4584  s    3       org.sqlite.core.NativeDB::column_text (10 bytes)
Event: 642,233 Thread 0x00007efe180c5800 nmethod 4584 0x00007efe099dc3d0 code [0x00007efe099dc580, 0x00007efe099dcba8]
Event: 642,294 Thread 0x00007efe180c3800 4585   !   4       org.springframework.core.annotation.AnnotatedElementUtils::searchWithFindSemantics (720 bytes)
Event: 642,296 Thread 0x00007efe180c5800 4586       3       java.nio.Buffer::flip (20 bytes)
Event: 642,296 Thread 0x00007efe180c5800 nmethod 4586 0x00007efe0918bc10 code [0x00007efe0918bd60, 0x00007efe0918bed0]
Event: 642,296 Thread 0x00007efe180c5800 4587       3       java.util.concurrent.locks.ReentrantLock$Sync::isHeldExclusively (16 bytes)
Event: 642,296 Thread 0x00007efe180c5800 nmethod 4587 0x00007efe099dbf90 code [0x00007efe099dc100, 0x00007efe099dc350]

GC Heap History (10 events):
Event: 333,086 GC heap before
{Heap before GC invocations=463 (full 29):
 PSYoungGen      total 179712K, used 157047K [0x00000000f1200000, 0x0000000100000000, 0x0000000100000000)
  eden space 117248K, 100% used [0x00000000f1200000,0x00000000f8480000,0x00000000f8480000)
  from space 62464K, 63% used [0x00000000f8480000,0x00000000fab5de60,0x00000000fc180000)
  to   space 61952K, 0% used [0x00000000fc380000,0x00000000fc380000,0x0000000100000000)
 ParOldGen       total 462336K, used 259948K [0x00000000d3600000, 0x00000000ef980000, 0x00000000f1200000)
  object space 462336K, 56% used [0x00000000d3600000,0x00000000e33db2d0,0x00000000ef980000)
 Metaspace       used 40407K, capacity 41108K, committed 41344K, reserved 1085440K
  class space    used 5028K, capacity 5221K, committed 5248K, reserved 1048576K
Event: 333,136 GC heap after
Heap after GC invocations=463 (full 29):
 PSYoungGen      total 178688K, used 46462K [0x00000000f1200000, 0x00000000ffd80000, 0x0000000100000000)
  eden space 119296K, 0% used [0x00000000f1200000,0x00000000f1200000,0x00000000f8680000)
  from space 59392K, 78% used [0x00000000fc380000,0x00000000ff0dfab0,0x00000000ffd80000)
  to   space 60928K, 0% used [0x00000000f8680000,0x00000000f8680000,0x00000000fc200000)
 ParOldGen       total 462336K, used 259948K [0x00000000d3600000, 0x00000000ef980000, 0x00000000f1200000)
  object space 462336K, 56% used [0x00000000d3600000,0x00000000e33db2d0,0x00000000ef980000)
 Metaspace       used 40407K, capacity 41108K, committed 41344K, reserved 1085440K
  class space    used 5028K, capacity 5221K, committed 5248K, reserved 1048576K
}
Event: 333,492 GC heap before
{Heap before GC invocations=464 (full 29):
 PSYoungGen      total 178688K, used 165758K [0x00000000f1200000, 0x00000000ffd80000, 0x0000000100000000)
  eden space 119296K, 100% used [0x00000000f1200000,0x00000000f8680000,0x00000000f8680000)
  from space 59392K, 78% used [0x00000000fc380000,0x00000000ff0dfab0,0x00000000ffd80000)
  to   space 60928K, 0% used [0x00000000f8680000,0x00000000f8680000,0x00000000fc200000)
 ParOldGen       total 462336K, used 259948K [0x00000000d3600000, 0x00000000ef980000, 0x00000000f1200000)
  object space 462336K, 56% used [0x00000000d3600000,0x00000000e33db2d0,0x00000000ef980000)
 Metaspace       used 40407K, capacity 41108K, committed 41344K, reserved 1085440K
  class space    used 5028K, capacity 5221K, committed 5248K, reserved 1048576K
Event: 333,556 GC heap after
Heap after GC invocations=464 (full 29):
 PSYoungGen      total 180224K, used 52343K [0x00000000f1200000, 0x0000000100000000, 0x0000000100000000)
  eden space 119296K, 0% used [0x00000000f1200000,0x00000000f1200000,0x00000000f8680000)
  from space 60928K, 85% used [0x00000000f8680000,0x00000000fb99de60,0x00000000fc200000)
  to   space 61952K, 0% used [0x00000000fc380000,0x00000000fc380000,0x0000000100000000)
 ParOldGen       total 462336K, used 266691K [0x00000000d3600000, 0x00000000ef980000, 0x00000000f1200000)
  object space 462336K, 57% used [0x00000000d3600000,0x00000000e3a70f20,0x00000000ef980000)
 Metaspace       used 40407K, capacity 41108K, committed 41344K, reserved 1085440K
  class space    used 5028K, capacity 5221K, committed 5248K, reserved 1048576K
}
Event: 333,911 GC heap before
{Heap before GC invocations=465 (full 29):
 PSYoungGen      total 180224K, used 171639K [0x00000000f1200000, 0x0000000100000000, 0x0000000100000000)
  eden space 119296K, 100% used [0x00000000f1200000,0x00000000f8680000,0x00000000f8680000)
  from space 60928K, 85% used [0x00000000f8680000,0x00000000fb99de60,0x00000000fc200000)
  to   space 61952K, 0% used [0x00000000fc380000,0x00000000fc380000,0x0000000100000000)
 ParOldGen       total 462336K, used 266691K [0x00000000d3600000, 0x00000000ef980000, 0x00000000f1200000)
  object space 462336K, 57% used [0x00000000d3600000,0x00000000e3a70f20,0x00000000ef980000)
 Metaspace       used 40407K, capacity 41108K, committed 41344K, reserved 1085440K
  class space    used 5028K, capacity 5221K, committed 5248K, reserved 1048576K
Event: 334,023 GC heap after
Heap after GC invocations=465 (full 29):
 PSYoungGen      total 180736K, used 51671K [0x00000000f1200000, 0x0000000100000000, 0x0000000100000000)
  eden space 118784K, 0% used [0x00000000f1200000,0x00000000f1200000,0x00000000f8600000)
  from space 61952K, 83% used [0x00000000fc380000,0x00000000ff5f5e60,0x0000000100000000)
  to   space 62464K, 0% used [0x00000000f8600000,0x00000000f8600000,0x00000000fc300000)
 ParOldGen       total 462336K, used 318090K [0x00000000d3600000, 0x00000000ef980000, 0x00000000f1200000)
  object space 462336K, 68% used [0x00000000d3600000,0x00000000e6ca2b70,0x00000000ef980000)
 Metaspace       used 40407K, capacity 41108K, committed 41344K, reserved 1085440K
  class space    used 5028K, capacity 5221K, committed 5248K, reserved 1048576K
}
Event: 334,380 GC heap before
{Heap before GC invocations=466 (full 29):
 PSYoungGen      total 180736K, used 170455K [0x00000000f1200000, 0x0000000100000000, 0x0000000100000000)
  eden space 118784K, 100% used [0x00000000f1200000,0x00000000f8600000,0x00000000f8600000)
  from space 61952K, 83% used [0x00000000fc380000,0x00000000ff5f5e60,0x0000000100000000)
  to   space 62464K, 0% used [0x00000000f8600000,0x00000000f8600000,0x00000000fc300000)
 ParOldGen       total 462336K, used 318090K [0x00000000d3600000, 0x00000000ef980000, 0x00000000f1200000)
  object space 462336K, 68% used [0x00000000d3600000,0x00000000e6ca2b70,0x00000000ef980000)
 Metaspace       used 40407K, capacity 41108K, committed 41344K, reserved 1085440K
  class space    used 5028K, capacity 5221K, committed 5248K, reserved 1048576K
Event: 334,443 GC heap after
Heap after GC invocations=466 (full 29):
 PSYoungGen      total 181248K, used 39767K [0x00000000f1200000, 0x00000000fff80000, 0x0000000100000000)
  eden space 118784K, 0% used [0x00000000f1200000,0x00000000f1200000,0x00000000f8600000)
  from space 62464K, 63% used [0x00000000f8600000,0x00000000facd5e60,0x00000000fc300000)
  to   space 61952K, 0% used [0x00000000fc300000,0x00000000fc300000,0x00000000fff80000)
 ParOldGen       total 462336K, used 337490K [0x00000000d3600000, 0x00000000ef980000, 0x00000000f1200000)
  object space 462336K, 72% used [0x00000000d3600000,0x00000000e7f94b70,0x00000000ef980000)
 Metaspace       used 40407K, capacity 41108K, committed 41344K, reserved 1085440K
  class space    used 5028K, capacity 5221K, committed 5248K, reserved 1048576K
}
Event: 334,856 GC heap before
{Heap before GC invocations=467 (full 29):
 PSYoungGen      total 181248K, used 158551K [0x00000000f1200000, 0x00000000fff80000, 0x0000000100000000)
  eden space 118784K, 100% used [0x00000000f1200000,0x00000000f8600000,0x00000000f8600000)
  from space 62464K, 63% used [0x00000000f8600000,0x00000000facd5e60,0x00000000fc300000)
  to   space 61952K, 0% used [0x00000000fc300000,0x00000000fc300000,0x00000000fff80000)
 ParOldGen       total 462336K, used 337490K [0x00000000d3600000, 0x00000000ef980000, 0x00000000f1200000)
  object space 462336K, 72% used [0x00000000d3600000,0x00000000e7f94b70,0x00000000ef980000)
 Metaspace       used 40407K, capacity 41108K, committed 41344K, reserved 1085440K
  class space    used 5028K, capacity 5221K, committed 5248K, reserved 1048576K
Event: 334,902 GC heap after
Heap after GC invocations=467 (full 29):
 PSYoungGen      total 180224K, used 39280K [0x00000000f1200000, 0x00000000ffe80000, 0x0000000100000000)
  eden space 119296K, 0% used [0x00000000f1200000,0x00000000f1200000,0x00000000f8680000)
  from space 60928K, 64% used [0x00000000fc300000,0x00000000fe95c160,0x00000000ffe80000)
  to   space 61440K, 0% used [0x00000000f8680000,0x00000000f8680000,0x00000000fc280000)
 ParOldGen       total 462336K, used 337490K [0x00000000d3600000, 0x00000000ef980000, 0x00000000f1200000)
  object space 462336K, 72% used [0x00000000d3600000,0x00000000e7f94b70,0x00000000ef980000)
 Metaspace       used 40407K, capacity 41108K, committed 41344K, reserved 1085440K
  class space    used 5028K, capacity 5221K, committed 5248K, reserved 1048576K
}

Deoptimization events (10 events):
Event: 105,566 Thread 0x00007efdc4afa800 Uncommon trap: reason=class_check action=maybe_recompile pc=0x00007efe094d8f10 method=java.util.regex.Pattern$CharProperty$1.isSatisfiedBy(I)Z @ 5
Event: 105,566 Thread 0x00007efdc4afa800 Uncommon trap: reason=class_check action=maybe_recompile pc=0x00007efe094d8f10 method=java.util.regex.Pattern$CharProperty$1.isSatisfiedBy(I)Z @ 5
Event: 105,732 Thread 0x00007efdc4afa800 Uncommon trap: reason=unstable_if action=reinterpret pc=0x00007efe099fcbdc method=org.sqlite.SQLiteJDBCLoader.contentsEquals(Ljava/io/InputStream;Ljava/io/InputStream;)Z @ 39
Event: 106,274 Thread 0x00007efdc4afa800 Uncommon trap: reason=unstable_if action=reinterpret pc=0x00007efe099bb308 method=DbfReader.DBFManager.readNext()[Ljava/lang/String; @ 19
Event: 107,323 Thread 0x00007efe18086800 Uncommon trap: reason=unstable_if action=reinterpret pc=0x00007efe099c5910 method=java.lang.ref.Reference.tryHandlePending(Z)Z @ 20
Event: 111,535 Thread 0x00007efdc4afa800 Uncommon trap: reason=unstable_if action=reinterpret pc=0x00007efe09970d0c method=DbfReader.DBFController.saveDbfAsSqlite(Ljava/lang/String;Ljava/lang/String;)Ljava/lang/String; @ 347
Event: 335,089 Thread 0x00007efdc4afa800 Uncommon trap: reason=unstable_if action=reinterpret pc=0x00007efe099efca0 method=nl.knaw.dans.common.dbflib.Table.getRecordsAt(IIIZ)Ljava/util/List; @ 31
Event: 335,123 Thread 0x00007efdc4afa800 Uncommon trap: reason=unstable_if action=reinterpret pc=0x00007efe09af0acc method=DbfReader.DBFManager.readNext()[Ljava/lang/String; @ 8
Event: 335,123 Thread 0x00007efdc4afa800 Uncommon trap: reason=unstable_if action=reinterpret pc=0x00007efe093a9bfc method=DbfReader.DBFController.saveDbfAsSqlite(Ljava/lang/String;Ljava/lang/String;)Ljava/lang/String; @ 263
Event: 409,633 Thread 0x00007efdc4afa800 Uncommon trap: reason=unstable_if action=reinterpret pc=0x00007efe092cb7bc method=org.sqlite.core.DB.ensureAutoCommit()V @ 7

Internal exceptions (10 events):
Event: 14,496 Thread 0x00007efdd0002000 Exception <a 'java/lang/ClassNotFoundException': org/springframework/web/servlet/ThemeResolverCustomizer> (0x00000000fa05bcf8) thrown at [/HUDSON3/workspace/8-2-build-linux-amd64/jdk8u121/8372/hotspot/src/share/vm/classfile/systemDictionary.cpp, line 210]
Event: 14,501 Thread 0x00007efdd0002000 Exception <a 'java/lang/ClassNotFoundException': java/lang/ObjectCustomizer> (0x00000000fa07a968) thrown at [/HUDSON3/workspace/8-2-build-linux-amd64/jdk8u121/8372/hotspot/src/share/vm/classfile/systemDictionary.cpp, line 210]
Event: 14,502 Thread 0x00007efdd0002000 Exception <a 'java/lang/ClassNotFoundException': org/springframework/web/servlet/view/DefaultRequestToViewNameTranslatorCustomizer> (0x00000000fa09e978) thrown at [/HUDSON3/workspace/8-2-build-linux-amd64/jdk8u121/8372/hotspot/src/share/vm/classfile/syste
Event: 14,503 Thread 0x00007efdd0002000 Exception <a 'java/lang/ClassNotFoundException': org/springframework/web/servlet/RequestToViewNameTranslatorCustomizer> (0x00000000fa0cd808) thrown at [/HUDSON3/workspace/8-2-build-linux-amd64/jdk8u121/8372/hotspot/src/share/vm/classfile/systemDictionary.
Event: 14,509 Thread 0x00007efdd0002000 Exception <a 'java/lang/ClassNotFoundException': java/lang/ObjectCustomizer> (0x00000000fa0fd0b8) thrown at [/HUDSON3/workspace/8-2-build-linux-amd64/jdk8u121/8372/hotspot/src/share/vm/classfile/systemDictionary.cpp, line 210]
Event: 14,510 Thread 0x00007efdd0002000 Exception <a 'java/lang/ClassNotFoundException': org/springframework/web/servlet/support/AbstractFlashMapManagerCustomizer> (0x00000000fa11ebe8) thrown at [/HUDSON3/workspace/8-2-build-linux-amd64/jdk8u121/8372/hotspot/src/share/vm/classfile/systemDiction
Event: 14,511 Thread 0x00007efdd0002000 Exception <a 'java/lang/ClassNotFoundException': org/springframework/web/servlet/support/SessionFlashMapManagerCustomizer> (0x00000000fa1445d0) thrown at [/HUDSON3/workspace/8-2-build-linux-amd64/jdk8u121/8372/hotspot/src/share/vm/classfile/systemDictiona
Event: 14,512 Thread 0x00007efdd0002000 Exception <a 'java/lang/ClassNotFoundException': org/springframework/web/servlet/FlashMapManagerCustomizer> (0x00000000fa160cc8) thrown at [/HUDSON3/workspace/8-2-build-linux-amd64/jdk8u121/8372/hotspot/src/share/vm/classfile/systemDictionary.cpp, line 21
Event: 90,625 Thread 0x00007efdc4af9000 Implicit null exception at 0x00007efe09eed964 to 0x00007efe09ef6e41
Event: 105,469 Thread 0x00007efdc4afa800 Implicit null exception at 0x00007efe092028f5 to 0x00007efe09202c99

Events (10 events):
Event: 503,005 Thread 0x00007efd90002800 Thread added: 0x00007efd90002800
Event: 563,004 Thread 0x00007efd90001800 Thread exited: 0x00007efd90001800
Event: 599,604 Executing VM operation: RevokeBias
Event: 599,605 Executing VM operation: RevokeBias done
Event: 623,395 Thread 0x00007efd98001800 Thread added: 0x00007efd98001800
Event: 623,395 Thread 0x00007efd90002800 Thread exited: 0x00007efd90002800
Event: 641,127 loading class org/sqlite/SQLiteErrorCode
Event: 641,127 loading class org/sqlite/SQLiteErrorCode done
Event: 641,738 loading class java/sql/SQLWarning
Event: 641,859 loading class java/sql/SQLWarning done


Dynamic libraries:
00400000-00401000 r-xp 00000000 08:01 310143                             /usr/lib/jvm/java-8-oracle/bin/java
00600000-00601000 rw-p 00000000 08:01 310143                             /usr/lib/jvm/java-8-oracle/bin/java
01752000-01773000 rw-p 00000000 00:00 0                                  [heap]
d3600000-ef980000 rw-p 00000000 00:00 0 
ef980000-f1200000 ---p 00000000 00:00 0 
f1200000-ffe80000 rw-p 00000000 00:00 0 
ffe80000-100000000 ---p 00000000 00:00 0 
100000000-100520000 rw-p 00000000 00:00 0 
100520000-140000000 ---p 00000000 00:00 0 
7efd88000000-7efd8828d000 rw-p 00000000 00:00 0 
7efd8828d000-7efd8c000000 ---p 00000000 00:00 0 
7efd8c000000-7efd8c021000 rw-p 00000000 00:00 0 
7efd8c021000-7efd90000000 ---p 00000000 00:00 0 
7efd90000000-7efd90227000 rw-p 00000000 00:00 0 
7efd90227000-7efd94000000 ---p 00000000 00:00 0 
7efd94000000-7efd94021000 rw-p 00000000 00:00 0 
7efd94021000-7efd98000000 ---p 00000000 00:00 0 
7efd98000000-7efd98021000 rw-p 00000000 00:00 0 
7efd98021000-7efd9c000000 ---p 00000000 00:00 0 
7efd9c000000-7efd9c021000 rw-p 00000000 00:00 0 
7efd9c021000-7efda0000000 ---p 00000000 00:00 0 
7efda0000000-7efda0021000 rw-p 00000000 00:00 0 
7efda0021000-7efda4000000 ---p 00000000 00:00 0 
7efda4000000-7efda4220000 rw-p 00000000 00:00 0 
7efda4220000-7efda8000000 ---p 00000000 00:00 0 
7efda9495000-7efda9efa000 r--s 00000000 08:01 2624782                    /var/tmp/etilqs_b941b7193f0aeac9 (deleted)
7efdaa2b0000-7efdaa2b3000 ---p 00000000 00:00 0 
7efdaa2b3000-7efdaa3b1000 rw-p 00000000 00:00 0 
7efdaa3b1000-7efdaa3b4000 ---p 00000000 00:00 0 
7efdaa3b4000-7efdaa4b2000 rw-p 00000000 00:00 0 
7efdaa4b2000-7efdaa594000 r-xp 00000000 08:01 2237728                    /tmp/sqlite-3.16.1-5f83b774-12ba-422c-9765-c66e0f893445-libsqlitejdbc.so
7efdaa594000-7efdaa794000 ---p 000e2000 08:01 2237728                    /tmp/sqlite-3.16.1-5f83b774-12ba-422c-9765-c66e0f893445-libsqlitejdbc.so
7efdaa794000-7efdaa799000 rw-p 000e2000 08:01 2237728                    /tmp/sqlite-3.16.1-5f83b774-12ba-422c-9765-c66e0f893445-libsqlitejdbc.so
7efdaa799000-7efdaa8d9000 rw-p 00000000 00:00 0 
7efdaa8d9000-7efdaa999000 ---p 00000000 00:00 0 
7efdaa999000-7efdaa99c000 ---p 00000000 00:00 0 
7efdaa99c000-7efdaaa9a000 rw-p 00000000 00:00 0 
7efdaaa9a000-7efdaaa9d000 ---p 00000000 00:00 0 
7efdaaa9d000-7efdaad9b000 rw-p 00000000 00:00 0 
7efdaad9b000-7efdaaf9b000 rw-p 00000000 00:00 0 
7efdaaf9b000-7efdaaf9e000 ---p 00000000 00:00 0 
7efdaaf9e000-7efdab09c000 rw-p 00000000 00:00 0 
7efdab09c000-7efdab09f000 ---p 00000000 00:00 0 
7efdab09f000-7efdab19d000 rw-p 00000000 00:00 0 
7efdab19d000-7efdab1a0000 ---p 00000000 00:00 0 
7efdab1a0000-7efdab29e000 rw-p 00000000 00:00 0 
7efdab29e000-7efdab2a1000 ---p 00000000 00:00 0 
7efdab2a1000-7efdab39f000 rw-p 00000000 00:00 0 
7efdab39f000-7efdab3a2000 ---p 00000000 00:00 0 
7efdab3a2000-7efdab4a0000 rw-p 00000000 00:00 0 
7efdab4a0000-7efdab4a3000 ---p 00000000 00:00 0 
7efdab4a3000-7efdab5a1000 rw-p 00000000 00:00 0 
7efdab5a1000-7efdab5a4000 ---p 00000000 00:00 0 
7efdab5a4000-7efdab6a2000 rw-p 00000000 00:00 0 
7efdab6a2000-7efdab6a5000 ---p 00000000 00:00 0 
7efdab6a5000-7efdab9a3000 rw-p 00000000 00:00 0 
7efdab9a3000-7efdab9b9000 r-xp 00000000 08:01 791373                     /lib/x86_64-linux-gnu/libgcc_s.so.1
7efdab9b9000-7efdabbb8000 ---p 00016000 08:01 791373                     /lib/x86_64-linux-gnu/libgcc_s.so.1
7efdabbb8000-7efdabbb9000 rw-p 00015000 08:01 791373                     /lib/x86_64-linux-gnu/libgcc_s.so.1
7efdabbb9000-7efdabbeb000 r-xp 00000000 08:01 310234                     /usr/lib/jvm/java-8-oracle/jre/lib/amd64/libsunec.so
7efdabbeb000-7efdabdea000 ---p 00032000 08:01 310234                     /usr/lib/jvm/java-8-oracle/jre/lib/amd64/libsunec.so
7efdabdea000-7efdabdf0000 rw-p 00031000 08:01 310234                     /usr/lib/jvm/java-8-oracle/jre/lib/amd64/libsunec.so
7efdabdf0000-7efdac000000 rw-p 00000000 00:00 0 
7efdac000000-7efdac228000 rw-p 00000000 00:00 0 
7efdac228000-7efdb0000000 ---p 00000000 00:00 0 
7efdb0000000-7efdb046a000 rw-p 00000000 00:00 0 
7efdb046a000-7efdb4000000 ---p 00000000 00:00 0 
7efdb4000000-7efdb422a000 rw-p 00000000 00:00 0 
7efdb422a000-7efdb8000000 ---p 00000000 00:00 0 
7efdb8000000-7efdb8021000 rw-p 00000000 00:00 0 
7efdb8021000-7efdbc000000 ---p 00000000 00:00 0 
7efdbc000000-7efdbc087000 rw-p 00000000 00:00 0 
7efdbc087000-7efdc0000000 ---p 00000000 00:00 0 
7efdc0000000-7efdc0021000 rw-p 00000000 00:00 0 
7efdc0021000-7efdc4000000 ---p 00000000 00:00 0 
7efdc4000000-7efdc5016000 rw-p 00000000 00:00 0 
7efdc5016000-7efdc8000000 ---p 00000000 00:00 0 
7efdc8000000-7efdc82e5000 rw-p 00000000 00:00 0 
7efdc82e5000-7efdcc000000 ---p 00000000 00:00 0 
7efdcc000000-7efdcc021000 rw-p 00000000 00:00 0 
7efdcc021000-7efdd0000000 ---p 00000000 00:00 0 
7efdd0000000-7efdd0021000 rw-p 00000000 00:00 0 
7efdd0021000-7efdd4000000 ---p 00000000 00:00 0 
7efdd4000000-7efdd4ff4000 rw-p 00000000 00:00 0 
7efdd4ff4000-7efdd8000000 ---p 00000000 00:00 0 
7efdd8000000-7efdd8021000 rw-p 00000000 00:00 0 
7efdd8021000-7efddc000000 ---p 00000000 00:00 0 
7efddc000000-7efddd9ff000 rw-p 00000000 00:00 0 
7efddd9ff000-7efde0000000 ---p 00000000 00:00 0 
7efde0000000-7efde2a0d000 rw-p 00000000 00:00 0 
7efde2a0d000-7efde4000000 ---p 00000000 00:00 0 
7efde4000000-7efde4021000 rw-p 00000000 00:00 0 
7efde4021000-7efde8000000 ---p 00000000 00:00 0 
7efde8000000-7efde8021000 rw-p 00000000 00:00 0 
7efde8021000-7efdec000000 ---p 00000000 00:00 0 
7efdec000000-7efdec0aa000 rw-p 00000000 00:00 0 
7efdec0aa000-7efdf0000000 ---p 00000000 00:00 0 
7efdf0000000-7efdf0021000 rw-p 00000000 00:00 0 
7efdf0021000-7efdf4000000 ---p 00000000 00:00 0 
7efdf4000000-7efdf4021000 rw-p 00000000 00:00 0 
7efdf4021000-7efdf8000000 ---p 00000000 00:00 0 
7efdf8000000-7efdf802b000 rw-p 00000000 00:00 0 
7efdf802b000-7efdfc000000 ---p 00000000 00:00 0 
7efdfc000000-7efdfc022000 rw-p 00000000 00:00 0 
7efdfc022000-7efe00000000 ---p 00000000 00:00 0 
7efe000a5000-7efe000a8000 ---p 00000000 00:00 0 
7efe000a8000-7efe001a6000 rw-p 00000000 00:00 0 
7efe001a6000-7efe001a9000 ---p 00000000 00:00 0 
7efe001a9000-7efe002a7000 rw-p 00000000 00:00 0 
7efe002a7000-7efe002aa000 ---p 00000000 00:00 0 
7efe002aa000-7efe003a8000 rw-p 00000000 00:00 0 
7efe003a8000-7efe003ab000 ---p 00000000 00:00 0 
7efe003ab000-7efe004a9000 rw-p 00000000 00:00 0 
7efe004a9000-7efe004ac000 ---p 00000000 00:00 0 
7efe004ac000-7efe007aa000 rw-p 00000000 00:00 0 
7efe00816000-7efe0081c000 r--s 0003f000 08:01 310294                     /usr/lib/jvm/java-8-oracle/jre/lib/ext/sunjce_provider.jar
7efe0081c000-7efe0081e000 r--s 00009000 08:01 310293                     /usr/lib/jvm/java-8-oracle/jre/lib/ext/sunec.jar
7efe0081e000-7efe00821000 r--s 0001a000 08:01 310193                     /usr/lib/jvm/java-8-oracle/jre/lib/jce.jar
7efe00821000-7efe00824000 ---p 00000000 00:00 0 
7efe00824000-7efe00922000 rw-p 00000000 00:00 0 
7efe00922000-7efe00925000 ---p 00000000 00:00 0 
7efe00925000-7efe00a23000 rw-p 00000000 00:00 0 
7efe00a23000-7efe00a27000 r--s 0009a000 08:01 310165                     /usr/lib/jvm/java-8-oracle/jre/lib/jsse.jar
7efe00a27000-7efe00a3a000 r--s 00345000 08:01 310189                     /usr/lib/jvm/java-8-oracle/jre/lib/resources.jar
7efe00a3a000-7efe00c3a000 rw-p 00000000 00:00 0 
7efe00c3a000-7efe00e3a000 rw-p 00000000 00:00 0 
7efe00e3a000-7efe0103a000 rw-p 00000000 00:00 0 
7efe0103a000-7efe010cf000 r--s 01109000 08:01 310292                     /usr/lib/jvm/java-8-oracle/jre/lib/ext/jfxrt.jar
7efe010cf000-7efe010e0000 r-xp 00000000 08:01 310251                     /usr/lib/jvm/java-8-oracle/jre/lib/amd64/libnio.so
7efe010e0000-7efe012df000 ---p 00011000 08:01 310251                     /usr/lib/jvm/java-8-oracle/jre/lib/amd64/libnio.so
7efe012df000-7efe012e0000 rw-p 00010000 08:01 310251                     /usr/lib/jvm/java-8-oracle/jre/lib/amd64/libnio.so
7efe012e0000-7efe014e0000 rw-p 00000000 00:00 0 
7efe014e0000-7efe014e3000 ---p 00000000 00:00 0 
7efe014e3000-7efe017e1000 rw-p 00000000 00:00 0 
7efe017e1000-7efe019e1000 rw-p 00000000 00:00 0 
7efe019e1000-7efe01be1000 rw-p 00000000 00:00 0 
7efe01be1000-7efe01de1000 rw-p 00000000 00:00 0 
7efe01de1000-7efe01de6000 r--s 002f9000 08:01 310166                     /usr/lib/jvm/java-8-oracle/jre/lib/charsets.jar
7efe01de6000-7efe01de9000 ---p 00000000 00:00 0 
7efe01de9000-7efe021e8000 rw-p 00000000 00:00 0 
7efe021e8000-7efe021fe000 r-xp 00000000 08:01 310226                     /usr/lib/jvm/java-8-oracle/jre/lib/amd64/libnet.so
7efe021fe000-7efe023fe000 ---p 00016000 08:01 310226                     /usr/lib/jvm/java-8-oracle/jre/lib/amd64/libnet.so
7efe023fe000-7efe023ff000 rw-p 00016000 08:01 310226                     /usr/lib/jvm/java-8-oracle/jre/lib/amd64/libnet.so
7efe023ff000-7efe02408000 r-xp 00000000 08:01 310262                     /usr/lib/jvm/java-8-oracle/jre/lib/amd64/libmanagement.so
7efe02408000-7efe02607000 ---p 00009000 08:01 310262                     /usr/lib/jvm/java-8-oracle/jre/lib/amd64/libmanagement.so
7efe02607000-7efe02608000 rw-p 00008000 08:01 310262                     /usr/lib/jvm/java-8-oracle/jre/lib/amd64/libmanagement.so
7efe02608000-7efe0260b000 ---p 00000000 00:00 0 
7efe0260b000-7efe02709000 rw-p 00000000 00:00 0 
7efe02709000-7efe0270c000 ---p 00000000 00:00 0 
7efe0270c000-7efe0280a000 rw-p 00000000 00:00 0 
7efe0280a000-7efe0280c000 r--s 00006000 08:01 2240162                    /home/suayder/.gradle/caches/modules-2/files-2.1/org.ow2.asm/asm-tree/5.1/87b38c12a0ea645791ead9d3e74ae5268d1d6c34/asm-tree-5.1.jar
7efe0280c000-7efe02814000 r--s 00084000 08:01 2240161                    /home/suayder/.gradle/caches/modules-2/files-2.1/org.eclipse.jetty/jetty-server/9.4.2.v20170220/d44c34ac77053f49c963dba7b122d01343f2d40d/jetty-server-9.4.2.v20170220.jar
7efe02814000-7efe0281f000 r--s 0006a000 08:01 2240160                    /home/suayder/.gradle/caches/modules-2/files-2.1/ch.qos.logback/logback-core/1.1.11/88b8df40340eed549fb07e2613879bf6b006704d/logback-core-1.1.11.jar
7efe0281f000-7efe02829000 r--s 0005f000 08:01 2240159                    /home/suayder/.gradle/caches/modules-2/files-2.1/org.springframework/spring-jdbc/4.3.7.RELEASE/305c8db0f9552948aec093528cd01393cc98a646/spring-jdbc-4.3.7.RELEASE.jar
7efe02829000-7efe0282b000 r--s 0000a000 08:01 2240158                    /home/suayder/.gradle/caches/modules-2/files-2.1/org.ow2.asm/asm-commons/5.1/25d8a575034dd9cfcb375a39b5334f0ba9c8474e/asm-commons-5.1.jar
7efe0282b000-7efe0282d000 r--s 0000c000 08:01 2240157                    /home/suayder/.gradle/caches/modules-2/files-2.1/org.ow2.asm/asm/5.1/5ef31c4fe953b1fd00b8a88fa1d6820e8785bb45/asm-5.1.jar
7efe0282d000-7efe0282f000 r--s 00005000 08:01 2240156                    /home/suayder/.gradle/caches/modules-2/files-2.1/javax.annotation/javax.annotation-api/1.2/479c1e06db31c432330183f5cae684163f186146/javax.annotation-api-1.2.jar
7efe0282f000-7efe02831000 r--s 0000c000 08:01 2240155                    /home/suayder/.gradle/caches/modules-2/files-2.1/org.eclipse.jetty/jetty-plus/9.4.2.v20170220/908da4be020ed60d38e949bee8eac6330916ecdf/jetty-plus-9.4.2.v20170220.jar
7efe02831000-7efe02834000 r--s 00015000 08:01 2240154                    /home/suayder/.gradle/caches/modules-2/files-2.1/javax.servlet/javax.servlet-api/3.1.0/3cd63d075497751784b2fa84be59432f4905bf7c/javax.servlet-api-3.1.0.jar
7efe02834000-7efe0283a000 r--s 0003b000 08:01 2240153                    /home/suayder/.gradle/caches/modules-2/files-2.1/org.eclipse.jetty/jetty-client/9.4.2.v20170220/f196f59d1f511493bbbd0666f79144d7c790371b/jetty-client-9.4.2.v20170220.jar
7efe0283a000-7efe0283d000 r--s 00008000 08:01 2240152                    /home/suayder/.gradle/caches/modules-2/files-2.1/org.eclipse.jetty.websocket/websocket-api/9.4.2.v20170220/597db793fdb3103cb179130a478a481c49bcf94d/websocket-api-9.4.2.v20170220.jar
7efe0283d000-7efe02840000 r--s 00014000 08:01 2240151                    /home/suayder/.gradle/caches/modules-2/files-2.1/org.eclipse.jetty/jetty-security/9.4.2.v20170220/17650f5424d3b5f3782d6c196a6ca4989a8adeec/jetty-security-9.4.2.v20170220.jar
7efe02840000-7efe02843000 r--s 00020000 08:01 2240150                    /home/suayder/.gradle/caches/modules-2/files-2.1/org.unbescape/unbescape/1.1.0.RELEASE/ab0db4fe0a6fa89fb8da2a40008a4e63a7f3f5b9/unbescape-1.1.0.RELEASE.jar
7efe02843000-7efe02846000 r--s 00035000 08:01 2240149                    /home/suayder/.gradle/caches/modules-2/files-2.1/ognl/ognl/3.0.8/37e1aebfde7eb7baebc9ad4f85116ef9009c5fc5/ognl-3.0.8.jar
7efe02846000-7efe0284b000 r--s 00036000 08:01 2240148                    /home/suayder/.gradle/caches/modules-2/files-2.1/org.apache.tomcat.embed/tomcat-embed-websocket/8.5.11/dfa65e7857d46630761c0571758a56f7cbd1e9ba/tomcat-embed-websocket-8.5.11.jar
7efe0284b000-7efe02850000 r--s 00036000 08:01 2240147                    /home/suayder/.gradle/caches/modules-2/files-2.1/org.apache.tomcat.embed/tomcat-embed-el/8.5.11/60253815b897166903bf5ec41219c5bb15333a69/tomcat-embed-el-8.5.11.jar
7efe02850000-7efe02879000 r--s 002b8000 08:01 2240146                    /home/suayder/.gradle/caches/modules-2/files-2.1/org.apache.tomcat.embed/tomcat-embed-core/8.5.11/72761f51fc7cef3ee19d4aafc7adc605df9f611f/tomcat-embed-core-8.5.11.jar
7efe02879000-7efe0287b000 r--s 00004000 08:01 2240145                    /home/suayder/.gradle/caches/modules-2/files-2.1/org.slf4j/log4j-over-slf4j/1.7.24/6ab46c51a3848286a0db3ba7b22037b3834c3c44/log4j-over-slf4j-1.7.24.jar
7efe0287b000-7efe0287d000 r--s 00000000 08:01 2240144                    /home/suayder/.gradle/caches/modules-2/files-2.1/org.slf4j/jul-to-slf4j/1.7.24/25a2be668cb2ad1d05d76c0773df73b4b53617fd/jul-to-slf4j-1.7.24.jar
7efe0287d000-7efe02884000 r--s 00045000 08:01 2240143                    /home/suayder/.gradle/caches/modules-2/files-2.1/ch.qos.logback/logback-classic/1.1.11/ccedfbacef4a6515d2983e3f89ed753d5d4fb665/logback-classic-1.1.11.jar
7efe02884000-7efe02886000 r--s 00003000 08:01 2240142                    /home/suayder/.gradle/caches/modules-2/files-2.1/org.slf4j/jcl-over-slf4j/1.7.24/e6a8629079856a2aa7862c6327ccf6dd1988d7fc/jcl-over-slf4j-1.7.24.jar
7efe02886000-7efe0288e000 r--s 0003a000 08:01 2240141                    /home/suayder/.gradle/caches/modules-2/files-2.1/org.springframework/spring-tx/4.3.7.RELEASE/b761cc783e49b5aa998ac63a721495a9f0f69f9c/spring-tx-4.3.7.RELEASE.jar
7efe0288e000-7efe02898000 r--s 0006b000 08:01 2240140                    /home/suayder/.gradle/caches/modules-2/files-2.1/org.springframework/spring-orm/4.3.7.RELEASE/d9b193994609086ea1f067af07e0af5f53303d92/spring-orm-4.3.7.RELEASE.jar
7efe02898000-7efe028aa000 r--s 000a9000 08:01 2240139                    /home/suayder/.gradle/caches/modules-2/files-2.1/org.springframework.data/spring-data-commons/1.13.1.RELEASE/4e4257f2eb3f191613b4b000d43e8d0c3ff4457e/spring-data-commons-1.13.1.RELEASE.jar
7efe028aa000-7efe028c3000 r--s 001af000 08:01 2240138                    /home/suayder/.gradle/caches/modules-2/files-2.1/org.aspectj/aspectjweaver/1.8.9/db28774f477f07220eac18d5ec9c4e01f48589d7/aspectjweaver-1.8.9.jar
7efe028c3000-7efe028c5000 r--s 00007000 08:01 2240137                    /home/suayder/.gradle/caches/modules-2/files-2.1/javax.websocket/javax.websocket-api/1.0/fc843b649d4a1dcb0497669d262befa3918c7ba8/javax.websocket-api-1.0.jar
7efe028c5000-7efe028c9000 r--s 00023000 08:01 2240136                    /home/suayder/.gradle/caches/modules-2/files-2.1/org.eclipse.jetty.websocket/javax-websocket-client-impl/9.4.2.v20170220/aacaf527577a12553553b75f743e00e3c339b247/javax-websocket-client-impl-9.4.2.v20170220.jar
7efe028c9000-7efe028cb000 r--s 00011000 08:01 2240135                    /home/suayder/.gradle/caches/modules-2/files-2.1/org.eclipse.jetty/jetty-annotations/9.4.2.v20170220/951c4fea46e162c9da3b3c3f4d8cdea0392b2327/jetty-annotations-9.4.2.v20170220.jar
7efe028cb000-7efe028cd000 r--s 00004000 08:01 2240134                    /home/suayder/.gradle/caches/modules-2/files-2.1/org.eclipse.jetty.websocket/websocket-servlet/9.4.2.v20170220/54acbe7e981542bb4b901f9c16784d16d8cede95/websocket-servlet-9.4.2.v20170220.jar
7efe028cd000-7efe028ce000 r--s 00007000 08:01 2240133                    /home/suayder/.gradle/caches/modules-2/files-2.1/org.eclipse.jetty.websocket/websocket-client/9.4.2.v20170220/ec608dcf5da269d42ea4d1a58b29172afd6b2b1f/websocket-client-9.4.2.v20170220.jar
7efe028ce000-7efe028d3000 r--s 0002c000 08:01 2240132                    /home/suayder/.gradle/caches/modules-2/files-2.1/org.eclipse.jetty.websocket/websocket-common/9.4.2.v20170220/7b672cf9c77fcc492750ccc5ba7df00082334664/websocket-common-9.4.2.v20170220.jar
7efe028d3000-7efe028d5000 r--s 00019000 08:01 2240131                    /home/suayder/.gradle/caches/modules-2/files-2.1/org.eclipse.jetty/jetty-servlet/9.4.2.v20170220/722a4b6df98b3a1a3ced1d80da06e8ebf49293ea/jetty-servlet-9.4.2.v20170220.jar
7efe028d5000-7efe028d7000 r--s 0000b000 08:01 2240130                    /home/suayder/.gradle/caches/modules-2/files-2.1/org.eclipse.jetty/jetty-xml/9.4.2.v20170220/e2943f6191c7bc36d891debee100ce56dbac76c6/jetty-xml-9.4.2.v20170220.jar
7efe028d7000-7efe028da000 r--s 0001d000 08:01 2240129                    /home/suayder/.gradle/caches/modules-2/files-2.1/org.eclipse.jetty/jetty-io/9.4.2.v20170220/c0c1c3b9dfc2ecadf75aa789ab0feb3c74d5b820/jetty-io-9.4.2.v20170220.jar
7efe028da000-7efe028e2000 r--s 00067000 08:01 2240128                    /home/suayder/.gradle/caches/modules-2/files-2.1/org.eclipse.jetty/jetty-util/9.4.2.v20170220/df66fc12053bf23308d799890cd31bea497fda46/jetty-util-9.4.2.v20170220.jar
7efe028e2000-7efe028e5000 r--s 00025000 08:01 2240127                    /home/suayder/.gradle/caches/modules-2/files-2.1/org.eclipse.jetty/jetty-http/9.4.2.v20170220/d22fac65c0c7a7cc188cfb9d70312b5ae0db8fd8/jetty-http-9.4.2.v20170220.jar
7efe028e5000-7efe028e6000 r--s 00003000 08:01 2240126                    /home/suayder/.gradle/caches/modules-2/files-2.1/org.eclipse.jetty/jetty-continuation/9.4.2.v20170220/fa4c97f2d57eda61490d690cfac88f3dc9c7c92c/jetty-continuation-9.4.2.v20170220.jar
7efe028e6000-7efe028eb000 r--s 0003c000 08:01 2240125                    /home/suayder/.gradle/caches/modules-2/files-2.1/org.springframework/spring-expression/4.3.7.RELEASE/5257b6486e43d8c05674323fea5b415d4da72f38/spring-expression-4.3.7.RELEASE.jar
7efe028eb000-7efe028f9000 r--s 000ad000 08:01 2240124                    /home/suayder/.gradle/caches/modules-2/files-2.1/org.springframework/spring-beans/4.3.7.RELEASE/2de9f59f3202965438f3a02057d6ad8274636044/spring-beans-4.3.7.RELEASE.jar
7efe028f9000-7efe02902000 r--s 00054000 08:01 2240123                    /home/suayder/.gradle/caches/modules-2/files-2.1/org.springframework/spring-aop/4.3.7.RELEASE/3f243d685e4a8a78a0c291445c6d85560ec4d339/spring-aop-4.3.7.RELEASE.jar
7efe02902000-7efe02905000 r--s 00042000 08:01 2240122                    /home/suayder/.gradle/caches/modules-2/files-2.1/com.fasterxml.jackson.core/jackson-core/2.8.7/8b46f39c78476fb848c81a49fa807a9e9506dddd/jackson-core-2.8.7.jar
7efe02905000-7efe02908000 r--s 0000b000 08:01 2240121                    /home/suayder/.gradle/caches/modules-2/files-2.1/com.fasterxml.jackson.core/jackson-annotations/2.8.0/45b426f7796b741035581a176744d91090e2e6fb/jackson-annotations-2.8.0.jar
7efe02908000-7efe0290a000 r--s 0000e000 08:01 2240120                    /home/suayder/.gradle/caches/modules-2/files-2.1/com.fasterxml/classmate/1.3.3/864c8e370a691e343210cc7c532fc198cee460d8/classmate-1.3.3.jar
7efe0290a000-7efe0290e000 r--s 0000c000 08:01 2240119                    /home/suayder/.gradle/caches/modules-2/files-2.1/javax.validation/validation-api/1.1.0.Final/8613ae82954779d518631e05daa73a6a954817d5/validation-api-1.1.0.Final.jar
7efe0290e000-7efe02928000 r--s 000fd000 08:01 2240118                    /home/suayder/.gradle/caches/modules-2/files-2.1/org.springframework/spring-context/4.3.7.RELEASE/34b66b0b7910122ef95ba4fff6da9238ef80a5de/spring-context-4.3.7.RELEASE.jar
7efe02928000-7efe02974000 r--s 0040d000 08:01 2240117                    /home/suayder/.gradle/caches/modules-2/files-2.1/org.codehaus.groovy/groovy/2.4.9/f2d11babe9a12219fe74e3518d55d9502527b9b9/groovy-2.4.9.jar
7efe02974000-7efe02976000 r--s 00009000 08:01 2240116                    /home/suayder/.gradle/caches/modules-2/files-2.1/org.slf4j/slf4j-api/1.7.24/3f6b4bd4f8dbe8d4bea06d107a3826469b85c3e9/slf4j-api-1.7.24.jar
7efe02976000-7efe02983000 r--s 000b7000 08:01 2240115                    /home/suayder/.gradle/caches/modules-2/files-2.1/org.thymeleaf/thymeleaf/2.1.5.RELEASE/513bffa3daaac277460c1a0a2dccb228fa40569e/thymeleaf-2.1.5.RELEASE.jar
7efe02983000-7efe02984000 r--s 00000000 08:01 2240114                    /home/suayder/.gradle/caches/modules-2/files-2.1/org.springframework.boot/spring-boot-starter-tomcat/1.5.2.RELEASE/354320ef371fc4fc126d1bb8564cd73085a48823/spring-boot-starter-tomcat-1.5.2.RELEASE.jar
7efe02984000-7efe0298a000 r--s 0003d000 08:01 2240113                    /home/suayder/.gradle/caches/modules-2/files-2.1/org.yaml/snakeyaml/1.17/7a27ea250c5130b2922b86dea63cbb1cc10a660c/snakeyaml-1.17.jar
7efe0298a000-7efe029a1000 r--s 000fb000 08:01 2239944                    /home/suayder/.gradle/caches/modules-2/files-2.1/org.springframework/spring-core/4.3.7.RELEASE/54fa2db94cc7222edc90ec71354e47cd1dc07f7b/spring-core-4.3.7.RELEASE.jar
7efe029a1000-7efe029a2000 r--s 00000000 08:01 2240112                    /home/suayder/.gradle/caches/modules-2/files-2.1/org.springframework.boot/spring-boot-starter-logging/1.5.2.RELEASE/32210889e1f9bb09ac134b9f43a117ed62f0bed2/spring-boot-starter-logging-1.5.2.RELEASE.jar
7efe029a2000-7efe029a5000 r--s 00010000 08:01 2240111                    /home/suayder/.gradle/caches/modules-2/files-2.1/org.hibernate.common/hibernate-commons-annotations/5.0.1.Final/71e1cff3fcb20d3b3af4f3363c3ddb24d33c6879/hibernate-commons-annotations-5.0.1.Final.jar
7efe029a5000-7efe029aa000 r--s 00048000 08:01 2240110                    /home/suayder/.gradle/caches/modules-2/files-2.1/dom4j/dom4j/1.6.1/5d3ccc056b6f056dbf0dddfdf43894b9065a8f94/dom4j-1.6.1.jar
7efe029aa000-7efe029ad000 r--s 0002b000 08:01 2240109                    /home/suayder/.gradle/caches/modules-2/files-2.1/org.jboss/jandex/2.0.0.Final/3e899258936f94649c777193e1be846387ed54b3/jandex-2.0.0.Final.jar
7efe029ad000-7efe029ae000 r--s 00003000 08:01 2240108                    /home/suayder/.gradle/caches/modules-2/files-2.1/org.apache.geronimo.specs/geronimo-jta_1.1_spec/1.1.1/aabab3165b8ea936b9360abbf448459c0d04a5a4/geronimo-jta_1.1_spec-1.1.1.jar
7efe029ae000-7efe029b3000 r--s 00068000 08:01 2240107                    /home/suayder/.gradle/caches/modules-2/files-2.1/antlr/antlr/2.7.7/83cd2cd674a217ade95a4bb83a8a14f351f48bd0/antlr-2.7.7.jar
7efe029b3000-7efe029bd000 r--s 000aa000 08:01 2240106                    /home/suayder/.gradle/caches/modules-2/files-2.1/org.javassist/javassist/3.21.0-GA/598244f595db5c5fb713731eddbb1c91a58d959b/javassist-3.21.0-GA.jar
7efe029bd000-7efe029c2000 r--s 00017000 08:01 2240105                    /home/suayder/.gradle/caches/modules-2/files-2.1/org.hibernate.javax.persistence/hibernate-jpa-2.1-api/1.0.0.Final/5e731d961297e5a07290bfaf3db1fbc8bbbf405a/hibernate-jpa-2.1-api-1.0.0.Final.jar
7efe029c2000-7efe029c4000 r--s 0000f000 08:01 2240104                    /home/suayder/.gradle/caches/modules-2/files-2.1/org.jboss.logging/jboss-logging/3.3.0.Final/3616bb87707910296e2c195dc016287080bba5af/jboss-logging-3.3.0.Final.jar
7efe029c4000-7efe029c7000 r--s 0000c000 08:01 2240103                    /home/suayder/.gradle/caches/modules-2/files-2.1/org.springframework/spring-aspects/4.3.7.RELEASE/fa0671826a42f6bac5145ffbc78075493dcb4e8b/spring-aspects-4.3.7.RELEASE.jar
7efe029c7000-7efe029ce000 r--s 00040000 08:01 2240102                    /home/suayder/.gradle/caches/modules-2/files-2.1/org.springframework.data/spring-data-jpa/1.11.1.RELEASE/fa362aecd78883991f57a5d64e19f34b57a2c34d/spring-data-jpa-1.11.1.RELEASE.jar
7efe029ce000-7efe029d0000 r--s 00006000 08:01 2240101                    /home/suayder/.gradle/caches/modules-2/files-2.1/javax.transaction/javax.transaction-api/1.2/d81aff979d603edd90dcd8db2abc1f4ce6479e3e/javax.transaction-api-1.2.jar
7efe029d0000-7efe029d1000 r--s 00000000 08:01 2240100                    /home/suayder/.gradle/caches/modules-2/files-2.1/org.springframework.boot/spring-boot-starter-aop/1.5.2.RELEASE/9a21295c00a62bfaaa930ba5f7909fe26eea2562/spring-boot-starter-aop-1.5.2.RELEASE.jar
7efe029d1000-7efe029e1000 r--s 00077000 08:01 2240099                    /home/suayder/.gradle/caches/modules-2/files-2.1/org.springframework.boot/spring-boot-actuator/1.5.2.RELEASE/a477a9bcf414bce26c702872354ae60b1ed832f0/spring-boot-actuator-1.5.2.RELEASE.jar
7efe029e1000-7efe029e5000 r--s 00037000 08:01 2240098                    /home/suayder/.gradle/caches/modules-2/files-2.1/org.mortbay.jasper/apache-el/8.0.33/1b8fa2179b3937cada939317bb135815e79c0ac2/apache-el-8.0.33.jar
7efe029e5000-7efe029e7000 r--s 00007000 08:01 2240097                    /home/suayder/.gradle/caches/modules-2/files-2.1/org.eclipse.jetty.websocket/javax-websocket-server-impl/9.4.2.v20170220/91efc78598b75a4e4b25f2d95d09ae1ef8fb8bd4/javax-websocket-server-impl-9.4.2.v20170220.jar
7efe029e7000-7efe029e9000 r--s 00007000 08:01 2240096                    /home/suayder/.gradle/caches/modules-2/files-2.1/org.eclipse.jetty.websocket/websocket-server/9.4.2.v20170220/66d529dcf0bc861c45873f0b3ce02fb63c06ae3f/websocket-server-9.4.2.v20170220.jar
7efe029e9000-7efe029eb000 r--s 0001c000 08:01 2240095                    /home/suayder/.gradle/caches/modules-2/files-2.1/org.eclipse.jetty/jetty-webapp/9.4.2.v20170220/20836cf5511ed713f79d0ffddde2397e13207948/jetty-webapp-9.4.2.v20170220.jar
7efe029eb000-7efe029fc000 r--s 000cf000 08:01 2240093                    /home/suayder/.gradle/caches/modules-2/files-2.1/org.springframework/spring-webmvc/4.3.7.RELEASE/d25b11a605589f176e3ecf1dcae62a991a18b377/spring-webmvc-4.3.7.RELEASE.jar
7efe029fc000-7efe02a0d000 r--s 000b7000 08:01 2240092                    /home/suayder/.gradle/caches/modules-2/files-2.1/org.springframework/spring-web/4.3.7.RELEASE/7b69fc68cdb74c1c92f72905af6995696fcb56aa/spring-web-4.3.7.RELEASE.jar
7efe02a0d000-7efe02a1f000 r--s 0011d000 08:01 2240091                    /home/suayder/.gradle/caches/modules-2/files-2.1/com.fasterxml.jackson.core/jackson-databind/2.8.7/6c3257ef458ac58a8da69a6dca3d2a15286d88c8/jackson-databind-2.8.7.jar
7efe02a1f000-7efe02a30000 r--s 000a1000 08:01 2240087                    /home/suayder/.gradle/caches/modules-2/files-2.1/org.hibernate/hibernate-validator/5.3.4.Final/2f6c8c0b646afe18e3ad205726729d3c4a85fe2e/hibernate-validator-5.3.4.Final.jar
7efe02a30000-7efe02a50000 r--s 000e0000 08:01 2240090                    /home/suayder/.gradle/caches/modules-2/files-2.1/org.springframework.boot/spring-boot-autoconfigure/1.5.2.RELEASE/8a9b8c747bc2c86eefde10330cb2984541bcb9d1/spring-boot-autoconfigure-1.5.2.RELEASE.jar
7efe02a50000-7efe02a60000 r--s 00094000 08:01 2240089                    /home/suayder/.gradle/caches/modules-2/files-2.1/org.springframework.boot/spring-boot/1.5.2.RELEASE/46bb5d8c9ab5d3ef9e158ca5906ee7d3569befc1/spring-boot-1.5.2.RELEASE.jar
7efe02a60000-7efe02ac9000 r--s 004f3000 08:01 2240084                    /home/suayder/.gradle/caches/modules-2/files-2.1/org.hibernate/hibernate-core/5.0.12.Final/e58bf1c660e6706d8e2cbb53bae110f574366102/hibernate-core-5.0.12.Final.jar
7efe02ac9000-7efe02af4000 r--s 001f5000 08:01 2240083                    /home/suayder/.gradle/caches/modules-2/files-2.1/com.google.guava/guava/16.0.1/5fa98cd1a63c99a44dd8d3b77e4762b066a5d0c5/guava-16.0.1.jar
7efe02af4000-7efe02af5000 ---p 00000000 00:00 0 
7efe02af5000-7efe02bf5000 rw-p 00000000 00:00 0 
7efe02bf5000-7efe02bf8000 ---p 00000000 00:00 0 
7efe02bf8000-7efe02cf6000 rw-p 00000000 00:00 0 
7efe02cf6000-7efe02cf9000 ---p 00000000 00:00 0 
7efe02cf9000-7efe02df7000 rw-p 00000000 00:00 0 
7efe02df7000-7efe02dfa000 ---p 00000000 00:00 0 
7efe02dfa000-7efe02ef8000 rw-p 00000000 00:00 0 
7efe02ef8000-7efe02efb000 ---p 00000000 00:00 0 
7efe02efb000-7efe02ff9000 rw-p 00000000 00:00 0 
7efe02ff9000-7efe02ffc000 ---p 00000000 00:00 0 
7efe02ffc000-7efe030fa000 rw-p 00000000 00:00 0 
7efe030fa000-7efe033d3000 r--p 00000000 08:01 263376                     /usr/lib/locale/locale-archive
7efe033d3000-7efe033d6000 ---p 00000000 00:00 0 
7efe033d6000-7efe034d4000 rw-p 00000000 00:00 0 
7efe034d4000-7efe034d7000 ---p 00000000 00:00 0 
7efe034d7000-7efe035d5000 rw-p 00000000 00:00 0 
7efe035d5000-7efe035d6000 ---p 00000000 00:00 0 
7efe035d6000-7efe04000000 rw-p 00000000 00:00 0 
7efe04000000-7efe04021000 rw-p 00000000 00:00 0 
7efe04021000-7efe08000000 ---p 00000000 00:00 0 
7efe08000000-7efe08627000 rw-p 00000000 00:00 0 
7efe08627000-7efe08800000 r--s 03d3e000 08:01 310170                     /usr/lib/jvm/java-8-oracle/jre/lib/rt.jar
7efe08800000-7efe09000000 rw-p 00000000 00:00 0 
7efe09000000-7efe09f40000 rwxp 00000000 00:00 0 
7efe09f40000-7efe18000000 ---p 00000000 00:00 0 
7efe18000000-7efe188ef000 rw-p 00000000 00:00 0 
7efe188ef000-7efe1c000000 ---p 00000000 00:00 0 
7efe1c000000-7efe1c002000 r--s 00014000 08:01 2240094                    /home/suayder/.gradle/caches/modules-2/files-2.1/org.eclipse.jetty/jetty-servlets/9.4.2.v20170220/45abae6b38e3e62af2f45f96590e522593d3fb7/jetty-servlets-9.4.2.v20170220.jar
7efe1c002000-7efe1c005000 r--s 0001a000 08:01 2240088                    /home/suayder/.gradle/caches/modules-2/files-2.1/nz.net.ultraq.thymeleaf/thymeleaf-layout-dialect/1.4.0/8d7810c069ed1534b9631fb1e85c35973546086/thymeleaf-layout-dialect-1.4.0.jar
7efe1c005000-7efe1c008000 r--s 00034000 08:01 2240086                    /home/suayder/.gradle/caches/modules-2/files-2.1/org.thymeleaf/thymeleaf-spring4/2.1.5.RELEASE/74cb9028e99597b5d71a98e919fd531a7fc290b4/thymeleaf-spring4-2.1.5.RELEASE.jar
7efe1c008000-7efe1c009000 r--s 00000000 08:01 2240085                    /home/suayder/.gradle/caches/modules-2/files-2.1/org.springframework.boot/spring-boot-starter/1.5.2.RELEASE/c72938c86ed3beadb385f29bc2954c8ca3aa47ab/spring-boot-starter-1.5.2.RELEASE.jar
7efe1c009000-7efe1c00f000 r--s 00022000 08:01 2240082                    /home/suayder/.gradle/caches/modules-2/files-2.1/org.eclipse.persistence/javax.persistence/2.1.0/5bab675816dbe0f64bb86004b108bf2a00292358/javax.persistence-2.1.0.jar
7efe1c00f000-7efe1c010000 r--s 00000000 08:01 2240081                    /home/suayder/.gradle/caches/modules-2/files-2.1/org.springframework.boot/spring-boot-starter-data-jpa/1.5.2.RELEASE/9e2dfd470f0df4a7ba00a71ca462aeefbd382a4d/spring-boot-starter-data-jpa-1.5.2.RELEASE.jar
7efe1c010000-7efe1c011000 r--s 00000000 08:01 2240080                    /home/suayder/.gradle/caches/modules-2/files-2.1/org.springframework.boot/spring-boot-starter-actuator/1.5.2.RELEASE/e30a1a03f1521adbc0a6cfdb13b2f7038cafa279/spring-boot-starter-actuator-1.5.2.RELEASE.jar
7efe1c011000-7efe1c018000 r--s 0002e000 08:01 2240077                    /home/suayder/.gradle/caches/modules-2/files-2.1/org.springframework.boot/spring-boot-devtools/1.5.2.RELEASE/c765d6b85bdbf11b8f2324e21621fc16685682cb/spring-boot-devtools-1.5.2.RELEASE.jar
7efe1c018000-7efe1d8a6000 rw-p 00000000 00:00 0 
7efe1d8a6000-7efe1d8a7000 ---p 00000000 00:00 0 
7efe1d8a7000-7efe1d9a7000 rw-p 00000000 00:00 0 
7efe1d9a7000-7efe1d9a8000 ---p 00000000 00:00 0 
7efe1d9a8000-7efe1daa8000 rw-p 00000000 00:00 0 
7efe1daa8000-7efe1daa9000 ---p 00000000 00:00 0 
7efe1daa9000-7efe1dba9000 rw-p 00000000 00:00 0 
7efe1dba9000-7efe1dbaa000 ---p 00000000 00:00 0 
7efe1dbaa000-7efe1dd8c000 rw-p 00000000 00:00 0 
7efe1dd8c000-7efe1dd98000 ---p 00000000 00:00 0 
7efe1dd98000-7efe1de7a000 rw-p 00000000 00:00 0 
7efe1de7a000-7efe1de86000 ---p 00000000 00:00 0 
7efe1de86000-7efe1defd000 rw-p 00000000 00:00 0 
7efe1defd000-7efe1df3b000 rw-p 00000000 00:00 0 
7efe1df3b000-7efe1e2be000 ---p 00000000 00:00 0 
7efe1e2be000-7efe1e2d8000 r-xp 00000000 08:01 310249                     /usr/lib/jvm/java-8-oracle/jre/lib/amd64/libzip.so
7efe1e2d8000-7efe1e4d8000 ---p 0001a000 08:01 310249                     /usr/lib/jvm/java-8-oracle/jre/lib/amd64/libzip.so
7efe1e4d8000-7efe1e4d9000 rw-p 0001a000 08:01 310249                     /usr/lib/jvm/java-8-oracle/jre/lib/amd64/libzip.so
7efe1e4d9000-7efe1e4e4000 r-xp 00000000 08:01 791487                     /lib/x86_64-linux-gnu/libnss_files-2.23.so
7efe1e4e4000-7efe1e6e3000 ---p 0000b000 08:01 791487                     /lib/x86_64-linux-gnu/libnss_files-2.23.so
7efe1e6e3000-7efe1e6e4000 r--p 0000a000 08:01 791487                     /lib/x86_64-linux-gnu/libnss_files-2.23.so
7efe1e6e4000-7efe1e6e5000 rw-p 0000b000 08:01 791487                     /lib/x86_64-linux-gnu/libnss_files-2.23.so
7efe1e6e5000-7efe1e6eb000 rw-p 00000000 00:00 0 
7efe1e6eb000-7efe1e6f6000 r-xp 00000000 08:01 791405                     /lib/x86_64-linux-gnu/libnss_nis-2.23.so
7efe1e6f6000-7efe1e8f5000 ---p 0000b000 08:01 791405                     /lib/x86_64-linux-gnu/libnss_nis-2.23.so
7efe1e8f5000-7efe1e8f6000 r--p 0000a000 08:01 791405                     /lib/x86_64-linux-gnu/libnss_nis-2.23.so
7efe1e8f6000-7efe1e8f7000 rw-p 0000b000 08:01 791405                     /lib/x86_64-linux-gnu/libnss_nis-2.23.so
7efe1e8f7000-7efe1e90d000 r-xp 00000000 08:01 791430                     /lib/x86_64-linux-gnu/libnsl-2.23.so
7efe1e90d000-7efe1eb0c000 ---p 00016000 08:01 791430                     /lib/x86_64-linux-gnu/libnsl-2.23.so
7efe1eb0c000-7efe1eb0d000 r--p 00015000 08:01 791430                     /lib/x86_64-linux-gnu/libnsl-2.23.so
7efe1eb0d000-7efe1eb0e000 rw-p 00016000 08:01 791430                     /lib/x86_64-linux-gnu/libnsl-2.23.so
7efe1eb0e000-7efe1eb10000 rw-p 00000000 00:00 0 
7efe1eb10000-7efe1eb18000 r-xp 00000000 08:01 791516                     /lib/x86_64-linux-gnu/libnss_compat-2.23.so
7efe1eb18000-7efe1ed17000 ---p 00008000 08:01 791516                     /lib/x86_64-linux-gnu/libnss_compat-2.23.so
7efe1ed17000-7efe1ed18000 r--p 00007000 08:01 791516                     /lib/x86_64-linux-gnu/libnss_compat-2.23.so
7efe1ed18000-7efe1ed19000 rw-p 00008000 08:01 791516                     /lib/x86_64-linux-gnu/libnss_compat-2.23.so
7efe1ed19000-7efe1ed44000 r-xp 00000000 08:01 310274                     /usr/lib/jvm/java-8-oracle/jre/lib/amd64/libjava.so
7efe1ed44000-7efe1ef43000 ---p 0002b000 08:01 310274                     /usr/lib/jvm/java-8-oracle/jre/lib/amd64/libjava.so
7efe1ef43000-7efe1ef45000 rw-p 0002a000 08:01 310274                     /usr/lib/jvm/java-8-oracle/jre/lib/amd64/libjava.so
7efe1ef45000-7efe1ef52000 r-xp 00000000 08:01 310227                     /usr/lib/jvm/java-8-oracle/jre/lib/amd64/libverify.so
7efe1ef52000-7efe1f151000 ---p 0000d000 08:01 310227                     /usr/lib/jvm/java-8-oracle/jre/lib/amd64/libverify.so
7efe1f151000-7efe1f153000 rw-p 0000c000 08:01 310227                     /usr/lib/jvm/java-8-oracle/jre/lib/amd64/libverify.so
7efe1f153000-7efe1f15a000 r-xp 00000000 08:01 799950                     /lib/x86_64-linux-gnu/librt-2.23.so
7efe1f15a000-7efe1f359000 ---p 00007000 08:01 799950                     /lib/x86_64-linux-gnu/librt-2.23.so
7efe1f359000-7efe1f35a000 r--p 00006000 08:01 799950                     /lib/x86_64-linux-gnu/librt-2.23.so
7efe1f35a000-7efe1f35b000 rw-p 00007000 08:01 799950                     /lib/x86_64-linux-gnu/librt-2.23.so
7efe1f35b000-7efe1f463000 r-xp 00000000 08:01 791428                     /lib/x86_64-linux-gnu/libm-2.23.so
7efe1f463000-7efe1f662000 ---p 00108000 08:01 791428                     /lib/x86_64-linux-gnu/libm-2.23.so
7efe1f662000-7efe1f663000 r--p 00107000 08:01 791428                     /lib/x86_64-linux-gnu/libm-2.23.so
7efe1f663000-7efe1f664000 rw-p 00108000 08:01 791428                     /lib/x86_64-linux-gnu/libm-2.23.so
7efe1f664000-7efe20332000 r-xp 00000000 08:01 310284                     /usr/lib/jvm/java-8-oracle/jre/lib/amd64/server/libjvm.so
7efe20332000-7efe20532000 ---p 00cce000 08:01 310284                     /usr/lib/jvm/java-8-oracle/jre/lib/amd64/server/libjvm.so
7efe20532000-7efe2060b000 rw-p 00cce000 08:01 310284                     /usr/lib/jvm/java-8-oracle/jre/lib/amd64/server/libjvm.so
7efe2060b000-7efe20656000 rw-p 00000000 00:00 0 
7efe20656000-7efe20815000 r-xp 00000000 08:01 791432                     /lib/x86_64-linux-gnu/libc-2.23.so
7efe20815000-7efe20a15000 ---p 001bf000 08:01 791432                     /lib/x86_64-linux-gnu/libc-2.23.so
7efe20a15000-7efe20a19000 r--p 001bf000 08:01 791432                     /lib/x86_64-linux-gnu/libc-2.23.so
7efe20a19000-7efe20a1b000 rw-p 001c3000 08:01 791432                     /lib/x86_64-linux-gnu/libc-2.23.so
7efe20a1b000-7efe20a1f000 rw-p 00000000 00:00 0 
7efe20a1f000-7efe20a22000 r-xp 00000000 08:01 791359                     /lib/x86_64-linux-gnu/libdl-2.23.so
7efe20a22000-7efe20c21000 ---p 00003000 08:01 791359                     /lib/x86_64-linux-gnu/libdl-2.23.so
7efe20c21000-7efe20c22000 r--p 00002000 08:01 791359                     /lib/x86_64-linux-gnu/libdl-2.23.so
7efe20c22000-7efe20c23000 rw-p 00003000 08:01 791359                     /lib/x86_64-linux-gnu/libdl-2.23.so
7efe20c23000-7efe20c38000 r-xp 00000000 08:01 309437                     /usr/lib/jvm/java-8-oracle/lib/amd64/jli/libjli.so
7efe20c38000-7efe20e38000 ---p 00015000 08:01 309437                     /usr/lib/jvm/java-8-oracle/lib/amd64/jli/libjli.so
7efe20e38000-7efe20e39000 rw-p 00015000 08:01 309437                     /usr/lib/jvm/java-8-oracle/lib/amd64/jli/libjli.so
7efe20e39000-7efe20e51000 r-xp 00000000 08:01 799954                     /lib/x86_64-linux-gnu/libpthread-2.23.so
7efe20e51000-7efe21050000 ---p 00018000 08:01 799954                     /lib/x86_64-linux-gnu/libpthread-2.23.so
7efe21050000-7efe21051000 r--p 00017000 08:01 799954                     /lib/x86_64-linux-gnu/libpthread-2.23.so
7efe21051000-7efe21052000 rw-p 00018000 08:01 799954                     /lib/x86_64-linux-gnu/libpthread-2.23.so
7efe21052000-7efe21056000 rw-p 00000000 00:00 0 
7efe21056000-7efe2107c000 r-xp 00000000 08:01 791434                     /lib/x86_64-linux-gnu/ld-2.23.so
7efe2107c000-7efe2107d000 r--s 00000000 08:01 2240079                    /home/suayder/.gradle/caches/modules-2/files-2.1/org.springframework.boot/spring-boot-starter-jetty/1.5.2.RELEASE/f2b0c305c5a61e4d64365d365ab9ac85917d650c/spring-boot-starter-jetty-1.5.2.RELEASE.jar
7efe2107d000-7efe2107e000 r--s 00000000 08:01 2240078                    /home/suayder/.gradle/caches/modules-2/files-2.1/org.springframework.boot/spring-boot-starter-web/1.5.2.RELEASE/27f29876980c079b46be16b759eafe92720f3338/spring-boot-starter-web-1.5.2.RELEASE.jar
7efe2107e000-7efe2107f000 r--s 00000000 08:01 2240076                    /home/suayder/.gradle/caches/modules-2/files-2.1/org.springframework.boot/spring-boot-starter-thymeleaf/1.5.2.RELEASE/f72002abba821b4b7bf6f32afac33b526607c2af/spring-boot-starter-thymeleaf-1.5.2.RELEASE.jar
7efe2107f000-7efe21085000 r--s 00028000 08:01 1718013                    /home/suayder/Documents/Computer_Science/Disciplines/DataBaseProject/PBD-2017-1/lib/dans-dbf-lib-1.0.0-beta-10.jar
7efe21085000-7efe21157000 rw-p 00000000 00:00 0 
7efe21157000-7efe2115a000 ---p 00000000 00:00 0 
7efe2115a000-7efe2125c000 rw-p 00000000 00:00 0 
7efe2125c000-7efe2125d000 r--s 00001000 08:01 2240075                    /home/suayder/.gradle/caches/modules-2/files-2.1/net.kemitix/sqlite-dialect/0.1.0/21e310e0d06adea29dfea781ccbe595e7e778eea/sqlite-dialect-0.1.0.jar
7efe2125d000-7efe21261000 r--s 005dd000 08:01 2240074                    /home/suayder/.gradle/caches/modules-2/files-2.1/org.xerial/sqlite-jdbc/3.16.1/72540738ecee65b58ef5a6dbc125e83223716b17/sqlite-jdbc-3.16.1.jar
7efe21261000-7efe2126f000 rw-p 00000000 00:00 0 
7efe2126f000-7efe21277000 rw-s 00000000 08:01 2234989                    /tmp/hsperfdata_suayder/12164
7efe21277000-7efe21278000 rw-p 00000000 00:00 0 
7efe21278000-7efe21279000 r--p 00000000 00:00 0 
7efe21279000-7efe2127b000 rw-p 00000000 00:00 0 
7efe2127b000-7efe2127c000 r--p 00025000 08:01 791434                     /lib/x86_64-linux-gnu/ld-2.23.so
7efe2127c000-7efe2127d000 rw-p 00026000 08:01 791434                     /lib/x86_64-linux-gnu/ld-2.23.so
7efe2127d000-7efe2127e000 rw-p 00000000 00:00 0 
7fff09317000-7fff0933c000 rw-p 00000000 00:00 0                          [stack]
7fff093ef000-7fff093f1000 r--p 00000000 00:00 0                          [vvar]
7fff093f1000-7fff093f3000 r-xp 00000000 00:00 0                          [vdso]
ffffffffff600000-ffffffffff601000 r-xp 00000000 00:00 0                  [vsyscall]

VM Arguments:
jvm_args: -Dfile.encoding=UTF-8 -Duser.country=US -Duser.language=en -Duser.variant 
java_command: DbfReader.Application
java_class_path (initial): /home/suayder/Documents/Computer_Science/Disciplines/DataBaseProject/PBD-2017-1/build/classes/main:/home/suayder/Documents/Computer_Science/Disciplines/DataBaseProject/PBD-2017-1/build/resources/main:/home/suayder/Documents/Computer_Science/Disciplines/DataBaseProject/PBD-2017-1/lib/dans-dbf-lib-1.0.0-beta-10.jar:/home/suayder/.gradle/caches/modules-2/files-2.1/org.xerial/sqlite-jdbc/3.16.1/72540738ecee65b58ef5a6dbc125e83223716b17/sqlite-jdbc-3.16.1.jar:/home/suayder/.gradle/caches/modules-2/files-2.1/net.kemitix/sqlite-dialect/0.1.0/21e310e0d06adea29dfea781ccbe595e7e778eea/sqlite-dialect-0.1.0.jar:/home/suayder/.gradle/caches/modules-2/files-2.1/org.springframework.boot/spring-boot-starter-thymeleaf/1.5.2.RELEASE/f72002abba821b4b7bf6f32afac33b526607c2af/spring-boot-starter-thymeleaf-1.5.2.RELEASE.jar:/home/suayder/.gradle/caches/modules-2/files-2.1/org.springframework.boot/spring-boot-devtools/1.5.2.RELEASE/c765d6b85bdbf11b8f2324e21621fc16685682cb/spring-boot-devtools-1.5.2.RELEASE.jar:/home/suayder/.gradle/caches/modules-2/files-2.1/org.springframework.boot/spring-boot-starter-web/1.5.2.RELEASE/27f29876980c079b46be16b759eafe92720f3338/spring-boot-starter-web-1.5.2.RELEASE.jar:/home/suayder/.gradle/caches/modules-2/files-2.1/org.springframework.boot/spring-boot-starter-jetty/1.5.2.RELEASE/f2b0c305c5a61e4d64365d365ab9ac85917d650c/spring-boot-starter-jetty-1.5.2.RELEASE.jar:/home/suayder/.gradle/caches/modules-2/files-2.1/org.springframework.boot/spring-boot-starter-actuator/1.5.2.RELEASE/e30a1a03f1521adbc0a6cfdb13b2f7038cafa279/spring-boot-starter-actuator-1.5.2.RELEASE.jar:/home/suayder/.gradle/caches/modules-2/files-2.1/org.springframework.boot/spring-boot-starter-data-jpa/1.5.2.RELEASE/9e2dfd470f0df4a7ba00a71ca462aeefbd382a4d/spring-boot-starter-data-jpa-1.5.2.RELEASE.jar:/home/suayder/.gradle/caches/modules-2/files-2.1/org.eclipse.persistence/javax.persistence/2.1.0/5bab675816dbe0f64bb86004b108bf2a00292358/javax.persistence-2.1.0.jar
Launcher Type: SUN_STANDARD

Environment Variables:
JAVA_HOME=/usr/lib/jvm/java-8-oracle
PATH=/home/suayder/bin:/home/suayder/.local/bin:/usr/local/sbin:/usr/local/bin:/usr/sbin:/usr/bin:/sbin:/bin:/usr/games:/usr/local/games:/snap/bin:/usr/lib/jvm/java-8-oracle/bin:/usr/lib/jvm/java-8-oracle/db/bin:/usr/lib/jvm/java-8-oracle/jre/bin
SHELL=/bin/bash
DISPLAY=:0.0

Signal Handlers:
SIGSEGV: [libjvm.so+0xac78c0], sa_mask[0]=11111111011111111101111111111110, sa_flags=SA_RESTART|SA_SIGINFO
SIGBUS: [libjvm.so+0xac78c0], sa_mask[0]=11111111011111111101111111111110, sa_flags=SA_RESTART|SA_SIGINFO
SIGFPE: [libjvm.so+0x920ac0], sa_mask[0]=11111111011111111101111111111110, sa_flags=SA_RESTART|SA_SIGINFO
SIGPIPE: [libjvm.so+0x920ac0], sa_mask[0]=11111111011111111101111111111110, sa_flags=SA_RESTART|SA_SIGINFO
SIGXFSZ: [libjvm.so+0x920ac0], sa_mask[0]=11111111011111111101111111111110, sa_flags=SA_RESTART|SA_SIGINFO
SIGILL: [libjvm.so+0x920ac0], sa_mask[0]=11111111011111111101111111111110, sa_flags=SA_RESTART|SA_SIGINFO
SIGUSR1: SIG_DFL, sa_mask[0]=00000000000000000000000000000000, sa_flags=none
SIGUSR2: [libjvm.so+0x922300], sa_mask[0]=00100000000000000000000000000000, sa_flags=SA_RESTART|SA_SIGINFO
SIGHUP: [libjvm.so+0x923700], sa_mask[0]=11111111011111111101111111111110, sa_flags=SA_RESTART|SA_SIGINFO
SIGINT: [libjvm.so+0x923700], sa_mask[0]=11111111011111111101111111111110, sa_flags=SA_RESTART|SA_SIGINFO
SIGTERM: [libjvm.so+0x923700], sa_mask[0]=11111111011111111101111111111110, sa_flags=SA_RESTART|SA_SIGINFO
SIGQUIT: [libjvm.so+0x923700], sa_mask[0]=11111111011111111101111111111110, sa_flags=SA_RESTART|SA_SIGINFO


---------------  S Y S T E M  ---------------

OS:DISTRIB_ID=Ubuntu
DISTRIB_RELEASE=16.04
DISTRIB_CODENAME=xenial
DISTRIB_DESCRIPTION="Ubuntu 16.04.2 LTS"

uname:Linux 4.8.0-54-generic #57~16.04.1-Ubuntu SMP Wed May 24 16:22:28 UTC 2017 x86_64
libc:glibc 2.23 NPTL 2.23 
rlimit: STACK 8192k, CORE 0k, NPROC 11249, NOFILE 65536, AS infinity
load average:3,42 3,54 3,13

/proc/meminfo:
MemTotal:        2922392 kB
MemFree:           99284 kB
MemAvailable:     178864 kB
Buffers:            2268 kB
Cached:           399016 kB
SwapCached:         6284 kB
Active:          2050724 kB
Inactive:         630352 kB
Active(anon):    1927720 kB
Inactive(anon):   493276 kB
Active(file):     123004 kB
Inactive(file):   137076 kB
Unevictable:          32 kB
Mlocked:              32 kB
SwapTotal:        291836 kB
SwapFree:          30380 kB
Dirty:              6412 kB
Writeback:             0 kB
AnonPages:       2272516 kB
Mapped:           190504 kB
Shmem:            141204 kB
Slab:              63988 kB
SReclaimable:      33080 kB
SUnreclaim:        30908 kB
KernelStack:        9104 kB
PageTables:        31432 kB
NFS_Unstable:          0 kB
Bounce:                0 kB
WritebackTmp:          0 kB
CommitLimit:     1753032 kB
Committed_AS:    6093996 kB
VmallocTotal:   34359738367 kB
VmallocUsed:           0 kB
VmallocChunk:          0 kB
HardwareCorrupted:     0 kB
AnonHugePages:    845824 kB
ShmemHugePages:        0 kB
ShmemPmdMapped:        0 kB
CmaTotal:              0 kB
CmaFree:               0 kB
HugePages_Total:       0
HugePages_Free:        0
HugePages_Rsvd:        0
HugePages_Surp:        0
Hugepagesize:       2048 kB
DirectMap4k:       96192 kB
DirectMap2M:     2961408 kB


CPU:total 4 (2 cores per cpu, 2 threads per core) family 6 model 42 stepping 7, cmov, cx8, fxsr, mmx, sse, sse2, sse3, ssse3, sse4.1, sse4.2, popcnt, avx, clmul, ht, tsc, tscinvbit

/proc/cpuinfo:
processor	: 0
vendor_id	: GenuineIntel
cpu family	: 6
model		: 42
model name	: Intel(R) Core(TM) i3-2310M CPU @ 2.10GHz
stepping	: 7
microcode	: 0x1a
cpu MHz		: 2100.000
cache size	: 3072 KB
physical id	: 0
siblings	: 4
core id		: 0
cpu cores	: 2
apicid		: 0
initial apicid	: 0
fpu		: yes
fpu_exception	: yes
cpuid level	: 13
wp		: yes
flags		: fpu vme de pse tsc msr pae mce cx8 apic sep mtrr pge mca cmov pat pse36 clflush dts acpi mmx fxsr sse sse2 ss ht tm pbe syscall nx rdtscp lm constant_tsc arch_perfmon pebs bts nopl xtopology nonstop_tsc aperfmperf eagerfpu pni pclmulqdq dtes64 monitor ds_cpl vmx est tm2 ssse3 cx16 xtpr pdcm pcid sse4_1 sse4_2 x2apic popcnt tsc_deadline_timer xsave avx lahf_lm epb tpr_shadow vnmi flexpriority ept vpid xsaveopt dtherm arat pln pts
bugs		:
bogomips	: 4190.76
clflush size	: 64
cache_alignment	: 64
address sizes	: 36 bits physical, 48 bits virtual
power management:

processor	: 1
vendor_id	: GenuineIntel
cpu family	: 6
model		: 42
model name	: Intel(R) Core(TM) i3-2310M CPU @ 2.10GHz
stepping	: 7
microcode	: 0x1a
cpu MHz		: 2099.871
cache size	: 3072 KB
physical id	: 0
siblings	: 4
core id		: 0
cpu cores	: 2
apicid		: 1
initial apicid	: 1
fpu		: yes
fpu_exception	: yes
cpuid level	: 13
wp		: yes
flags		: fpu vme de pse tsc msr pae mce cx8 apic sep mtrr pge mca cmov pat pse36 clflush dts acpi mmx fxsr sse sse2 ss ht tm pbe syscall nx rdtscp lm constant_tsc arch_perfmon pebs bts nopl xtopology nonstop_tsc aperfmperf eagerfpu pni pclmulqdq dtes64 monitor ds_cpl vmx est tm2 ssse3 cx16 xtpr pdcm pcid sse4_1 sse4_2 x2apic popcnt tsc_deadline_timer xsave avx lahf_lm epb tpr_shadow vnmi flexpriority ept vpid xsaveopt dtherm arat pln pts
bugs		:
bogomips	: 4190.76
clflush size	: 64
cache_alignment	: 64
address sizes	: 36 bits physical, 48 bits virtual
power management:

processor	: 2
vendor_id	: GenuineIntel
cpu family	: 6
model		: 42
model name	: Intel(R) Core(TM) i3-2310M CPU @ 2.10GHz
stepping	: 7
microcode	: 0x1a
cpu MHz		: 2099.871
cache size	: 3072 KB
physical id	: 0
siblings	: 4
core id		: 1
cpu cores	: 2
apicid		: 2
initial apicid	: 2
fpu		: yes
fpu_exception	: yes
cpuid level	: 13
wp		: yes
flags		: fpu vme de pse tsc msr pae mce cx8 apic sep mtrr pge mca cmov pat pse36 clflush dts acpi mmx fxsr sse sse2 ss ht tm pbe syscall nx rdtscp lm constant_tsc arch_perfmon pebs bts nopl xtopology nonstop_tsc aperfmperf eagerfpu pni pclmulqdq dtes64 monitor ds_cpl vmx est tm2 ssse3 cx16 xtpr pdcm pcid sse4_1 sse4_2 x2apic popcnt tsc_deadline_timer xsave avx lahf_lm epb tpr_shadow vnmi flexpriority ept vpid xsaveopt dtherm arat pln pts
bugs		:
bogomips	: 4190.76
clflush size	: 64
cache_alignment	: 64
address sizes	: 36 bits physical, 48 bits virtual
power management:

processor	: 3
vendor_id	: GenuineIntel
cpu family	: 6
model		: 42
model name	: Intel(R) Core(TM) i3-2310M CPU @ 2.10GHz
stepping	: 7
microcode	: 0x1a
cpu MHz		: 2099.871
cache size	: 3072 KB
physical id	: 0
siblings	: 4
core id		: 1
cpu cores	: 2
apicid		: 3
initial apicid	: 3
fpu		: yes
fpu_exception	: yes
cpuid level	: 13
wp		: yes
flags		: fpu vme de pse tsc msr pae mce cx8 apic sep mtrr pge mca cmov pat pse36 clflush dts acpi mmx fxsr sse sse2 ss ht tm pbe syscall nx rdtscp lm constant_tsc arch_perfmon pebs bts nopl xtopology nonstop_tsc aperfmperf eagerfpu pni pclmulqdq dtes64 monitor ds_cpl vmx est tm2 ssse3 cx16 xtpr pdcm pcid sse4_1 sse4_2 x2apic popcnt tsc_deadline_timer xsave avx lahf_lm epb tpr_shadow vnmi flexpriority ept vpid xsaveopt dtherm arat pln pts
bugs		:
bogomips	: 4190.76
clflush size	: 64
cache_alignment	: 64
address sizes	: 36 bits physical, 48 bits virtual
power management:



Memory: 4k page, physical 2922392k(99284k free), swap 291836k(30380k free)

vm_info: Java HotSpot(TM) 64-Bit Server VM (25.121-b13) for linux-amd64 JRE (1.8.0_121-b13), built on Dec 12 2016 16:36:53 by "java_re" with gcc 4.3.0 20080428 (Red Hat 4.3.0-8)

time: Fri Jun 16 13:23:21 2017
elapsed time: 643 seconds (0d 0h 10m 43s)

