#
# A fatal error has been detected by the Java Runtime Environment:
#
#  SIGSEGV (0xb) at pc=0x00007f5b72174d44, pid=3468, tid=0x00007f5b31750700
#
# JRE version: Java(TM) SE Runtime Environment (8.0_121-b13) (build 1.8.0_121-b13)
# Java VM: Java HotSpot(TM) 64-Bit Server VM (25.121-b13 mixed mode linux-amd64 compressed oops)
# Problematic frame:
# C  [libpthread.so.0+0x9d44]  pthread_mutex_lock+0x4
#
# Failed to write core dump. Core dumps have been disabled. To enable core dumping, try "ulimit -c unlimited" before starting Java again
#
# If you would like to submit a bug report, please visit:
#   http://bugreport.java.com/bugreport/crash.jsp
# The crash happened outside the Java Virtual Machine in native code.
# See problematic frame for where to report the bug.
#

---------------  T H R E A D  ---------------

Current thread (0x00007f5b1cbd4800):  JavaThread "qtp1180922129-21" [_thread_in_native, id=3500, stack(0x00007f5b31650000,0x00007f5b31751000)]

siginfo: si_signo: 11 (SIGSEGV), si_code: 128 (SI_KERNEL), si_addr: 0x0000000000000000

Registers:
RAX=0x00007f5af8037678, RBX=0x0000000000000000, RCX=0x00007f5b382ffcc0, RDX=0x00007f5af8037678
RSP=0x00007f5b3174ce60, RBP=0x00007f5af8037678, RSI=0x00007f5b3174ce90, RDI=0x3f28205345554c41
R8 =0x0000000000000001, R9 =0x0000000000000000, R10=0x00007f5adf723540, R11=0x00007f5adf743b10
R12=0x00007f5af8037c78, R13=0x00007f5b3174cec0, R14=0x00007f5b3174ce90, R15=0x00007f5b1cbd4800
RIP=0x00007f5b72174d44, EFLAGS=0x0000000000010206, CSGSFS=0x002b000000000033, ERR=0x0000000000000000
  TRAPNO=0x000000000000000d

Top of Stack: (sp=0x00007f5b3174ce60)
0x00007f5b3174ce60:   00007f5b3174ce90 00007f5adf7917ca
0x00007f5b3174ce70:   00000000d490d248 00007f5b3174ced0
0x00007f5b3174ce80:   0000000000000000 00007f5b5d1de05e
0x00007f5b3174ce90:   00000000d490d248 00007f5b382ffcaa
0x00007f5b3174cea0:   0000000000000000 00007f5af8037678
0x00007f5b3174ceb0:   00007f5b5b9e4000 00007f5b1cbd4800
0x00007f5b3174cec0:   0000000000000003 0000000000000029
0x00007f5b3174ced0:   0000000000000065 00007f5b5cd77820
0x00007f5b3174cee0:   00000000d490d248 00007f5af8037678
0x00007f5b3174cef0:   0000000000000065 00000000d490dc00
0x00007f5b3174cf00:   0000000100000029 00000000f1f76bb0
0x00007f5b3174cf10:   00000000d490d248 0000000000000000
0x00007f5b3174cf20:   00007f5b59d1e388 0000000000000007
0x00007f5b3174cf30:   0000000000000007 00000001000016d0
0x00007f5b3174cf40:   0000000000000003 0000000000000000
0x00007f5b3174cf50:   0000000000000009 00000000002625a0
0x00007f5b3174cf60:   00000000d490dc00 00007f5b5cd62e74
0x00007f5b3174cf70:   0000000000000028 0000015cb1a6e13f
0x00007f5b3174cf80:   00000000d4a801f0 00000000d4b9de90
0x00007f5b3174cf90:   00270a4400000002 0000000000000065
0x00007f5b3174cfa0:   00000000d4d74788 00000000d490da60
0x00007f5b3174cfb0:   00000000d490da60 0000000000000000
0x00007f5b3174cfc0:   00000000d4d74788 00000000d4b9de90
0x00007f5b3174cfd0:   00000000d4a801f0 0000015cb1a6e13f
0x00007f5b3174cfe0:   00007f5b3174d070 00007f5b5c5a57a7
0x00007f5b3174cff0:   0000000000000000 0000000000000000
0x00007f5b3174d000:   0000000000000000 00000000d462f360
0x00007f5b3174d010:   0000000000001fa0 00007f5b1cbd5190
0x00007f5b3174d020:   00007f5b1cbd4800 00007f5b3174d0f0
0x00007f5b3174d030:   00007f5b3174d400 00007f5b3174d0b0
0x00007f5b3174d040:   00007f5b3174d0b0 00007f5b3174d408
0x00007f5b3174d050:   00007f5b0000000c 00007f5b32b0f140 

Instructions: (pc=0x00007f5b72174d44)
0x00007f5b72174d24:   f0 02 00 00 00 00 00 00 b8 82 00 00 00 e9 d8 f9
0x00007f5b72174d34:   ff ff 66 2e 0f 1f 84 00 00 00 00 00 48 83 ec 08
0x00007f5b72174d44:   8b 57 10 89 d1 81 e1 7f 01 00 00 90 89 d0 83 e0
0x00007f5b72174d54:   7c 0f 85 95 00 00 00 85 c9 49 89 f8 0f 85 9a 00 

Register to memory mapping:

RAX=0x00007f5af8037678 is an unknown value
RBX=0x0000000000000000 is an unknown value
RCX=0x00007f5b382ffcc0 is an unknown value
RDX=0x00007f5af8037678 is an unknown value
RSP=0x00007f5b3174ce60 is pointing into the stack for thread: 0x00007f5b1cbd4800
RBP=0x00007f5af8037678 is an unknown value
RSI=0x00007f5b3174ce90 is pointing into the stack for thread: 0x00007f5b1cbd4800
RDI=0x3f28205345554c41 is an unknown value
R8 =0x0000000000000001 is an unknown value
R9 =0x0000000000000000 is an unknown value
R10=0x00007f5adf723540: Java_org_sqlite_core_NativeDB_reset+0 in /tmp/sqlite-3.16.1-50c12dc5-c0f5-4641-80f0-23ef33b259d9-libsqlitejdbc.so at 0x00007f5adf717000
R11=0x00007f5adf743b10: <offset 0x2cb10> in /tmp/sqlite-3.16.1-50c12dc5-c0f5-4641-80f0-23ef33b259d9-libsqlitejdbc.so at 0x00007f5adf717000
R12=0x00007f5af8037c78 is an unknown value
R13=0x00007f5b3174cec0 is pointing into the stack for thread: 0x00007f5b1cbd4800
R14=0x00007f5b3174ce90 is pointing into the stack for thread: 0x00007f5b1cbd4800
R15=0x00007f5b1cbd4800 is a thread


Stack: [0x00007f5b31650000,0x00007f5b31751000],  sp=0x00007f5b3174ce60,  free space=1011k
Native frames: (J=compiled Java code, j=interpreted, Vv=VM code, C=native code)
C  [libpthread.so.0+0x9d44]  pthread_mutex_lock+0x4

Java frames: (J=compiled Java code, j=interpreted, Vv=VM code)
J 4884  org.sqlite.core.NativeDB.reset(J)I (0 bytes) @ 0x00007f5b5d1ddf18 [0x00007f5b5d1ddee0+0x38]
J 4900 C2 org.sqlite.core.DB.executeBatch(JI[Ljava/lang/Object;)[I (219 bytes) @ 0x00007f5b5cd77820 [0x00007f5b5cd77640+0x1e0]
J 4918% C2 DbfReader.DBFController.saveDbfAsSqlite(Ljava/lang/String;Ljava/lang/String;)Ljava/lang/String; (446 bytes) @ 0x00007f5b5cd62e74 [0x00007f5b5cd62940+0x534]
v  ~StubRoutines::call_stub
J 2039  sun.reflect.NativeMethodAccessorImpl.invoke0(Ljava/lang/reflect/Method;Ljava/lang/Object;[Ljava/lang/Object;)Ljava/lang/Object; (0 bytes) @ 0x00007f5b5ccb5ef7 [0x00007f5b5ccb5e80+0x77]
J 2038 C1 sun.reflect.NativeMethodAccessorImpl.invoke(Ljava/lang/Object;[Ljava/lang/Object;)Ljava/lang/Object; (104 bytes) @ 0x00007f5b5ccb74cc [0x00007f5b5ccb6340+0x118c]
J 4696 C2 java.lang.reflect.Method.invoke(Ljava/lang/Object;[Ljava/lang/Object;)Ljava/lang/Object; (62 bytes) @ 0x00007f5b5ce4eb28 [0x00007f5b5ce4ea80+0xa8]
j  org.springframework.web.method.support.InvocableHandlerMethod.doInvoke([Ljava/lang/Object;)Ljava/lang/Object;+16
j  org.springframework.web.method.support.InvocableHandlerMethod.invokeForRequest(Lorg/springframework/web/context/request/NativeWebRequest;Lorg/springframework/web/method/support/ModelAndViewContainer;[Ljava/lang/Object;)Ljava/lang/Object;+75
j  org.springframework.web.servlet.mvc.method.annotation.ServletInvocableHandlerMethod.invokeAndHandle(Lorg/springframework/web/context/request/ServletWebRequest;Lorg/springframework/web/method/support/ModelAndViewContainer;[Ljava/lang/Object;)V+4
j  org.springframework.web.servlet.mvc.method.annotation.RequestMappingHandlerAdapter.invokeHandlerMethod(Ljavax/servlet/http/HttpServletRequest;Ljavax/servlet/http/HttpServletResponse;Lorg/springframework/web/method/HandlerMethod;)Lorg/springframework/web/servlet/ModelAndView;+262
j  org.springframework.web.servlet.mvc.method.annotation.RequestMappingHandlerAdapter.handleInternal(Ljavax/servlet/http/HttpServletRequest;Ljavax/servlet/http/HttpServletResponse;Lorg/springframework/web/method/HandlerMethod;)Lorg/springframework/web/servlet/ModelAndView;+81
j  org.springframework.web.servlet.mvc.method.AbstractHandlerMethodAdapter.handle(Ljavax/servlet/http/HttpServletRequest;Ljavax/servlet/http/HttpServletResponse;Ljava/lang/Object;)Lorg/springframework/web/servlet/ModelAndView;+7
j  org.springframework.web.servlet.DispatcherServlet.doDispatch(Ljavax/servlet/http/HttpServletRequest;Ljavax/servlet/http/HttpServletResponse;)V+318
j  org.springframework.web.servlet.DispatcherServlet.doService(Ljavax/servlet/http/HttpServletRequest;Ljavax/servlet/http/HttpServletResponse;)V+301
j  org.springframework.web.servlet.FrameworkServlet.processRequest(Ljavax/servlet/http/HttpServletRequest;Ljavax/servlet/http/HttpServletResponse;)V+71
j  org.springframework.web.servlet.FrameworkServlet.doGet(Ljavax/servlet/http/HttpServletRequest;Ljavax/servlet/http/HttpServletResponse;)V+3
j  javax.servlet.http.HttpServlet.service(Ljavax/servlet/http/HttpServletRequest;Ljavax/servlet/http/HttpServletResponse;)V+35
j  org.springframework.web.servlet.FrameworkServlet.service(Ljavax/servlet/http/HttpServletRequest;Ljavax/servlet/http/HttpServletResponse;)V+33
j  javax.servlet.http.HttpServlet.service(Ljavax/servlet/ServletRequest;Ljavax/servlet/ServletResponse;)V+30
j  org.eclipse.jetty.servlet.ServletHolder.handle(Lorg/eclipse/jetty/server/Request;Ljavax/servlet/ServletRequest;Ljavax/servlet/ServletResponse;)V+129
j  org.eclipse.jetty.servlet.ServletHandler$CachedChain.doFilter(Ljavax/servlet/ServletRequest;Ljavax/servlet/ServletResponse;)V+214
j  org.eclipse.jetty.websocket.server.WebSocketUpgradeFilter.doFilter(Ljavax/servlet/ServletRequest;Ljavax/servlet/ServletResponse;Ljavax/servlet/FilterChain;)V+117
j  org.eclipse.jetty.servlet.ServletHandler$CachedChain.doFilter(Ljavax/servlet/ServletRequest;Ljavax/servlet/ServletResponse;)V+126
j  org.springframework.boot.web.filter.ApplicationContextHeaderFilter.doFilterInternal(Ljavax/servlet/http/HttpServletRequest;Ljavax/servlet/http/HttpServletResponse;Ljavax/servlet/FilterChain;)V+20
j  org.springframework.web.filter.OncePerRequestFilter.doFilter(Ljavax/servlet/ServletRequest;Ljavax/servlet/ServletResponse;Ljavax/servlet/FilterChain;)V+111
j  org.eclipse.jetty.servlet.ServletHandler$CachedChain.doFilter(Ljavax/servlet/ServletRequest;Ljavax/servlet/ServletResponse;)V+126
j  org.springframework.boot.actuate.trace.WebRequestTraceFilter.doFilterInternal(Ljavax/servlet/http/HttpServletRequest;Ljavax/servlet/http/HttpServletResponse;Ljavax/servlet/FilterChain;)V+25
j  org.springframework.web.filter.OncePerRequestFilter.doFilter(Ljavax/servlet/ServletRequest;Ljavax/servlet/ServletResponse;Ljavax/servlet/FilterChain;)V+111
j  org.eclipse.jetty.servlet.ServletHandler$CachedChain.doFilter(Ljavax/servlet/ServletRequest;Ljavax/servlet/ServletResponse;)V+126
j  org.springframework.web.filter.RequestContextFilter.doFilterInternal(Ljavax/servlet/http/HttpServletRequest;Ljavax/servlet/http/HttpServletResponse;Ljavax/servlet/FilterChain;)V+21
j  org.springframework.web.filter.OncePerRequestFilter.doFilter(Ljavax/servlet/ServletRequest;Ljavax/servlet/ServletResponse;Ljavax/servlet/FilterChain;)V+111
j  org.eclipse.jetty.servlet.ServletHandler$CachedChain.doFilter(Ljavax/servlet/ServletRequest;Ljavax/servlet/ServletResponse;)V+126
j  org.springframework.web.filter.HttpPutFormContentFilter.doFilterInternal(Ljavax/servlet/http/HttpServletRequest;Ljavax/servlet/http/HttpServletResponse;Ljavax/servlet/FilterChain;)V+87
j  org.springframework.web.filter.OncePerRequestFilter.doFilter(Ljavax/servlet/ServletRequest;Ljavax/servlet/ServletResponse;Ljavax/servlet/FilterChain;)V+111
j  org.eclipse.jetty.servlet.ServletHandler$CachedChain.doFilter(Ljavax/servlet/ServletRequest;Ljavax/servlet/ServletResponse;)V+126
j  org.springframework.web.filter.HiddenHttpMethodFilter.doFilterInternal(Ljavax/servlet/http/HttpServletRequest;Ljavax/servlet/http/HttpServletResponse;Ljavax/servlet/FilterChain;)V+64
j  org.springframework.web.filter.OncePerRequestFilter.doFilter(Ljavax/servlet/ServletRequest;Ljavax/servlet/ServletResponse;Ljavax/servlet/FilterChain;)V+111
j  org.eclipse.jetty.servlet.ServletHandler$CachedChain.doFilter(Ljavax/servlet/ServletRequest;Ljavax/servlet/ServletResponse;)V+126
j  org.springframework.web.filter.CharacterEncodingFilter.doFilterInternal(Ljavax/servlet/http/HttpServletRequest;Ljavax/servlet/http/HttpServletResponse;Ljavax/servlet/FilterChain;)V+53
j  org.springframework.web.filter.OncePerRequestFilter.doFilter(Ljavax/servlet/ServletRequest;Ljavax/servlet/ServletResponse;Ljavax/servlet/FilterChain;)V+111
j  org.eclipse.jetty.servlet.ServletHandler$CachedChain.doFilter(Ljavax/servlet/ServletRequest;Ljavax/servlet/ServletResponse;)V+126
j  org.springframework.boot.actuate.autoconfigure.MetricsFilter.doFilterInternal(Ljavax/servlet/http/HttpServletRequest;Ljavax/servlet/http/HttpServletResponse;Ljavax/servlet/FilterChain;)V+31
j  org.springframework.web.filter.OncePerRequestFilter.doFilter(Ljavax/servlet/ServletRequest;Ljavax/servlet/ServletResponse;Ljavax/servlet/FilterChain;)V+111
j  org.eclipse.jetty.servlet.ServletHandler$CachedChain.doFilter(Ljavax/servlet/ServletRequest;Ljavax/servlet/ServletResponse;)V+126
j  org.eclipse.jetty.servlet.ServletHandler.doHandle(Ljava/lang/String;Lorg/eclipse/jetty/server/Request;Ljavax/servlet/http/HttpServletRequest;Ljavax/servlet/http/HttpServletResponse;)V+194
j  org.eclipse.jetty.server.handler.ScopedHandler.handle(Ljava/lang/String;Lorg/eclipse/jetty/server/Request;Ljavax/servlet/http/HttpServletRequest;Ljavax/servlet/http/HttpServletResponse;)V+32
j  org.eclipse.jetty.security.SecurityHandler.handle(Ljava/lang/String;Lorg/eclipse/jetty/server/Request;Ljavax/servlet/http/HttpServletRequest;Ljavax/servlet/http/HttpServletResponse;)V+553
j  org.eclipse.jetty.server.handler.HandlerWrapper.handle(Ljava/lang/String;Lorg/eclipse/jetty/server/Request;Ljavax/servlet/http/HttpServletRequest;Ljavax/servlet/http/HttpServletResponse;)V+18
j  org.eclipse.jetty.server.handler.ScopedHandler.nextHandle(Ljava/lang/String;Lorg/eclipse/jetty/server/Request;Ljavax/servlet/http/HttpServletRequest;Ljavax/servlet/http/HttpServletResponse;)V+46
j  org.eclipse.jetty.server.session.SessionHandler.doHandle(Ljava/lang/String;Lorg/eclipse/jetty/server/Request;Ljavax/servlet/http/HttpServletRequest;Ljavax/servlet/http/HttpServletResponse;)V+6
j  org.eclipse.jetty.server.handler.ScopedHandler.nextHandle(Ljava/lang/String;Lorg/eclipse/jetty/server/Request;Ljavax/servlet/http/HttpServletRequest;Ljavax/servlet/http/HttpServletResponse;)V+27
j  org.eclipse.jetty.server.handler.ContextHandler.doHandle(Ljava/lang/String;Lorg/eclipse/jetty/server/Request;Ljavax/servlet/http/HttpServletRequest;Ljavax/servlet/http/HttpServletResponse;)V+141
j  org.eclipse.jetty.server.handler.ScopedHandler.nextScope(Ljava/lang/String;Lorg/eclipse/jetty/server/Request;Ljavax/servlet/http/HttpServletRequest;Ljavax/servlet/http/HttpServletResponse;)V+38
j  org.eclipse.jetty.servlet.ServletHandler.doScope(Ljava/lang/String;Lorg/eclipse/jetty/server/Request;Ljavax/servlet/http/HttpServletRequest;Ljavax/servlet/http/HttpServletResponse;)V+207
j  org.eclipse.jetty.server.session.SessionHandler.doScope(Ljava/lang/String;Lorg/eclipse/jetty/server/Request;Ljavax/servlet/http/HttpServletRequest;Ljavax/servlet/http/HttpServletResponse;)V+206
j  org.eclipse.jetty.server.handler.ScopedHandler.nextScope(Ljava/lang/String;Lorg/eclipse/jetty/server/Request;Ljavax/servlet/http/HttpServletRequest;Ljavax/servlet/http/HttpServletResponse;)V+16
j  org.eclipse.jetty.server.handler.ContextHandler.doScope(Ljava/lang/String;Lorg/eclipse/jetty/server/Request;Ljavax/servlet/http/HttpServletRequest;Ljavax/servlet/http/HttpServletResponse;)V+424
j  org.eclipse.jetty.server.handler.ScopedHandler.handle(Ljava/lang/String;Lorg/eclipse/jetty/server/Request;Ljavax/servlet/http/HttpServletRequest;Ljavax/servlet/http/HttpServletResponse;)V+20
j  org.eclipse.jetty.server.handler.HandlerWrapper.handle(Ljava/lang/String;Lorg/eclipse/jetty/server/Request;Ljavax/servlet/http/HttpServletRequest;Ljavax/servlet/http/HttpServletResponse;)V+18
j  org.eclipse.jetty.server.Server.handle(Lorg/eclipse/jetty/server/HttpChannel;)V+141
j  org.eclipse.jetty.server.HttpChannel.handle()Z+313
j  org.eclipse.jetty.server.HttpConnection.onFillable()V+127
j  org.eclipse.jetty.io.AbstractConnection$ReadCallback.succeeded()V+4
j  org.eclipse.jetty.io.FillInterest.fillable()V+61
j  org.eclipse.jetty.io.ChannelEndPoint$2.run()V+7
j  org.eclipse.jetty.util.thread.QueuedThreadPool.runJob(Ljava/lang/Runnable;)V+1
j  org.eclipse.jetty.util.thread.QueuedThreadPool$2.run()V+104
j  java.lang.Thread.run()V+11
v  ~StubRoutines::call_stub

---------------  P R O C E S S  ---------------

Java Threads: ( => current thread )
  0x00007f5b102ed800 JavaThread "Scheduler-1113648047" [_thread_blocked, id=3634, stack(0x00007f5b33a3b000,0x00007f5b33b3c000)]
  0x00007f5b6c011800 JavaThread "DestroyJavaVM" [_thread_blocked, id=3469, stack(0x00007f5b72489000,0x00007f5b7258a000)]
  0x00007f5b1ce1c800 JavaThread "Live Reload Server" daemon [_thread_in_native, id=3513, stack(0x00007f5adfbfe000,0x00007f5adfcff000)]
  0x00007f5b1ce10800 JavaThread "File Watcher" daemon [_thread_blocked, id=3511, stack(0x00007f5b300c6000,0x00007f5b301c7000)]
  0x00007f5b1ccc2800 JavaThread "HttpClient@1860302721-32" [_thread_blocked, id=3510, stack(0x00007f5b303c7000,0x00007f5b304c8000)]
  0x00007f5b1ccc0800 JavaThread "HttpClient@1860302721-31" [_thread_blocked, id=3509, stack(0x00007f5b304c8000,0x00007f5b305c9000)]
  0x00007f5b1ccbe800 JavaThread "HttpClient@1860302721-30" [_thread_blocked, id=3508, stack(0x00007f5b305c9000,0x00007f5b306ca000)]
  0x00007f5b1ccbc800 JavaThread "HttpClient@1860302721-29" [_thread_blocked, id=3507, stack(0x00007f5b306ca000,0x00007f5b307cb000)]
  0x00007f5b1ccbb000 JavaThread "HttpClient@1860302721-28-lowPrioritySelector" [_thread_blocked, id=3506, stack(0x00007f5b307cb000,0x00007f5b308cc000)]
  0x00007f5b1ccb9000 JavaThread "HttpClient@1860302721-27" [_thread_in_native, id=3505, stack(0x00007f5b308cc000,0x00007f5b309cd000)]
  0x00007f5b1ccb7800 JavaThread "HttpClient@1860302721-26-lowPrioritySelector" [_thread_blocked, id=3504, stack(0x00007f5b309cd000,0x00007f5b30ace000)]
  0x00007f5b1ccb5800 JavaThread "HttpClient@1860302721-25" [_thread_in_native, id=3503, stack(0x00007f5b30ace000,0x00007f5b30bcf000)]
  0x00007f5b1cc22000 JavaThread "Scheduler-1542865248" [_thread_blocked, id=3502, stack(0x00007f5b3124e000,0x00007f5b3134f000)]
  0x00007f5b1cbd6800 JavaThread "qtp1180922129-22" [_thread_in_native, id=3501, stack(0x00007f5b3154f000,0x00007f5b31650000)]
=>0x00007f5b1cbd4800 JavaThread "qtp1180922129-21" [_thread_in_native, id=3500, stack(0x00007f5b31650000,0x00007f5b31751000)]
  0x00007f5b1cbd3000 JavaThread "qtp1180922129-20" [_thread_in_vm, id=3499, stack(0x00007f5b31751000,0x00007f5b31852000)]
  0x00007f5b1cbd1000 JavaThread "qtp1180922129-19-acceptor-0@71316598-ServerConnector@5e11c79c{HTTP/1.1,[http/1.1]}{0.0.0.0:8080}" [_thread_in_native, id=3498, stack(0x00007f5b31852000,0x00007f5b31953000)]
  0x00007f5b1cbcf800 JavaThread "qtp1180922129-18-lowPrioritySelector" [_thread_blocked, id=3497, stack(0x00007f5b31953000,0x00007f5b31a54000)]
  0x00007f5b1cbce000 JavaThread "qtp1180922129-17" [_thread_blocked, id=3496, stack(0x00007f5b31a54000,0x00007f5b31b55000)]
  0x00007f5b1cbcd000 JavaThread "qtp1180922129-16-lowPrioritySelector" [_thread_blocked, id=3495, stack(0x00007f5b32812000,0x00007f5b32913000)]
  0x00007f5b1cbcc000 JavaThread "qtp1180922129-15" [_thread_in_native, id=3494, stack(0x00007f5b33118000,0x00007f5b33219000)]
  0x00007f5b6c0c8000 JavaThread "Service Thread" daemon [_thread_blocked, id=3485, stack(0x00007f5b33eff000,0x00007f5b34000000)]
  0x00007f5b6c0c5800 JavaThread "C1 CompilerThread2" daemon [_thread_blocked, id=3484, stack(0x00007f5b58037000,0x00007f5b58138000)]
  0x00007f5b6c0c3800 JavaThread "C2 CompilerThread1" daemon [_thread_blocked, id=3483, stack(0x00007f5b58138000,0x00007f5b58239000)]
  0x00007f5b6c0c0800 JavaThread "C2 CompilerThread0" daemon [_thread_blocked, id=3482, stack(0x00007f5b58239000,0x00007f5b5833a000)]
  0x00007f5b6c0bc800 JavaThread "Signal Dispatcher" daemon [_thread_blocked, id=3481, stack(0x00007f5b5833a000,0x00007f5b5843b000)]
  0x00007f5b6c08b800 JavaThread "Finalizer" daemon [_thread_blocked, id=3480, stack(0x00007f5b58714000,0x00007f5b58815000)]
  0x00007f5b6c086800 JavaThread "Reference Handler" daemon [_thread_blocked, id=3479, stack(0x00007f5b58815000,0x00007f5b58916000)]

Other Threads:
  0x00007f5b6c07f000 VMThread [stack: 0x00007f5b58916000,0x00007f5b58a17000] [id=3478]
  0x00007f5b6c0cb800 WatcherThread [stack: 0x00007f5b33dfe000,0x00007f5b33eff000] [id=3486]

VM state:not at safepoint (normal execution)

VM Mutex/Monitor currently owned by a thread: None

Heap:
 PSYoungGen      total 179200K, used 58254K [0x00000000f1200000, 0x00000000ffd80000, 0x0000000100000000)
  eden space 120320K, 15% used [0x00000000f1200000,0x00000000f240d388,0x00000000f8780000)
  from space 58880K, 67% used [0x00000000fc400000,0x00000000fead6610,0x00000000ffd80000)
  to   space 60416K, 0% used [0x00000000f8780000,0x00000000f8780000,0x00000000fc280000)
 ParOldGen       total 362496K, used 63846K [0x00000000d3600000, 0x00000000e9800000, 0x00000000f1200000)
  object space 362496K, 17% used [0x00000000d3600000,0x00000000d7459878,0x00000000e9800000)
 Metaspace       used 41299K, capacity 41906K, committed 42536K, reserved 1087488K
  class space    used 5101K, capacity 5269K, committed 5424K, reserved 1048576K

Card table byte_map: [0x00007f5b5c07f000,0x00007f5b5c1e5000] byte_map_base: 0x00007f5b5b9e4000

Marking Bits: (ParMarkBitMap*) 0x00007f5b7195ac80
 Begin Bits: [0x00007f5b5a53d000, 0x00007f5b5b065000)
 End Bits:   [0x00007f5b5b065000, 0x00007f5b5bb8d000)

Polling page: 0x00007f5b725aa000

CodeCache: size=245760Kb used=15206Kb max_used=15210Kb free=230553Kb
 bounds [0x00007f5b5c5a5000, 0x00007f5b5d4a5000, 0x00007f5b6b5a5000]
 total_blobs=4725 nmethods=4024 adapters=613
 compilation: enabled

Compilation events (10 events):
Event: 11503,564 Thread 0x00007f5b6c0c5800 4940       3       org.sqlite.core.CoreResultSet::checkCol (81 bytes)
Event: 11503,565 Thread 0x00007f5b6c0c5800 nmethod 4940 0x00007f5b5c943250 code [0x00007f5b5c9434a0, 0x00007f5b5c944158]
Event: 11503,565 Thread 0x00007f5b6c0c5800 4941  s    3       org.sqlite.core.NativeDB::column_name (10 bytes)
Event: 11503,565 Thread 0x00007f5b6c0c5800 nmethod 4941 0x00007f5b5cd67b50 code [0x00007f5b5cd67d00, 0x00007f5b5cd68328]
Event: 11503,565 Thread 0x00007f5b6c0c5800 4946       3       org.sqlite.jdbc3.JDBC3ResultSet::getString (20 bytes)
Event: 11503,566 Thread 0x00007f5b6c0c5800 nmethod 4946 0x00007f5b5c87f450 code [0x00007f5b5c87f600, 0x00007f5b5c87fbc8]
Event: 11503,566 Thread 0x00007f5b6c0c5800 4944       3       org.sqlite.core.CoreResultSet::markCol (20 bytes)
Event: 11503,567 Thread 0x00007f5b6c0c5800 nmethod 4944 0x00007f5b5cb54750 code [0x00007f5b5cb548e0, 0x00007f5b5cb54cd8]
Event: 11503,567 Thread 0x00007f5b6c0c5800 4945       3       org.sqlite.core.CoreResultSet::checkOpen (18 bytes)
Event: 11503,567 Thread 0x00007f5b6c0c5800 nmethod 4945 0x00007f5b5d455d90 code [0x00007f5b5d455f00, 0x00007f5b5d456148]

GC Heap History (10 events):
Event: 11387,703 GC heap before
{Heap before GC invocations=259 (full 20):
 PSYoungGen      total 179712K, used 170807K [0x00000000f1200000, 0x0000000100000000, 0x0000000100000000)
  eden space 117760K, 100% used [0x00000000f1200000,0x00000000f8500000,0x00000000f8500000)
  from space 61952K, 85% used [0x00000000fc380000,0x00000000ff74de60,0x0000000100000000)
  to   space 62976K, 0% used [0x00000000f8500000,0x00000000f8500000,0x00000000fc280000)
 ParOldGen       total 387072K, used 317037K [0x00000000d3600000, 0x00000000eb000000, 0x00000000f1200000)
  object space 387072K, 81% used [0x00000000d3600000,0x00000000e6b9b670,0x00000000eb000000)
 Metaspace       used 41296K, capacity 41906K, committed 42536K, reserved 1087488K
  class space    used 5101K, capacity 5269K, committed 5424K, reserved 1048576K
Event: 11387,770 GC heap after
Heap after GC invocations=259 (full 20):
 PSYoungGen      total 180736K, used 39831K [0x00000000f1200000, 0x0000000100000000, 0x0000000100000000)
  eden space 117760K, 0% used [0x00000000f1200000,0x00000000f1200000,0x00000000f8500000)
  from space 62976K, 63% used [0x00000000f8500000,0x00000000fabe5e60,0x00000000fc280000)
  to   space 62464K, 0% used [0x00000000fc300000,0x00000000fc300000,0x0000000100000000)
 ParOldGen       total 387072K, used 334941K [0x00000000d3600000, 0x00000000eb000000, 0x00000000f1200000)
  object space 387072K, 86% used [0x00000000d3600000,0x00000000e7d17670,0x00000000eb000000)
 Metaspace       used 41296K, capacity 41906K, committed 42536K, reserved 1087488K
  class space    used 5101K, capacity 5269K, committed 5424K, reserved 1048576K
}
Event: 11387,770 GC heap before
{Heap before GC invocations=260 (full 21):
 PSYoungGen      total 180736K, used 39831K [0x00000000f1200000, 0x0000000100000000, 0x0000000100000000)
  eden space 117760K, 0% used [0x00000000f1200000,0x00000000f1200000,0x00000000f8500000)
  from space 62976K, 63% used [0x00000000f8500000,0x00000000fabe5e60,0x00000000fc280000)
  to   space 62464K, 0% used [0x00000000fc300000,0x00000000fc300000,0x0000000100000000)
 ParOldGen       total 387072K, used 334941K [0x00000000d3600000, 0x00000000eb000000, 0x00000000f1200000)
  object space 387072K, 86% used [0x00000000d3600000,0x00000000e7d17670,0x00000000eb000000)
 Metaspace       used 41296K, capacity 41906K, committed 42536K, reserved 1087488K
  class space    used 5101K, capacity 5269K, committed 5424K, reserved 1048576K
Event: 11388,023 GC heap after
Heap after GC invocations=260 (full 21):
 PSYoungGen      total 180736K, used 0K [0x00000000f1200000, 0x0000000100000000, 0x0000000100000000)
  eden space 117760K, 0% used [0x00000000f1200000,0x00000000f1200000,0x00000000f8500000)
  from space 62976K, 0% used [0x00000000f8500000,0x00000000f8500000,0x00000000fc280000)
  to   space 62464K, 0% used [0x00000000fc300000,0x00000000fc300000,0x0000000100000000)
 ParOldGen       total 362496K, used 63830K [0x00000000d3600000, 0x00000000e9800000, 0x00000000f1200000)
  object space 362496K, 17% used [0x00000000d3600000,0x00000000d7455878,0x00000000e9800000)
 Metaspace       used 41296K, capacity 41906K, committed 42536K, reserved 1087488K
  class space    used 5101K, capacity 5269K, committed 5424K, reserved 1048576K
}
Event: 11389,124 GC heap before
{Heap before GC invocations=261 (full 21):
 PSYoungGen      total 180736K, used 117760K [0x00000000f1200000, 0x0000000100000000, 0x0000000100000000)
  eden space 117760K, 100% used [0x00000000f1200000,0x00000000f8500000,0x00000000f8500000)
  from space 62976K, 0% used [0x00000000f8500000,0x00000000f8500000,0x00000000fc280000)
  to   space 62464K, 0% used [0x00000000fc300000,0x00000000fc300000,0x0000000100000000)
 ParOldGen       total 362496K, used 63830K [0x00000000d3600000, 0x00000000e9800000, 0x00000000f1200000)
  object space 362496K, 17% used [0x00000000d3600000,0x00000000d7455878,0x00000000e9800000)
 Metaspace       used 41296K, capacity 41906K, committed 42536K, reserved 1087488K
  class space    used 5101K, capacity 5269K, committed 5424K, reserved 1048576K
Event: 11389,740 GC heap after
Heap after GC invocations=261 (full 21):
 PSYoungGen      total 179200K, used 39767K [0x00000000f1200000, 0x00000000ffe80000, 0x0000000100000000)
  eden space 118272K, 0% used [0x00000000f1200000,0x00000000f1200000,0x00000000f8580000)
  from space 60928K, 65% used [0x00000000fc300000,0x00000000fe9d5e60,0x00000000ffe80000)
  to   space 61952K, 0% used [0x00000000f8580000,0x00000000f8580000,0x00000000fc200000)
 ParOldGen       total 362496K, used 63830K [0x00000000d3600000, 0x00000000e9800000, 0x00000000f1200000)
  object space 362496K, 17% used [0x00000000d3600000,0x00000000d7455878,0x00000000e9800000)
 Metaspace       used 41296K, capacity 41906K, committed 42536K, reserved 1087488K
  class space    used 5101K, capacity 5269K, committed 5424K, reserved 1048576K
}
Event: 11444,370 GC heap before
{Heap before GC invocations=262 (full 21):
 PSYoungGen      total 179200K, used 158039K [0x00000000f1200000, 0x00000000ffe80000, 0x0000000100000000)
  eden space 118272K, 100% used [0x00000000f1200000,0x00000000f8580000,0x00000000f8580000)
  from space 60928K, 65% used [0x00000000fc300000,0x00000000fe9d5e60,0x00000000ffe80000)
  to   space 61952K, 0% used [0x00000000f8580000,0x00000000f8580000,0x00000000fc200000)
 ParOldGen       total 362496K, used 63830K [0x00000000d3600000, 0x00000000e9800000, 0x00000000f1200000)
  object space 362496K, 17% used [0x00000000d3600000,0x00000000d7455878,0x00000000e9800000)
 Metaspace       used 41296K, capacity 41906K, committed 42536K, reserved 1087488K
  class space    used 5101K, capacity 5269K, committed 5424K, reserved 1048576K
Event: 11444,574 GC heap after
Heap after GC invocations=262 (full 21):
 PSYoungGen      total 180224K, used 39863K [0x00000000f1200000, 0x0000000100000000, 0x0000000100000000)
  eden space 118272K, 0% used [0x00000000f1200000,0x00000000f1200000,0x00000000f8580000)
  from space 61952K, 64% used [0x00000000f8580000,0x00000000fac6de60,0x00000000fc200000)
  to   space 61440K, 0% used [0x00000000fc400000,0x00000000fc400000,0x0000000100000000)
 ParOldGen       total 362496K, used 63830K [0x00000000d3600000, 0x00000000e9800000, 0x00000000f1200000)
  object space 362496K, 17% used [0x00000000d3600000,0x00000000d7455878,0x00000000e9800000)
 Metaspace       used 41296K, capacity 41906K, committed 42536K, reserved 1087488K
  class space    used 5101K, capacity 5269K, committed 5424K, reserved 1048576K
}
Event: 11503,385 GC heap before
{Heap before GC invocations=263 (full 21):
 PSYoungGen      total 180224K, used 158135K [0x00000000f1200000, 0x0000000100000000, 0x0000000100000000)
  eden space 118272K, 100% used [0x00000000f1200000,0x00000000f8580000,0x00000000f8580000)
  from space 61952K, 64% used [0x00000000f8580000,0x00000000fac6de60,0x00000000fc200000)
  to   space 61440K, 0% used [0x00000000fc400000,0x00000000fc400000,0x0000000100000000)
 ParOldGen       total 362496K, used 63830K [0x00000000d3600000, 0x00000000e9800000, 0x00000000f1200000)
  object space 362496K, 17% used [0x00000000d3600000,0x00000000d7455878,0x00000000e9800000)
 Metaspace       used 41297K, capacity 41906K, committed 42536K, reserved 1087488K
  class space    used 5101K, capacity 5269K, committed 5424K, reserved 1048576K
Event: 11503,516 GC heap after
Heap after GC invocations=263 (full 21):
 PSYoungGen      total 179200K, used 39769K [0x00000000f1200000, 0x00000000ffd80000, 0x0000000100000000)
  eden space 120320K, 0% used [0x00000000f1200000,0x00000000f1200000,0x00000000f8780000)
  from space 58880K, 67% used [0x00000000fc400000,0x00000000fead6610,0x00000000ffd80000)
  to   space 60416K, 0% used [0x00000000f8780000,0x00000000f8780000,0x00000000fc280000)
 ParOldGen       total 362496K, used 63846K [0x00000000d3600000, 0x00000000e9800000, 0x00000000f1200000)
  object space 362496K, 17% used [0x00000000d3600000,0x00000000d7459878,0x00000000e9800000)
 Metaspace       used 41297K, capacity 41906K, committed 42536K, reserved 1087488K
  class space    used 5101K, capacity 5269K, committed 5424K, reserved 1048576K
}

Deoptimization events (10 events):
Event: 218,730 Thread 0x00007f5b1cbd4800 Uncommon trap: reason=unstable_if action=reinterpret pc=0x00007f5b5c78c23c method=java.lang.AbstractStringBuilder.append(Ljava/lang/String;)Ljava/lang/AbstractStringBuilder; @ 1
Event: 1140,142 Thread 0x00007f5b1cbce000 Uncommon trap: reason=null_check action=make_not_entrant pc=0x00007f5b5d45ef7c method=org.springframework.core.annotation.AnnotatedElementUtils.searchWithFindSemantics(Ljava/lang/reflect/AnnotatedElement;Ljava/lang/Class;Ljava/lang/String;Ljava/lang/Class
Event: 6508,781 Thread 0x00007f5b1cbd4800 Uncommon trap: reason=unstable_if action=reinterpret pc=0x00007f5b5c941a14 method=java.lang.ref.SoftReference.get()Ljava/lang/Object; @ 6
Event: 11251,879 Thread 0x00007f5b1cbd4800 Uncommon trap: reason=unstable_if action=reinterpret pc=0x00007f5b5cea69e0 method=java.lang.ref.SoftReference.get()Ljava/lang/Object; @ 6
Event: 11251,879 Thread 0x00007f5b1cbd4800 Uncommon trap: reason=unstable_if action=reinterpret pc=0x00007f5b5ce31f34 method=java.lang.ref.SoftReference.get()Ljava/lang/Object; @ 6
Event: 11252,394 Thread 0x00007f5b1cbd4800 Uncommon trap: reason=unstable_if action=reinterpret pc=0x00007f5b5c720cd0 method=java.lang.AbstractStringBuilder.append(I)Ljava/lang/AbstractStringBuilder; @ 16
Event: 11254,419 Thread 0x00007f5b1cbd4800 Uncommon trap: reason=unstable_if action=reinterpret pc=0x00007f5b5d471c88 method=DbfReader.DBFManager.readNext()[Ljava/lang/String; @ 19
Event: 11263,490 Thread 0x00007f5b6c086800 Uncommon trap: reason=unstable_if action=reinterpret pc=0x00007f5b5cfc3990 method=java.lang.ref.Reference.tryHandlePending(Z)Z @ 20
Event: 11268,296 Thread 0x00007f5b1cbd4800 Uncommon trap: reason=unstable_if action=reinterpret pc=0x00007f5b5cd7b50c method=DbfReader.DBFController.saveDbfAsSqlite(Ljava/lang/String;Ljava/lang/String;)Ljava/lang/String; @ 347
Event: 11388,589 Thread 0x00007f5b1cbd3000 Uncommon trap: reason=unstable_if action=reinterpret pc=0x00007f5b5d0e7bf4 method=java.lang.ref.SoftReference.get()Ljava/lang/Object; @ 6

Internal exceptions (10 events):
Event: 6115,011 Thread 0x00007f5b1cbcc000 Exception <a 'java/lang/reflect/InvocationTargetException'> (0x00000000f1f9a048) thrown at [/HUDSON3/workspace/8-2-build-linux-amd64/jdk8u121/8372/hotspot/src/share/vm/runtime/reflection.cpp, line 1092]
Event: 6508,760 Thread 0x00007f5b1cbd4800 Exception <a 'java/lang/NullPointerException'> (0x00000000f1801f18) thrown at [/HUDSON3/workspace/8-2-build-linux-amd64/jdk8u121/8372/hotspot/src/share/vm/interpreter/linkResolver.cpp, line 1280]
Event: 6508,760 Thread 0x00007f5b1cbd4800 Exception <a 'java/lang/reflect/InvocationTargetException'> (0x00000000f18024f0) thrown at [/HUDSON3/workspace/8-2-build-linux-amd64/jdk8u121/8372/hotspot/src/share/vm/runtime/reflection.cpp, line 1092]
Event: 7302,013 Thread 0x00007f5b1cbcc000 Exception <a 'java/lang/NullPointerException'> (0x00000000f7bd6a90) thrown at [/HUDSON3/workspace/8-2-build-linux-amd64/jdk8u121/8372/hotspot/src/share/vm/interpreter/linkResolver.cpp, line 1280]
Event: 7302,014 Thread 0x00007f5b1cbcc000 Exception <a 'java/lang/reflect/InvocationTargetException'> (0x00000000f7bd7068) thrown at [/HUDSON3/workspace/8-2-build-linux-amd64/jdk8u121/8372/hotspot/src/share/vm/runtime/reflection.cpp, line 1092]
Event: 10938,580 Thread 0x00007f5b1cbce000 Exception <a 'java/lang/NullPointerException'> (0x00000000f2f67138) thrown at [/HUDSON3/workspace/8-2-build-linux-amd64/jdk8u121/8372/hotspot/src/share/vm/interpreter/linkResolver.cpp, line 1280]
Event: 10938,580 Thread 0x00007f5b1cbce000 Exception <a 'java/lang/reflect/InvocationTargetException'> (0x00000000f2f67710) thrown at [/HUDSON3/workspace/8-2-build-linux-amd64/jdk8u121/8372/hotspot/src/share/vm/runtime/reflection.cpp, line 1092]
Event: 11251,832 Thread 0x00007f5b1cbd4800 Implicit null exception at 0x00007f5b5cea6423 to 0x00007f5b5cea69c1
Event: 11251,879 Thread 0x00007f5b1cbd4800 Implicit null exception at 0x00007f5b5ce31a80 to 0x00007f5b5ce31f19
Event: 11388,589 Thread 0x00007f5b1cbd3000 Implicit null exception at 0x00007f5b5d0e729b to 0x00007f5b5d0e7bbd

Events (10 events):
Event: 11388,650 Thread 0x00007f5b1cbd3000 DEOPT UNPACKING pc=0x00007f5b5c5aa229 sp=0x00007f5b3184cd70 mode 2
Event: 11389,740 Executing VM operation: ParallelGCFailedAllocation done
Event: 11390,515 Thread 0x00007f5b6c0c0800 flushing nmethod 0x00007f5b5d1cbe50
Event: 11444,277 Executing VM operation: ParallelGCFailedAllocation
Event: 11444,574 Executing VM operation: ParallelGCFailedAllocation done
Event: 11503,362 Executing VM operation: ParallelGCFailedAllocation
Event: 11503,516 Executing VM operation: ParallelGCFailedAllocation done
Event: 11503,517 Thread 0x00007f5b6c0c5800 flushing nmethod 0x00007f5b5d3ced10
Event: 11503,518 Thread 0x00007f5b6c0c5800 flushing nmethod 0x00007f5b5d3cf090
Event: 11503,518 Thread 0x00007f5b6c0c5800 flushing nmethod 0x00007f5b5d3e6050


Dynamic libraries:
00400000-00401000 r-xp 00000000 08:01 310143                             /usr/lib/jvm/java-8-oracle/bin/java
00600000-00601000 rw-p 00000000 08:01 310143                             /usr/lib/jvm/java-8-oracle/bin/java
01f8e000-01faf000 rw-p 00000000 00:00 0                                  [heap]
d3600000-e9800000 rw-p 00000000 00:00 0 
e9800000-f1200000 ---p 00000000 00:00 0 
f1200000-ffd80000 rw-p 00000000 00:00 0 
ffd80000-100000000 ---p 00000000 00:00 0 
100000000-10054c000 rw-p 00000000 00:00 0 
10054c000-140000000 ---p 00000000 00:00 0 
7f5ad8000000-7f5ad8021000 rw-p 00000000 00:00 0 
7f5ad8021000-7f5adc000000 ---p 00000000 00:00 0 
7f5adf517000-7f5adf557000 rw-p 00000000 00:00 0 
7f5adf557000-7f5adf717000 ---p 00000000 00:00 0 
7f5adf717000-7f5adf7f9000 r-xp 00000000 08:01 2237728                    /tmp/sqlite-3.16.1-50c12dc5-c0f5-4641-80f0-23ef33b259d9-libsqlitejdbc.so
7f5adf7f9000-7f5adf9f9000 ---p 000e2000 08:01 2237728                    /tmp/sqlite-3.16.1-50c12dc5-c0f5-4641-80f0-23ef33b259d9-libsqlitejdbc.so
7f5adf9f9000-7f5adf9fe000 rw-p 000e2000 08:01 2237728                    /tmp/sqlite-3.16.1-50c12dc5-c0f5-4641-80f0-23ef33b259d9-libsqlitejdbc.so
7f5adf9fe000-7f5adfbfe000 rw-p 00000000 00:00 0 
7f5adfbfe000-7f5adfc01000 ---p 00000000 00:00 0 
7f5adfc01000-7f5adfcff000 rw-p 00000000 00:00 0 
7f5adfcff000-7f5adfd02000 ---p 00000000 00:00 0 
7f5adfd02000-7f5ae0000000 rw-p 00000000 00:00 0 
7f5ae0000000-7f5ae0021000 rw-p 00000000 00:00 0 
7f5ae0021000-7f5ae4000000 ---p 00000000 00:00 0 
7f5ae4000000-7f5ae428d000 rw-p 00000000 00:00 0 
7f5ae428d000-7f5ae8000000 ---p 00000000 00:00 0 
7f5ae8000000-7f5ae8021000 rw-p 00000000 00:00 0 
7f5ae8021000-7f5aec000000 ---p 00000000 00:00 0 
7f5aec000000-7f5aec021000 rw-p 00000000 00:00 0 
7f5aec021000-7f5af0000000 ---p 00000000 00:00 0 
7f5af0000000-7f5af0021000 rw-p 00000000 00:00 0 
7f5af0021000-7f5af4000000 ---p 00000000 00:00 0 
7f5af4000000-7f5af4021000 rw-p 00000000 00:00 0 
7f5af4021000-7f5af8000000 ---p 00000000 00:00 0 
7f5af8000000-7f5af83b5000 rw-p 00000000 00:00 0 
7f5af83b5000-7f5afc000000 ---p 00000000 00:00 0 
7f5afc000000-7f5afc083000 rw-p 00000000 00:00 0 
7f5afc083000-7f5b00000000 ---p 00000000 00:00 0 
7f5b00000000-7f5b00021000 rw-p 00000000 00:00 0 
7f5b00021000-7f5b04000000 ---p 00000000 00:00 0 
7f5b04000000-7f5b04487000 rw-p 00000000 00:00 0 
7f5b04487000-7f5b08000000 ---p 00000000 00:00 0 
7f5b08000000-7f5b08489000 rw-p 00000000 00:00 0 
7f5b08489000-7f5b0c000000 ---p 00000000 00:00 0 
7f5b0c000000-7f5b0c021000 rw-p 00000000 00:00 0 
7f5b0c021000-7f5b10000000 ---p 00000000 00:00 0 
7f5b10000000-7f5b10581000 rw-p 00000000 00:00 0 
7f5b10581000-7f5b14000000 ---p 00000000 00:00 0 
7f5b14000000-7f5b14021000 rw-p 00000000 00:00 0 
7f5b14021000-7f5b18000000 ---p 00000000 00:00 0 
7f5b18000000-7f5b18021000 rw-p 00000000 00:00 0 
7f5b18021000-7f5b1c000000 ---p 00000000 00:00 0 
7f5b1c000000-7f5b1ce74000 rw-p 00000000 00:00 0 
7f5b1ce74000-7f5b20000000 ---p 00000000 00:00 0 
7f5b20000000-7f5b20021000 rw-p 00000000 00:00 0 
7f5b20021000-7f5b24000000 ---p 00000000 00:00 0 
7f5b24000000-7f5b24021000 rw-p 00000000 00:00 0 
7f5b24021000-7f5b28000000 ---p 00000000 00:00 0 
7f5b28000000-7f5b29493000 rw-p 00000000 00:00 0 
7f5b29493000-7f5b2c000000 ---p 00000000 00:00 0 
7f5b2c000000-7f5b2e938000 rw-p 00000000 00:00 0 
7f5b2e938000-7f5b30000000 ---p 00000000 00:00 0 
7f5b300c6000-7f5b300c9000 ---p 00000000 00:00 0 
7f5b300c9000-7f5b303c5000 rw-p 00000000 00:00 0 
7f5b303c5000-7f5b303c7000 ---p 00000000 00:00 0 
7f5b303c7000-7f5b303ca000 ---p 00000000 00:00 0 
7f5b303ca000-7f5b304c8000 rw-p 00000000 00:00 0 
7f5b304c8000-7f5b304cb000 ---p 00000000 00:00 0 
7f5b304cb000-7f5b305c9000 rw-p 00000000 00:00 0 
7f5b305c9000-7f5b305cc000 ---p 00000000 00:00 0 
7f5b305cc000-7f5b306ca000 rw-p 00000000 00:00 0 
7f5b306ca000-7f5b306cd000 ---p 00000000 00:00 0 
7f5b306cd000-7f5b307cb000 rw-p 00000000 00:00 0 
7f5b307cb000-7f5b307ce000 ---p 00000000 00:00 0 
7f5b307ce000-7f5b308cc000 rw-p 00000000 00:00 0 
7f5b308cc000-7f5b308cf000 ---p 00000000 00:00 0 
7f5b308cf000-7f5b309cd000 rw-p 00000000 00:00 0 
7f5b309cd000-7f5b309d0000 ---p 00000000 00:00 0 
7f5b309d0000-7f5b30ace000 rw-p 00000000 00:00 0 
7f5b30ace000-7f5b30ad1000 ---p 00000000 00:00 0 
7f5b30ad1000-7f5b30dcf000 rw-p 00000000 00:00 0 
7f5b30dcf000-7f5b30de5000 r-xp 00000000 08:01 791373                     /lib/x86_64-linux-gnu/libgcc_s.so.1
7f5b30de5000-7f5b30fe4000 ---p 00016000 08:01 791373                     /lib/x86_64-linux-gnu/libgcc_s.so.1
7f5b30fe4000-7f5b30fe5000 rw-p 00015000 08:01 791373                     /lib/x86_64-linux-gnu/libgcc_s.so.1
7f5b30ffc000-7f5b31002000 r--s 0003f000 08:01 310294                     /usr/lib/jvm/java-8-oracle/jre/lib/ext/sunjce_provider.jar
7f5b31002000-7f5b31034000 r-xp 00000000 08:01 310234                     /usr/lib/jvm/java-8-oracle/jre/lib/amd64/libsunec.so
7f5b31034000-7f5b31233000 ---p 00032000 08:01 310234                     /usr/lib/jvm/java-8-oracle/jre/lib/amd64/libsunec.so
7f5b31233000-7f5b31239000 rw-p 00031000 08:01 310234                     /usr/lib/jvm/java-8-oracle/jre/lib/amd64/libsunec.so
7f5b31239000-7f5b31249000 rw-p 00000000 00:00 0 
7f5b31249000-7f5b3124b000 r--s 00009000 08:01 310293                     /usr/lib/jvm/java-8-oracle/jre/lib/ext/sunec.jar
7f5b3124b000-7f5b3124e000 r--s 0001a000 08:01 310193                     /usr/lib/jvm/java-8-oracle/jre/lib/jce.jar
7f5b3124e000-7f5b31251000 ---p 00000000 00:00 0 
7f5b31251000-7f5b3154f000 rw-p 00000000 00:00 0 
7f5b3154f000-7f5b31552000 ---p 00000000 00:00 0 
7f5b31552000-7f5b31650000 rw-p 00000000 00:00 0 
7f5b31650000-7f5b31653000 ---p 00000000 00:00 0 
7f5b31653000-7f5b31751000 rw-p 00000000 00:00 0 
7f5b31751000-7f5b31754000 ---p 00000000 00:00 0 
7f5b31754000-7f5b31852000 rw-p 00000000 00:00 0 
7f5b31852000-7f5b31855000 ---p 00000000 00:00 0 
7f5b31855000-7f5b31953000 rw-p 00000000 00:00 0 
7f5b31953000-7f5b31956000 ---p 00000000 00:00 0 
7f5b31956000-7f5b31a54000 rw-p 00000000 00:00 0 
7f5b31a54000-7f5b31a57000 ---p 00000000 00:00 0 
7f5b31a57000-7f5b31b55000 rw-p 00000000 00:00 0 
7f5b31b55000-7f5b31b59000 r--s 0009a000 08:01 310165                     /usr/lib/jvm/java-8-oracle/jre/lib/jsse.jar
7f5b31b59000-7f5b31d59000 rw-p 00000000 00:00 0 
7f5b31d59000-7f5b31d6c000 r--s 00345000 08:01 310189                     /usr/lib/jvm/java-8-oracle/jre/lib/resources.jar
7f5b31d6c000-7f5b31f6c000 rw-p 00000000 00:00 0 
7f5b31f6c000-7f5b3216c000 rw-p 00000000 00:00 0 
7f5b3216c000-7f5b3236c000 rw-p 00000000 00:00 0 
7f5b3236c000-7f5b32401000 r--s 01109000 08:01 310292                     /usr/lib/jvm/java-8-oracle/jre/lib/ext/jfxrt.jar
7f5b32401000-7f5b32412000 r-xp 00000000 08:01 310251                     /usr/lib/jvm/java-8-oracle/jre/lib/amd64/libnio.so
7f5b32412000-7f5b32611000 ---p 00011000 08:01 310251                     /usr/lib/jvm/java-8-oracle/jre/lib/amd64/libnio.so
7f5b32611000-7f5b32612000 rw-p 00010000 08:01 310251                     /usr/lib/jvm/java-8-oracle/jre/lib/amd64/libnio.so
7f5b32612000-7f5b32812000 rw-p 00000000 00:00 0 
7f5b32812000-7f5b32815000 ---p 00000000 00:00 0 
7f5b32815000-7f5b32b13000 rw-p 00000000 00:00 0 
7f5b32b13000-7f5b32d13000 rw-p 00000000 00:00 0 
7f5b32d13000-7f5b32f13000 rw-p 00000000 00:00 0 
7f5b32f13000-7f5b33113000 rw-p 00000000 00:00 0 
7f5b33113000-7f5b33118000 r--s 002f9000 08:01 310166                     /usr/lib/jvm/java-8-oracle/jre/lib/charsets.jar
7f5b33118000-7f5b3311b000 ---p 00000000 00:00 0 
7f5b3311b000-7f5b3351a000 rw-p 00000000 00:00 0 
7f5b3351a000-7f5b33530000 r-xp 00000000 08:01 310226                     /usr/lib/jvm/java-8-oracle/jre/lib/amd64/libnet.so
7f5b33530000-7f5b33730000 ---p 00016000 08:01 310226                     /usr/lib/jvm/java-8-oracle/jre/lib/amd64/libnet.so
7f5b33730000-7f5b33731000 rw-p 00016000 08:01 310226                     /usr/lib/jvm/java-8-oracle/jre/lib/amd64/libnet.so
7f5b33731000-7f5b3373a000 r-xp 00000000 08:01 310262                     /usr/lib/jvm/java-8-oracle/jre/lib/amd64/libmanagement.so
7f5b3373a000-7f5b33939000 ---p 00009000 08:01 310262                     /usr/lib/jvm/java-8-oracle/jre/lib/amd64/libmanagement.so
7f5b33939000-7f5b3393a000 rw-p 00008000 08:01 310262                     /usr/lib/jvm/java-8-oracle/jre/lib/amd64/libmanagement.so
7f5b3393a000-7f5b3393d000 ---p 00000000 00:00 0 
7f5b3393d000-7f5b33a3b000 rw-p 00000000 00:00 0 
7f5b33a3b000-7f5b33a3e000 ---p 00000000 00:00 0 
7f5b33a3e000-7f5b33b3c000 rw-p 00000000 00:00 0 
7f5b33b3c000-7f5b33b3e000 r--s 00006000 08:01 2240162                    /home/suayder/.gradle/caches/modules-2/files-2.1/org.ow2.asm/asm-tree/5.1/87b38c12a0ea645791ead9d3e74ae5268d1d6c34/asm-tree-5.1.jar
7f5b33b3e000-7f5b33b46000 r--s 00084000 08:01 2240161                    /home/suayder/.gradle/caches/modules-2/files-2.1/org.eclipse.jetty/jetty-server/9.4.2.v20170220/d44c34ac77053f49c963dba7b122d01343f2d40d/jetty-server-9.4.2.v20170220.jar
7f5b33b46000-7f5b33b51000 r--s 0006a000 08:01 2240160                    /home/suayder/.gradle/caches/modules-2/files-2.1/ch.qos.logback/logback-core/1.1.11/88b8df40340eed549fb07e2613879bf6b006704d/logback-core-1.1.11.jar
7f5b33b51000-7f5b33b5b000 r--s 0005f000 08:01 2240159                    /home/suayder/.gradle/caches/modules-2/files-2.1/org.springframework/spring-jdbc/4.3.7.RELEASE/305c8db0f9552948aec093528cd01393cc98a646/spring-jdbc-4.3.7.RELEASE.jar
7f5b33b5b000-7f5b33b5d000 r--s 0000a000 08:01 2240158                    /home/suayder/.gradle/caches/modules-2/files-2.1/org.ow2.asm/asm-commons/5.1/25d8a575034dd9cfcb375a39b5334f0ba9c8474e/asm-commons-5.1.jar
7f5b33b5d000-7f5b33b5f000 r--s 0000c000 08:01 2240157                    /home/suayder/.gradle/caches/modules-2/files-2.1/org.ow2.asm/asm/5.1/5ef31c4fe953b1fd00b8a88fa1d6820e8785bb45/asm-5.1.jar
7f5b33b5f000-7f5b33b61000 r--s 00005000 08:01 2240156                    /home/suayder/.gradle/caches/modules-2/files-2.1/javax.annotation/javax.annotation-api/1.2/479c1e06db31c432330183f5cae684163f186146/javax.annotation-api-1.2.jar
7f5b33b61000-7f5b33b63000 r--s 0000c000 08:01 2240155                    /home/suayder/.gradle/caches/modules-2/files-2.1/org.eclipse.jetty/jetty-plus/9.4.2.v20170220/908da4be020ed60d38e949bee8eac6330916ecdf/jetty-plus-9.4.2.v20170220.jar
7f5b33b63000-7f5b33b66000 r--s 00015000 08:01 2240154                    /home/suayder/.gradle/caches/modules-2/files-2.1/javax.servlet/javax.servlet-api/3.1.0/3cd63d075497751784b2fa84be59432f4905bf7c/javax.servlet-api-3.1.0.jar
7f5b33b66000-7f5b33b6c000 r--s 0003b000 08:01 2240153                    /home/suayder/.gradle/caches/modules-2/files-2.1/org.eclipse.jetty/jetty-client/9.4.2.v20170220/f196f59d1f511493bbbd0666f79144d7c790371b/jetty-client-9.4.2.v20170220.jar
7f5b33b6c000-7f5b33b6f000 r--s 00008000 08:01 2240152                    /home/suayder/.gradle/caches/modules-2/files-2.1/org.eclipse.jetty.websocket/websocket-api/9.4.2.v20170220/597db793fdb3103cb179130a478a481c49bcf94d/websocket-api-9.4.2.v20170220.jar
7f5b33b6f000-7f5b33b72000 r--s 00014000 08:01 2240151                    /home/suayder/.gradle/caches/modules-2/files-2.1/org.eclipse.jetty/jetty-security/9.4.2.v20170220/17650f5424d3b5f3782d6c196a6ca4989a8adeec/jetty-security-9.4.2.v20170220.jar
7f5b33b72000-7f5b33b75000 r--s 00020000 08:01 2240150                    /home/suayder/.gradle/caches/modules-2/files-2.1/org.unbescape/unbescape/1.1.0.RELEASE/ab0db4fe0a6fa89fb8da2a40008a4e63a7f3f5b9/unbescape-1.1.0.RELEASE.jar
7f5b33b75000-7f5b33b78000 r--s 00035000 08:01 2240149                    /home/suayder/.gradle/caches/modules-2/files-2.1/ognl/ognl/3.0.8/37e1aebfde7eb7baebc9ad4f85116ef9009c5fc5/ognl-3.0.8.jar
7f5b33b78000-7f5b33b7d000 r--s 00036000 08:01 2240148                    /home/suayder/.gradle/caches/modules-2/files-2.1/org.apache.tomcat.embed/tomcat-embed-websocket/8.5.11/dfa65e7857d46630761c0571758a56f7cbd1e9ba/tomcat-embed-websocket-8.5.11.jar
7f5b33b7d000-7f5b33b82000 r--s 00036000 08:01 2240147                    /home/suayder/.gradle/caches/modules-2/files-2.1/org.apache.tomcat.embed/tomcat-embed-el/8.5.11/60253815b897166903bf5ec41219c5bb15333a69/tomcat-embed-el-8.5.11.jar
7f5b33b82000-7f5b33bab000 r--s 002b8000 08:01 2240146                    /home/suayder/.gradle/caches/modules-2/files-2.1/org.apache.tomcat.embed/tomcat-embed-core/8.5.11/72761f51fc7cef3ee19d4aafc7adc605df9f611f/tomcat-embed-core-8.5.11.jar
7f5b33bab000-7f5b33bad000 r--s 00004000 08:01 2240145                    /home/suayder/.gradle/caches/modules-2/files-2.1/org.slf4j/log4j-over-slf4j/1.7.24/6ab46c51a3848286a0db3ba7b22037b3834c3c44/log4j-over-slf4j-1.7.24.jar
7f5b33bad000-7f5b33baf000 r--s 00000000 08:01 2240144                    /home/suayder/.gradle/caches/modules-2/files-2.1/org.slf4j/jul-to-slf4j/1.7.24/25a2be668cb2ad1d05d76c0773df73b4b53617fd/jul-to-slf4j-1.7.24.jar
7f5b33baf000-7f5b33bb6000 r--s 00045000 08:01 2240143                    /home/suayder/.gradle/caches/modules-2/files-2.1/ch.qos.logback/logback-classic/1.1.11/ccedfbacef4a6515d2983e3f89ed753d5d4fb665/logback-classic-1.1.11.jar
7f5b33bb6000-7f5b33bb8000 r--s 00003000 08:01 2240142                    /home/suayder/.gradle/caches/modules-2/files-2.1/org.slf4j/jcl-over-slf4j/1.7.24/e6a8629079856a2aa7862c6327ccf6dd1988d7fc/jcl-over-slf4j-1.7.24.jar
7f5b33bb8000-7f5b33bc0000 r--s 0003a000 08:01 2240141                    /home/suayder/.gradle/caches/modules-2/files-2.1/org.springframework/spring-tx/4.3.7.RELEASE/b761cc783e49b5aa998ac63a721495a9f0f69f9c/spring-tx-4.3.7.RELEASE.jar
7f5b33bc0000-7f5b33bca000 r--s 0006b000 08:01 2240140                    /home/suayder/.gradle/caches/modules-2/files-2.1/org.springframework/spring-orm/4.3.7.RELEASE/d9b193994609086ea1f067af07e0af5f53303d92/spring-orm-4.3.7.RELEASE.jar
7f5b33bca000-7f5b33bdc000 r--s 000a9000 08:01 2240139                    /home/suayder/.gradle/caches/modules-2/files-2.1/org.springframework.data/spring-data-commons/1.13.1.RELEASE/4e4257f2eb3f191613b4b000d43e8d0c3ff4457e/spring-data-commons-1.13.1.RELEASE.jar
7f5b33bdc000-7f5b33bf5000 r--s 001af000 08:01 2240138                    /home/suayder/.gradle/caches/modules-2/files-2.1/org.aspectj/aspectjweaver/1.8.9/db28774f477f07220eac18d5ec9c4e01f48589d7/aspectjweaver-1.8.9.jar
7f5b33bf5000-7f5b33bf7000 r--s 00007000 08:01 2240137                    /home/suayder/.gradle/caches/modules-2/files-2.1/javax.websocket/javax.websocket-api/1.0/fc843b649d4a1dcb0497669d262befa3918c7ba8/javax.websocket-api-1.0.jar
7f5b33bf7000-7f5b33bfb000 r--s 00023000 08:01 2240136                    /home/suayder/.gradle/caches/modules-2/files-2.1/org.eclipse.jetty.websocket/javax-websocket-client-impl/9.4.2.v20170220/aacaf527577a12553553b75f743e00e3c339b247/javax-websocket-client-impl-9.4.2.v20170220.jar
7f5b33bfb000-7f5b33bfd000 r--s 00011000 08:01 2240135                    /home/suayder/.gradle/caches/modules-2/files-2.1/org.eclipse.jetty/jetty-annotations/9.4.2.v20170220/951c4fea46e162c9da3b3c3f4d8cdea0392b2327/jetty-annotations-9.4.2.v20170220.jar
7f5b33bfd000-7f5b33bff000 r--s 00004000 08:01 2240134                    /home/suayder/.gradle/caches/modules-2/files-2.1/org.eclipse.jetty.websocket/websocket-servlet/9.4.2.v20170220/54acbe7e981542bb4b901f9c16784d16d8cede95/websocket-servlet-9.4.2.v20170220.jar
7f5b33bff000-7f5b33c00000 r--s 00007000 08:01 2240133                    /home/suayder/.gradle/caches/modules-2/files-2.1/org.eclipse.jetty.websocket/websocket-client/9.4.2.v20170220/ec608dcf5da269d42ea4d1a58b29172afd6b2b1f/websocket-client-9.4.2.v20170220.jar
7f5b33c00000-7f5b33c05000 r--s 0002c000 08:01 2240132                    /home/suayder/.gradle/caches/modules-2/files-2.1/org.eclipse.jetty.websocket/websocket-common/9.4.2.v20170220/7b672cf9c77fcc492750ccc5ba7df00082334664/websocket-common-9.4.2.v20170220.jar
7f5b33c05000-7f5b33c07000 r--s 00019000 08:01 2240131                    /home/suayder/.gradle/caches/modules-2/files-2.1/org.eclipse.jetty/jetty-servlet/9.4.2.v20170220/722a4b6df98b3a1a3ced1d80da06e8ebf49293ea/jetty-servlet-9.4.2.v20170220.jar
7f5b33c07000-7f5b33c09000 r--s 0000b000 08:01 2240130                    /home/suayder/.gradle/caches/modules-2/files-2.1/org.eclipse.jetty/jetty-xml/9.4.2.v20170220/e2943f6191c7bc36d891debee100ce56dbac76c6/jetty-xml-9.4.2.v20170220.jar
7f5b33c09000-7f5b33c0c000 r--s 0001d000 08:01 2240129                    /home/suayder/.gradle/caches/modules-2/files-2.1/org.eclipse.jetty/jetty-io/9.4.2.v20170220/c0c1c3b9dfc2ecadf75aa789ab0feb3c74d5b820/jetty-io-9.4.2.v20170220.jar
7f5b33c0c000-7f5b33c14000 r--s 00067000 08:01 2240128                    /home/suayder/.gradle/caches/modules-2/files-2.1/org.eclipse.jetty/jetty-util/9.4.2.v20170220/df66fc12053bf23308d799890cd31bea497fda46/jetty-util-9.4.2.v20170220.jar
7f5b33c14000-7f5b33c17000 r--s 00025000 08:01 2240127                    /home/suayder/.gradle/caches/modules-2/files-2.1/org.eclipse.jetty/jetty-http/9.4.2.v20170220/d22fac65c0c7a7cc188cfb9d70312b5ae0db8fd8/jetty-http-9.4.2.v20170220.jar
7f5b33c17000-7f5b33c18000 r--s 00003000 08:01 2240126                    /home/suayder/.gradle/caches/modules-2/files-2.1/org.eclipse.jetty/jetty-continuation/9.4.2.v20170220/fa4c97f2d57eda61490d690cfac88f3dc9c7c92c/jetty-continuation-9.4.2.v20170220.jar
7f5b33c18000-7f5b33c1d000 r--s 0003c000 08:01 2240125                    /home/suayder/.gradle/caches/modules-2/files-2.1/org.springframework/spring-expression/4.3.7.RELEASE/5257b6486e43d8c05674323fea5b415d4da72f38/spring-expression-4.3.7.RELEASE.jar
7f5b33c1d000-7f5b33c2b000 r--s 000ad000 08:01 2240124                    /home/suayder/.gradle/caches/modules-2/files-2.1/org.springframework/spring-beans/4.3.7.RELEASE/2de9f59f3202965438f3a02057d6ad8274636044/spring-beans-4.3.7.RELEASE.jar
7f5b33c2b000-7f5b33c34000 r--s 00054000 08:01 2240123                    /home/suayder/.gradle/caches/modules-2/files-2.1/org.springframework/spring-aop/4.3.7.RELEASE/3f243d685e4a8a78a0c291445c6d85560ec4d339/spring-aop-4.3.7.RELEASE.jar
7f5b33c34000-7f5b33c37000 r--s 00042000 08:01 2240122                    /home/suayder/.gradle/caches/modules-2/files-2.1/com.fasterxml.jackson.core/jackson-core/2.8.7/8b46f39c78476fb848c81a49fa807a9e9506dddd/jackson-core-2.8.7.jar
7f5b33c37000-7f5b33c3a000 r--s 0000b000 08:01 2240121                    /home/suayder/.gradle/caches/modules-2/files-2.1/com.fasterxml.jackson.core/jackson-annotations/2.8.0/45b426f7796b741035581a176744d91090e2e6fb/jackson-annotations-2.8.0.jar
7f5b33c3a000-7f5b33c3c000 r--s 0000e000 08:01 2240120                    /home/suayder/.gradle/caches/modules-2/files-2.1/com.fasterxml/classmate/1.3.3/864c8e370a691e343210cc7c532fc198cee460d8/classmate-1.3.3.jar
7f5b33c3c000-7f5b33c40000 r--s 0000c000 08:01 2240119                    /home/suayder/.gradle/caches/modules-2/files-2.1/javax.validation/validation-api/1.1.0.Final/8613ae82954779d518631e05daa73a6a954817d5/validation-api-1.1.0.Final.jar
7f5b33c40000-7f5b33c5a000 r--s 000fd000 08:01 2240118                    /home/suayder/.gradle/caches/modules-2/files-2.1/org.springframework/spring-context/4.3.7.RELEASE/34b66b0b7910122ef95ba4fff6da9238ef80a5de/spring-context-4.3.7.RELEASE.jar
7f5b33c5a000-7f5b33ca6000 r--s 0040d000 08:01 2240117                    /home/suayder/.gradle/caches/modules-2/files-2.1/org.codehaus.groovy/groovy/2.4.9/f2d11babe9a12219fe74e3518d55d9502527b9b9/groovy-2.4.9.jar
7f5b33ca6000-7f5b33ca8000 r--s 00009000 08:01 2240116                    /home/suayder/.gradle/caches/modules-2/files-2.1/org.slf4j/slf4j-api/1.7.24/3f6b4bd4f8dbe8d4bea06d107a3826469b85c3e9/slf4j-api-1.7.24.jar
7f5b33ca8000-7f5b33cb5000 r--s 000b7000 08:01 2240115                    /home/suayder/.gradle/caches/modules-2/files-2.1/org.thymeleaf/thymeleaf/2.1.5.RELEASE/513bffa3daaac277460c1a0a2dccb228fa40569e/thymeleaf-2.1.5.RELEASE.jar
7f5b33cb5000-7f5b33cb6000 r--s 00000000 08:01 2240114                    /home/suayder/.gradle/caches/modules-2/files-2.1/org.springframework.boot/spring-boot-starter-tomcat/1.5.2.RELEASE/354320ef371fc4fc126d1bb8564cd73085a48823/spring-boot-starter-tomcat-1.5.2.RELEASE.jar
7f5b33cb6000-7f5b33cbc000 r--s 0003d000 08:01 2240113                    /home/suayder/.gradle/caches/modules-2/files-2.1/org.yaml/snakeyaml/1.17/7a27ea250c5130b2922b86dea63cbb1cc10a660c/snakeyaml-1.17.jar
7f5b33cbc000-7f5b33cd3000 r--s 000fb000 08:01 2239944                    /home/suayder/.gradle/caches/modules-2/files-2.1/org.springframework/spring-core/4.3.7.RELEASE/54fa2db94cc7222edc90ec71354e47cd1dc07f7b/spring-core-4.3.7.RELEASE.jar
7f5b33cd3000-7f5b33cd4000 r--s 00000000 08:01 2240112                    /home/suayder/.gradle/caches/modules-2/files-2.1/org.springframework.boot/spring-boot-starter-logging/1.5.2.RELEASE/32210889e1f9bb09ac134b9f43a117ed62f0bed2/spring-boot-starter-logging-1.5.2.RELEASE.jar
7f5b33cd4000-7f5b33cd7000 r--s 00010000 08:01 2240111                    /home/suayder/.gradle/caches/modules-2/files-2.1/org.hibernate.common/hibernate-commons-annotations/5.0.1.Final/71e1cff3fcb20d3b3af4f3363c3ddb24d33c6879/hibernate-commons-annotations-5.0.1.Final.jar
7f5b33cd7000-7f5b33cdc000 r--s 00048000 08:01 2240110                    /home/suayder/.gradle/caches/modules-2/files-2.1/dom4j/dom4j/1.6.1/5d3ccc056b6f056dbf0dddfdf43894b9065a8f94/dom4j-1.6.1.jar
7f5b33cdc000-7f5b33cdf000 r--s 0002b000 08:01 2240109                    /home/suayder/.gradle/caches/modules-2/files-2.1/org.jboss/jandex/2.0.0.Final/3e899258936f94649c777193e1be846387ed54b3/jandex-2.0.0.Final.jar
7f5b33cdf000-7f5b33ce0000 r--s 00003000 08:01 2240108                    /home/suayder/.gradle/caches/modules-2/files-2.1/org.apache.geronimo.specs/geronimo-jta_1.1_spec/1.1.1/aabab3165b8ea936b9360abbf448459c0d04a5a4/geronimo-jta_1.1_spec-1.1.1.jar
7f5b33ce0000-7f5b33ce5000 r--s 00068000 08:01 2240107                    /home/suayder/.gradle/caches/modules-2/files-2.1/antlr/antlr/2.7.7/83cd2cd674a217ade95a4bb83a8a14f351f48bd0/antlr-2.7.7.jar
7f5b33ce5000-7f5b33cef000 r--s 000aa000 08:01 2240106                    /home/suayder/.gradle/caches/modules-2/files-2.1/org.javassist/javassist/3.21.0-GA/598244f595db5c5fb713731eddbb1c91a58d959b/javassist-3.21.0-GA.jar
7f5b33cef000-7f5b33cf4000 r--s 00017000 08:01 2240105                    /home/suayder/.gradle/caches/modules-2/files-2.1/org.hibernate.javax.persistence/hibernate-jpa-2.1-api/1.0.0.Final/5e731d961297e5a07290bfaf3db1fbc8bbbf405a/hibernate-jpa-2.1-api-1.0.0.Final.jar
7f5b33cf4000-7f5b33cf6000 r--s 0000f000 08:01 2240104                    /home/suayder/.gradle/caches/modules-2/files-2.1/org.jboss.logging/jboss-logging/3.3.0.Final/3616bb87707910296e2c195dc016287080bba5af/jboss-logging-3.3.0.Final.jar
7f5b33cf6000-7f5b33cf9000 r--s 0000c000 08:01 2240103                    /home/suayder/.gradle/caches/modules-2/files-2.1/org.springframework/spring-aspects/4.3.7.RELEASE/fa0671826a42f6bac5145ffbc78075493dcb4e8b/spring-aspects-4.3.7.RELEASE.jar
7f5b33cf9000-7f5b33d00000 r--s 00040000 08:01 2240102                    /home/suayder/.gradle/caches/modules-2/files-2.1/org.springframework.data/spring-data-jpa/1.11.1.RELEASE/fa362aecd78883991f57a5d64e19f34b57a2c34d/spring-data-jpa-1.11.1.RELEASE.jar
7f5b33d00000-7f5b33d02000 r--s 00006000 08:01 2240101                    /home/suayder/.gradle/caches/modules-2/files-2.1/javax.transaction/javax.transaction-api/1.2/d81aff979d603edd90dcd8db2abc1f4ce6479e3e/javax.transaction-api-1.2.jar
7f5b33d02000-7f5b33d03000 r--s 00000000 08:01 2240100                    /home/suayder/.gradle/caches/modules-2/files-2.1/org.springframework.boot/spring-boot-starter-aop/1.5.2.RELEASE/9a21295c00a62bfaaa930ba5f7909fe26eea2562/spring-boot-starter-aop-1.5.2.RELEASE.jar
7f5b33d03000-7f5b33d13000 r--s 00077000 08:01 2240099                    /home/suayder/.gradle/caches/modules-2/files-2.1/org.springframework.boot/spring-boot-actuator/1.5.2.RELEASE/a477a9bcf414bce26c702872354ae60b1ed832f0/spring-boot-actuator-1.5.2.RELEASE.jar
7f5b33d13000-7f5b33d17000 r--s 00037000 08:01 2240098                    /home/suayder/.gradle/caches/modules-2/files-2.1/org.mortbay.jasper/apache-el/8.0.33/1b8fa2179b3937cada939317bb135815e79c0ac2/apache-el-8.0.33.jar
7f5b33d17000-7f5b33d19000 r--s 00007000 08:01 2240097                    /home/suayder/.gradle/caches/modules-2/files-2.1/org.eclipse.jetty.websocket/javax-websocket-server-impl/9.4.2.v20170220/91efc78598b75a4e4b25f2d95d09ae1ef8fb8bd4/javax-websocket-server-impl-9.4.2.v20170220.jar
7f5b33d19000-7f5b33d1b000 r--s 00007000 08:01 2240096                    /home/suayder/.gradle/caches/modules-2/files-2.1/org.eclipse.jetty.websocket/websocket-server/9.4.2.v20170220/66d529dcf0bc861c45873f0b3ce02fb63c06ae3f/websocket-server-9.4.2.v20170220.jar
7f5b33d1b000-7f5b33d1d000 r--s 0001c000 08:01 2240095                    /home/suayder/.gradle/caches/modules-2/files-2.1/org.eclipse.jetty/jetty-webapp/9.4.2.v20170220/20836cf5511ed713f79d0ffddde2397e13207948/jetty-webapp-9.4.2.v20170220.jar
7f5b33d1d000-7f5b33d2e000 r--s 000cf000 08:01 2240093                    /home/suayder/.gradle/caches/modules-2/files-2.1/org.springframework/spring-webmvc/4.3.7.RELEASE/d25b11a605589f176e3ecf1dcae62a991a18b377/spring-webmvc-4.3.7.RELEASE.jar
7f5b33d2e000-7f5b33d3f000 r--s 000b7000 08:01 2240092                    /home/suayder/.gradle/caches/modules-2/files-2.1/org.springframework/spring-web/4.3.7.RELEASE/7b69fc68cdb74c1c92f72905af6995696fcb56aa/spring-web-4.3.7.RELEASE.jar
7f5b33d3f000-7f5b33d51000 r--s 0011d000 08:01 2240091                    /home/suayder/.gradle/caches/modules-2/files-2.1/com.fasterxml.jackson.core/jackson-databind/2.8.7/6c3257ef458ac58a8da69a6dca3d2a15286d88c8/jackson-databind-2.8.7.jar
7f5b33d51000-7f5b33d62000 r--s 000a1000 08:01 2240087                    /home/suayder/.gradle/caches/modules-2/files-2.1/org.hibernate/hibernate-validator/5.3.4.Final/2f6c8c0b646afe18e3ad205726729d3c4a85fe2e/hibernate-validator-5.3.4.Final.jar
7f5b33d62000-7f5b33d82000 r--s 000e0000 08:01 2240090                    /home/suayder/.gradle/caches/modules-2/files-2.1/org.springframework.boot/spring-boot-autoconfigure/1.5.2.RELEASE/8a9b8c747bc2c86eefde10330cb2984541bcb9d1/spring-boot-autoconfigure-1.5.2.RELEASE.jar
7f5b33d82000-7f5b33d92000 r--s 00094000 08:01 2240089                    /home/suayder/.gradle/caches/modules-2/files-2.1/org.springframework.boot/spring-boot/1.5.2.RELEASE/46bb5d8c9ab5d3ef9e158ca5906ee7d3569befc1/spring-boot-1.5.2.RELEASE.jar
7f5b33d92000-7f5b33d95000 r--s 0001a000 08:01 2240088                    /home/suayder/.gradle/caches/modules-2/files-2.1/nz.net.ultraq.thymeleaf/thymeleaf-layout-dialect/1.4.0/8d7810c069ed1534b9631fb1e85c35973546086/thymeleaf-layout-dialect-1.4.0.jar
7f5b33d95000-7f5b33dfe000 r--s 004f3000 08:01 2240084                    /home/suayder/.gradle/caches/modules-2/files-2.1/org.hibernate/hibernate-core/5.0.12.Final/e58bf1c660e6706d8e2cbb53bae110f574366102/hibernate-core-5.0.12.Final.jar
7f5b33dfe000-7f5b33dff000 ---p 00000000 00:00 0 
7f5b33dff000-7f5b33eff000 rw-p 00000000 00:00 0 
7f5b33eff000-7f5b33f02000 ---p 00000000 00:00 0 
7f5b33f02000-7f5b34000000 rw-p 00000000 00:00 0 
7f5b34000000-7f5b34021000 rw-p 00000000 00:00 0 
7f5b34021000-7f5b38000000 ---p 00000000 00:00 0 
7f5b38000000-7f5b3a605000 rw-p 00000000 00:00 0 
7f5b3a605000-7f5b3c000000 ---p 00000000 00:00 0 
7f5b3c000000-7f5b3c021000 rw-p 00000000 00:00 0 
7f5b3c021000-7f5b40000000 ---p 00000000 00:00 0 
7f5b40000000-7f5b40021000 rw-p 00000000 00:00 0 
7f5b40021000-7f5b44000000 ---p 00000000 00:00 0 
7f5b44000000-7f5b44021000 rw-p 00000000 00:00 0 
7f5b44021000-7f5b48000000 ---p 00000000 00:00 0 
7f5b48000000-7f5b480b3000 rw-p 00000000 00:00 0 
7f5b480b3000-7f5b4c000000 ---p 00000000 00:00 0 
7f5b4c000000-7f5b4c021000 rw-p 00000000 00:00 0 
7f5b4c021000-7f5b50000000 ---p 00000000 00:00 0 
7f5b50000000-7f5b50021000 rw-p 00000000 00:00 0 
7f5b50021000-7f5b54000000 ---p 00000000 00:00 0 
7f5b54000000-7f5b54025000 rw-p 00000000 00:00 0 
7f5b54025000-7f5b58000000 ---p 00000000 00:00 0 
7f5b58000000-7f5b58002000 r--s 00014000 08:01 2240094                    /home/suayder/.gradle/caches/modules-2/files-2.1/org.eclipse.jetty/jetty-servlets/9.4.2.v20170220/45abae6b38e3e62af2f45f96590e522593d3fb7/jetty-servlets-9.4.2.v20170220.jar
7f5b58002000-7f5b58005000 r--s 00034000 08:01 2240086                    /home/suayder/.gradle/caches/modules-2/files-2.1/org.thymeleaf/thymeleaf-spring4/2.1.5.RELEASE/74cb9028e99597b5d71a98e919fd531a7fc290b4/thymeleaf-spring4-2.1.5.RELEASE.jar
7f5b58005000-7f5b58006000 r--s 00000000 08:01 2240085                    /home/suayder/.gradle/caches/modules-2/files-2.1/org.springframework.boot/spring-boot-starter/1.5.2.RELEASE/c72938c86ed3beadb385f29bc2954c8ca3aa47ab/spring-boot-starter-1.5.2.RELEASE.jar
7f5b58006000-7f5b58031000 r--s 001f5000 08:01 2240083                    /home/suayder/.gradle/caches/modules-2/files-2.1/com.google.guava/guava/16.0.1/5fa98cd1a63c99a44dd8d3b77e4762b066a5d0c5/guava-16.0.1.jar
7f5b58031000-7f5b58037000 r--s 00022000 08:01 2240082                    /home/suayder/.gradle/caches/modules-2/files-2.1/org.eclipse.persistence/javax.persistence/2.1.0/5bab675816dbe0f64bb86004b108bf2a00292358/javax.persistence-2.1.0.jar
7f5b58037000-7f5b5803a000 ---p 00000000 00:00 0 
7f5b5803a000-7f5b58138000 rw-p 00000000 00:00 0 
7f5b58138000-7f5b5813b000 ---p 00000000 00:00 0 
7f5b5813b000-7f5b58239000 rw-p 00000000 00:00 0 
7f5b58239000-7f5b5823c000 ---p 00000000 00:00 0 
7f5b5823c000-7f5b5833a000 rw-p 00000000 00:00 0 
7f5b5833a000-7f5b5833d000 ---p 00000000 00:00 0 
7f5b5833d000-7f5b5843b000 rw-p 00000000 00:00 0 
7f5b5843b000-7f5b58714000 r--p 00000000 08:01 263376                     /usr/lib/locale/locale-archive
7f5b58714000-7f5b58717000 ---p 00000000 00:00 0 
7f5b58717000-7f5b58815000 rw-p 00000000 00:00 0 
7f5b58815000-7f5b58818000 ---p 00000000 00:00 0 
7f5b58818000-7f5b58916000 rw-p 00000000 00:00 0 
7f5b58916000-7f5b58917000 ---p 00000000 00:00 0 
7f5b58917000-7f5b59989000 rw-p 00000000 00:00 0 
7f5b59989000-7f5b59b62000 r--s 03d3e000 08:01 310170                     /usr/lib/jvm/java-8-oracle/jre/lib/rt.jar
7f5b59b62000-7f5b5bb8d000 rw-p 00000000 00:00 0 
7f5b5bb8d000-7f5b5bb8e000 ---p 00000000 00:00 0 
7f5b5bb8e000-7f5b5bc8e000 rw-p 00000000 00:00 0 
7f5b5bc8e000-7f5b5bc8f000 ---p 00000000 00:00 0 
7f5b5bc8f000-7f5b5bd8f000 rw-p 00000000 00:00 0 
7f5b5bd8f000-7f5b5bd90000 ---p 00000000 00:00 0 
7f5b5bd90000-7f5b5be90000 rw-p 00000000 00:00 0 
7f5b5be90000-7f5b5be91000 ---p 00000000 00:00 0 
7f5b5be91000-7f5b5c042000 rw-p 00000000 00:00 0 
7f5b5c042000-7f5b5c07f000 ---p 00000000 00:00 0 
7f5b5c07f000-7f5b5c130000 rw-p 00000000 00:00 0 
7f5b5c130000-7f5b5c16d000 ---p 00000000 00:00 0 
7f5b5c16d000-7f5b5c1e3000 rw-p 00000000 00:00 0 
7f5b5c1e3000-7f5b5c1e4000 ---p 00000000 00:00 0 
7f5b5c1e4000-7f5b5c221000 rw-p 00000000 00:00 0 
7f5b5c221000-7f5b5c5a5000 ---p 00000000 00:00 0 
7f5b5c5a5000-7f5b5d4a5000 rwxp 00000000 00:00 0 
7f5b5d4a5000-7f5b6b5a5000 ---p 00000000 00:00 0 
7f5b6b5a5000-7f5b6b5bf000 r-xp 00000000 08:01 310249                     /usr/lib/jvm/java-8-oracle/jre/lib/amd64/libzip.so
7f5b6b5bf000-7f5b6b7bf000 ---p 0001a000 08:01 310249                     /usr/lib/jvm/java-8-oracle/jre/lib/amd64/libzip.so
7f5b6b7bf000-7f5b6b7c0000 rw-p 0001a000 08:01 310249                     /usr/lib/jvm/java-8-oracle/jre/lib/amd64/libzip.so
7f5b6b7c0000-7f5b6b7cb000 r-xp 00000000 08:01 791487                     /lib/x86_64-linux-gnu/libnss_files-2.23.so
7f5b6b7cb000-7f5b6b9ca000 ---p 0000b000 08:01 791487                     /lib/x86_64-linux-gnu/libnss_files-2.23.so
7f5b6b9ca000-7f5b6b9cb000 r--p 0000a000 08:01 791487                     /lib/x86_64-linux-gnu/libnss_files-2.23.so
7f5b6b9cb000-7f5b6b9cc000 rw-p 0000b000 08:01 791487                     /lib/x86_64-linux-gnu/libnss_files-2.23.so
7f5b6b9cc000-7f5b6b9d2000 rw-p 00000000 00:00 0 
7f5b6b9d2000-7f5b6b9dd000 r-xp 00000000 08:01 791405                     /lib/x86_64-linux-gnu/libnss_nis-2.23.so
7f5b6b9dd000-7f5b6bbdc000 ---p 0000b000 08:01 791405                     /lib/x86_64-linux-gnu/libnss_nis-2.23.so
7f5b6bbdc000-7f5b6bbdd000 r--p 0000a000 08:01 791405                     /lib/x86_64-linux-gnu/libnss_nis-2.23.so
7f5b6bbdd000-7f5b6bbde000 rw-p 0000b000 08:01 791405                     /lib/x86_64-linux-gnu/libnss_nis-2.23.so
7f5b6bbde000-7f5b6bbf4000 r-xp 00000000 08:01 791430                     /lib/x86_64-linux-gnu/libnsl-2.23.so
7f5b6bbf4000-7f5b6bdf3000 ---p 00016000 08:01 791430                     /lib/x86_64-linux-gnu/libnsl-2.23.so
7f5b6bdf3000-7f5b6bdf4000 r--p 00015000 08:01 791430                     /lib/x86_64-linux-gnu/libnsl-2.23.so
7f5b6bdf4000-7f5b6bdf5000 rw-p 00016000 08:01 791430                     /lib/x86_64-linux-gnu/libnsl-2.23.so
7f5b6bdf5000-7f5b6bdf7000 rw-p 00000000 00:00 0 
7f5b6bdf7000-7f5b6bdff000 r-xp 00000000 08:01 791516                     /lib/x86_64-linux-gnu/libnss_compat-2.23.so
7f5b6bdff000-7f5b6bffe000 ---p 00008000 08:01 791516                     /lib/x86_64-linux-gnu/libnss_compat-2.23.so
7f5b6bffe000-7f5b6bfff000 r--p 00007000 08:01 791516                     /lib/x86_64-linux-gnu/libnss_compat-2.23.so
7f5b6bfff000-7f5b6c000000 rw-p 00008000 08:01 791516                     /lib/x86_64-linux-gnu/libnss_compat-2.23.so
7f5b6c000000-7f5b6c9d7000 rw-p 00000000 00:00 0 
7f5b6c9d7000-7f5b70000000 ---p 00000000 00:00 0 
7f5b70000000-7f5b70001000 r--s 00000000 08:01 2240081                    /home/suayder/.gradle/caches/modules-2/files-2.1/org.springframework.boot/spring-boot-starter-data-jpa/1.5.2.RELEASE/9e2dfd470f0df4a7ba00a71ca462aeefbd382a4d/spring-boot-starter-data-jpa-1.5.2.RELEASE.jar
7f5b70001000-7f5b70002000 r--s 00000000 08:01 2240080                    /home/suayder/.gradle/caches/modules-2/files-2.1/org.springframework.boot/spring-boot-starter-actuator/1.5.2.RELEASE/e30a1a03f1521adbc0a6cfdb13b2f7038cafa279/spring-boot-starter-actuator-1.5.2.RELEASE.jar
7f5b70002000-7f5b70009000 r--s 0002e000 08:01 2240077                    /home/suayder/.gradle/caches/modules-2/files-2.1/org.springframework.boot/spring-boot-devtools/1.5.2.RELEASE/c765d6b85bdbf11b8f2324e21621fc16685682cb/spring-boot-devtools-1.5.2.RELEASE.jar
7f5b70009000-7f5b7004b000 rw-p 00000000 00:00 0 
7f5b7004b000-7f5b70076000 r-xp 00000000 08:01 310274                     /usr/lib/jvm/java-8-oracle/jre/lib/amd64/libjava.so
7f5b70076000-7f5b70275000 ---p 0002b000 08:01 310274                     /usr/lib/jvm/java-8-oracle/jre/lib/amd64/libjava.so
7f5b70275000-7f5b70277000 rw-p 0002a000 08:01 310274                     /usr/lib/jvm/java-8-oracle/jre/lib/amd64/libjava.so
7f5b70277000-7f5b70284000 r-xp 00000000 08:01 310227                     /usr/lib/jvm/java-8-oracle/jre/lib/amd64/libverify.so
7f5b70284000-7f5b70483000 ---p 0000d000 08:01 310227                     /usr/lib/jvm/java-8-oracle/jre/lib/amd64/libverify.so
7f5b70483000-7f5b70485000 rw-p 0000c000 08:01 310227                     /usr/lib/jvm/java-8-oracle/jre/lib/amd64/libverify.so
7f5b70485000-7f5b7048c000 r-xp 00000000 08:01 799950                     /lib/x86_64-linux-gnu/librt-2.23.so
7f5b7048c000-7f5b7068b000 ---p 00007000 08:01 799950                     /lib/x86_64-linux-gnu/librt-2.23.so
7f5b7068b000-7f5b7068c000 r--p 00006000 08:01 799950                     /lib/x86_64-linux-gnu/librt-2.23.so
7f5b7068c000-7f5b7068d000 rw-p 00007000 08:01 799950                     /lib/x86_64-linux-gnu/librt-2.23.so
7f5b7068d000-7f5b70795000 r-xp 00000000 08:01 791428                     /lib/x86_64-linux-gnu/libm-2.23.so
7f5b70795000-7f5b70994000 ---p 00108000 08:01 791428                     /lib/x86_64-linux-gnu/libm-2.23.so
7f5b70994000-7f5b70995000 r--p 00107000 08:01 791428                     /lib/x86_64-linux-gnu/libm-2.23.so
7f5b70995000-7f5b70996000 rw-p 00108000 08:01 791428                     /lib/x86_64-linux-gnu/libm-2.23.so
7f5b70996000-7f5b71664000 r-xp 00000000 08:01 310284                     /usr/lib/jvm/java-8-oracle/jre/lib/amd64/server/libjvm.so
7f5b71664000-7f5b71864000 ---p 00cce000 08:01 310284                     /usr/lib/jvm/java-8-oracle/jre/lib/amd64/server/libjvm.so
7f5b71864000-7f5b7193d000 rw-p 00cce000 08:01 310284                     /usr/lib/jvm/java-8-oracle/jre/lib/amd64/server/libjvm.so
7f5b7193d000-7f5b71988000 rw-p 00000000 00:00 0 
7f5b71988000-7f5b71b47000 r-xp 00000000 08:01 791432                     /lib/x86_64-linux-gnu/libc-2.23.so
7f5b71b47000-7f5b71d47000 ---p 001bf000 08:01 791432                     /lib/x86_64-linux-gnu/libc-2.23.so
7f5b71d47000-7f5b71d4b000 r--p 001bf000 08:01 791432                     /lib/x86_64-linux-gnu/libc-2.23.so
7f5b71d4b000-7f5b71d4d000 rw-p 001c3000 08:01 791432                     /lib/x86_64-linux-gnu/libc-2.23.so
7f5b71d4d000-7f5b71d51000 rw-p 00000000 00:00 0 
7f5b71d51000-7f5b71d54000 r-xp 00000000 08:01 791359                     /lib/x86_64-linux-gnu/libdl-2.23.so
7f5b71d54000-7f5b71f53000 ---p 00003000 08:01 791359                     /lib/x86_64-linux-gnu/libdl-2.23.so
7f5b71f53000-7f5b71f54000 r--p 00002000 08:01 791359                     /lib/x86_64-linux-gnu/libdl-2.23.so
7f5b71f54000-7f5b71f55000 rw-p 00003000 08:01 791359                     /lib/x86_64-linux-gnu/libdl-2.23.so
7f5b71f55000-7f5b71f6a000 r-xp 00000000 08:01 309437                     /usr/lib/jvm/java-8-oracle/lib/amd64/jli/libjli.so
7f5b71f6a000-7f5b7216a000 ---p 00015000 08:01 309437                     /usr/lib/jvm/java-8-oracle/lib/amd64/jli/libjli.so
7f5b7216a000-7f5b7216b000 rw-p 00015000 08:01 309437                     /usr/lib/jvm/java-8-oracle/lib/amd64/jli/libjli.so
7f5b7216b000-7f5b72183000 r-xp 00000000 08:01 799954                     /lib/x86_64-linux-gnu/libpthread-2.23.so
7f5b72183000-7f5b72382000 ---p 00018000 08:01 799954                     /lib/x86_64-linux-gnu/libpthread-2.23.so
7f5b72382000-7f5b72383000 r--p 00017000 08:01 799954                     /lib/x86_64-linux-gnu/libpthread-2.23.so
7f5b72383000-7f5b72384000 rw-p 00018000 08:01 799954                     /lib/x86_64-linux-gnu/libpthread-2.23.so
7f5b72384000-7f5b72388000 rw-p 00000000 00:00 0 
7f5b72388000-7f5b723ae000 r-xp 00000000 08:01 791434                     /lib/x86_64-linux-gnu/ld-2.23.so
7f5b723ae000-7f5b723af000 r--s 00000000 08:01 2240079                    /home/suayder/.gradle/caches/modules-2/files-2.1/org.springframework.boot/spring-boot-starter-jetty/1.5.2.RELEASE/f2b0c305c5a61e4d64365d365ab9ac85917d650c/spring-boot-starter-jetty-1.5.2.RELEASE.jar
7f5b723af000-7f5b723b0000 r--s 00000000 08:01 2240078                    /home/suayder/.gradle/caches/modules-2/files-2.1/org.springframework.boot/spring-boot-starter-web/1.5.2.RELEASE/27f29876980c079b46be16b759eafe92720f3338/spring-boot-starter-web-1.5.2.RELEASE.jar
7f5b723b0000-7f5b723b1000 r--s 00000000 08:01 2240076                    /home/suayder/.gradle/caches/modules-2/files-2.1/org.springframework.boot/spring-boot-starter-thymeleaf/1.5.2.RELEASE/f72002abba821b4b7bf6f32afac33b526607c2af/spring-boot-starter-thymeleaf-1.5.2.RELEASE.jar
7f5b723b1000-7f5b723b7000 r--s 00028000 08:01 1718013                    /home/suayder/Documents/Computer_Science/Disciplines/DataBaseProject/PBD-2017-1/lib/dans-dbf-lib-1.0.0-beta-10.jar
7f5b723b7000-7f5b72489000 rw-p 00000000 00:00 0 
7f5b72489000-7f5b7248c000 ---p 00000000 00:00 0 
7f5b7248c000-7f5b7258e000 rw-p 00000000 00:00 0 
7f5b7258e000-7f5b7258f000 r--s 00001000 08:01 2240075                    /home/suayder/.gradle/caches/modules-2/files-2.1/net.kemitix/sqlite-dialect/0.1.0/21e310e0d06adea29dfea781ccbe595e7e778eea/sqlite-dialect-0.1.0.jar
7f5b7258f000-7f5b72593000 r--s 005dd000 08:01 2240074                    /home/suayder/.gradle/caches/modules-2/files-2.1/org.xerial/sqlite-jdbc/3.16.1/72540738ecee65b58ef5a6dbc125e83223716b17/sqlite-jdbc-3.16.1.jar
7f5b72593000-7f5b725a1000 rw-p 00000000 00:00 0 
7f5b725a1000-7f5b725a9000 rw-s 00000000 08:01 2234989                    /tmp/hsperfdata_suayder/3468
7f5b725a9000-7f5b725aa000 rw-p 00000000 00:00 0 
7f5b725aa000-7f5b725ab000 r--p 00000000 00:00 0 
7f5b725ab000-7f5b725ad000 rw-p 00000000 00:00 0 
7f5b725ad000-7f5b725ae000 r--p 00025000 08:01 791434                     /lib/x86_64-linux-gnu/ld-2.23.so
7f5b725ae000-7f5b725af000 rw-p 00026000 08:01 791434                     /lib/x86_64-linux-gnu/ld-2.23.so
7f5b725af000-7f5b725b0000 rw-p 00000000 00:00 0 
7ffcebb57000-7ffcebb7c000 rw-p 00000000 00:00 0                          [stack]
7ffcebbdd000-7ffcebbdf000 r--p 00000000 00:00 0                          [vvar]
7ffcebbdf000-7ffcebbe1000 r-xp 00000000 00:00 0                          [vdso]
ffffffffff600000-ffffffffff601000 r-xp 00000000 00:00 0                  [vsyscall]

VM Arguments:
jvm_args: -Dfile.encoding=UTF-8 -Duser.country=US -Duser.language=en -Duser.variant 
java_command: DbfReader.Application
java_class_path (initial): /home/suayder/Documents/Computer_Science/Disciplines/DataBaseProject/PBD-2017-1/build/classes/main:/home/suayder/Documents/Computer_Science/Disciplines/DataBaseProject/PBD-2017-1/build/resources/main:/home/suayder/Documents/Computer_Science/Disciplines/DataBaseProject/PBD-2017-1/lib/dans-dbf-lib-1.0.0-beta-10.jar:/home/suayder/.gradle/caches/modules-2/files-2.1/org.xerial/sqlite-jdbc/3.16.1/72540738ecee65b58ef5a6dbc125e83223716b17/sqlite-jdbc-3.16.1.jar:/home/suayder/.gradle/caches/modules-2/files-2.1/net.kemitix/sqlite-dialect/0.1.0/21e310e0d06adea29dfea781ccbe595e7e778eea/sqlite-dialect-0.1.0.jar:/home/suayder/.gradle/caches/modules-2/files-2.1/org.springframework.boot/spring-boot-starter-thymeleaf/1.5.2.RELEASE/f72002abba821b4b7bf6f32afac33b526607c2af/spring-boot-starter-thymeleaf-1.5.2.RELEASE.jar:/home/suayder/.gradle/caches/modules-2/files-2.1/org.springframework.boot/spring-boot-devtools/1.5.2.RELEASE/c765d6b85bdbf11b8f2324e21621fc16685682cb/spring-boot-devtools-1.5.2.RELEASE.jar:/home/suayder/.gradle/caches/modules-2/files-2.1/org.springframework.boot/spring-boot-starter-web/1.5.2.RELEASE/27f29876980c079b46be16b759eafe92720f3338/spring-boot-starter-web-1.5.2.RELEASE.jar:/home/suayder/.gradle/caches/modules-2/files-2.1/org.springframework.boot/spring-boot-starter-jetty/1.5.2.RELEASE/f2b0c305c5a61e4d64365d365ab9ac85917d650c/spring-boot-starter-jetty-1.5.2.RELEASE.jar:/home/suayder/.gradle/caches/modules-2/files-2.1/org.springframework.boot/spring-boot-starter-actuator/1.5.2.RELEASE/e30a1a03f1521adbc0a6cfdb13b2f7038cafa279/spring-boot-starter-actuator-1.5.2.RELEASE.jar:/home/suayder/.gradle/caches/modules-2/files-2.1/org.springframework.boot/spring-boot-starter-data-jpa/1.5.2.RELEASE/9e2dfd470f0df4a7ba00a71ca462aeefbd382a4d/spring-boot-starter-data-jpa-1.5.2.RELEASE.jar:/home/suayder/.gradle/caches/modules-2/files-2.1/org.eclipse.persistence/javax.persistence/2.1.0/5bab675816dbe0f64bb86004b108bf2a00292358/javax.persistence-2.1.0.jar
Launcher Type: SUN_STANDARD

Environment Variables:
JAVA_HOME=/usr/lib/jvm/java-8-oracle
PATH=/home/suayder/bin:/home/suayder/.local/bin:/usr/local/sbin:/usr/local/bin:/usr/sbin:/usr/bin:/sbin:/bin:/usr/games:/usr/local/games:/snap/bin:/usr/lib/jvm/java-8-oracle/bin:/usr/lib/jvm/java-8-oracle/db/bin:/usr/lib/jvm/java-8-oracle/jre/bin
SHELL=/bin/bash
DISPLAY=:0.0

Signal Handlers:
SIGSEGV: [libjvm.so+0xac78c0], sa_mask[0]=11111111011111111101111111111110, sa_flags=SA_RESTART|SA_SIGINFO
SIGBUS: [libjvm.so+0xac78c0], sa_mask[0]=11111111011111111101111111111110, sa_flags=SA_RESTART|SA_SIGINFO
SIGFPE: [libjvm.so+0x920ac0], sa_mask[0]=11111111011111111101111111111110, sa_flags=SA_RESTART|SA_SIGINFO
SIGPIPE: [libjvm.so+0x920ac0], sa_mask[0]=11111111011111111101111111111110, sa_flags=SA_RESTART|SA_SIGINFO
SIGXFSZ: [libjvm.so+0x920ac0], sa_mask[0]=11111111011111111101111111111110, sa_flags=SA_RESTART|SA_SIGINFO
SIGILL: [libjvm.so+0x920ac0], sa_mask[0]=11111111011111111101111111111110, sa_flags=SA_RESTART|SA_SIGINFO
SIGUSR1: SIG_DFL, sa_mask[0]=00000000000000000000000000000000, sa_flags=none
SIGUSR2: [libjvm.so+0x922300], sa_mask[0]=00100000000000000000000000000000, sa_flags=SA_RESTART|SA_SIGINFO
SIGHUP: [libjvm.so+0x923700], sa_mask[0]=11111111011111111101111111111110, sa_flags=SA_RESTART|SA_SIGINFO
SIGINT: [libjvm.so+0x923700], sa_mask[0]=11111111011111111101111111111110, sa_flags=SA_RESTART|SA_SIGINFO
SIGTERM: [libjvm.so+0x923700], sa_mask[0]=11111111011111111101111111111110, sa_flags=SA_RESTART|SA_SIGINFO
SIGQUIT: [libjvm.so+0x923700], sa_mask[0]=11111111011111111101111111111110, sa_flags=SA_RESTART|SA_SIGINFO


---------------  S Y S T E M  ---------------

OS:DISTRIB_ID=Ubuntu
DISTRIB_RELEASE=16.04
DISTRIB_CODENAME=xenial
DISTRIB_DESCRIPTION="Ubuntu 16.04.2 LTS"

uname:Linux 4.8.0-54-generic #57~16.04.1-Ubuntu SMP Wed May 24 16:22:28 UTC 2017 x86_64
libc:glibc 2.23 NPTL 2.23 
rlimit: STACK 8192k, CORE 0k, NPROC 11249, NOFILE 65536, AS infinity
load average:3,59 2,27 1,30

/proc/meminfo:
MemTotal:        2922392 kB
MemFree:          120324 kB
MemAvailable:     218332 kB
Buffers:           19828 kB
Cached:           416052 kB
SwapCached:         9972 kB
Active:          1999432 kB
Inactive:         658136 kB
Active(anon):    1864712 kB
Inactive(anon):   515272 kB
Active(file):     134720 kB
Inactive(file):   142864 kB
Unevictable:          32 kB
Mlocked:              32 kB
SwapTotal:        291836 kB
SwapFree:           1524 kB
Dirty:             11936 kB
Writeback:             0 kB
AnonPages:       2212124 kB
Mapped:           167948 kB
Shmem:            158072 kB
Slab:              66132 kB
SReclaimable:      34928 kB
SUnreclaim:        31204 kB
KernelStack:        8992 kB
PageTables:        30844 kB
NFS_Unstable:          0 kB
Bounce:                0 kB
WritebackTmp:          0 kB
CommitLimit:     1753032 kB
Committed_AS:    5868068 kB
VmallocTotal:   34359738367 kB
VmallocUsed:           0 kB
VmallocChunk:          0 kB
HardwareCorrupted:     0 kB
AnonHugePages:    897024 kB
ShmemHugePages:        0 kB
ShmemPmdMapped:        0 kB
CmaTotal:              0 kB
CmaFree:               0 kB
HugePages_Total:       0
HugePages_Free:        0
HugePages_Rsvd:        0
HugePages_Surp:        0
Hugepagesize:       2048 kB
DirectMap4k:       96192 kB
DirectMap2M:     2961408 kB


CPU:total 4 (2 cores per cpu, 2 threads per core) family 6 model 42 stepping 7, cmov, cx8, fxsr, mmx, sse, sse2, sse3, ssse3, sse4.1, sse4.2, popcnt, avx, clmul, ht, tsc, tscinvbit

/proc/cpuinfo:
processor	: 0
vendor_id	: GenuineIntel
cpu family	: 6
model		: 42
model name	: Intel(R) Core(TM) i3-2310M CPU @ 2.10GHz
stepping	: 7
microcode	: 0x1a
cpu MHz		: 1408.758
cache size	: 3072 KB
physical id	: 0
siblings	: 4
core id		: 0
cpu cores	: 2
apicid		: 0
initial apicid	: 0
fpu		: yes
fpu_exception	: yes
cpuid level	: 13
wp		: yes
flags		: fpu vme de pse tsc msr pae mce cx8 apic sep mtrr pge mca cmov pat pse36 clflush dts acpi mmx fxsr sse sse2 ss ht tm pbe syscall nx rdtscp lm constant_tsc arch_perfmon pebs bts nopl xtopology nonstop_tsc aperfmperf eagerfpu pni pclmulqdq dtes64 monitor ds_cpl vmx est tm2 ssse3 cx16 xtpr pdcm pcid sse4_1 sse4_2 x2apic popcnt tsc_deadline_timer xsave avx lahf_lm epb tpr_shadow vnmi flexpriority ept vpid xsaveopt dtherm arat pln pts
bugs		:
bogomips	: 4190.76
clflush size	: 64
cache_alignment	: 64
address sizes	: 36 bits physical, 48 bits virtual
power management:

processor	: 1
vendor_id	: GenuineIntel
cpu family	: 6
model		: 42
model name	: Intel(R) Core(TM) i3-2310M CPU @ 2.10GHz
stepping	: 7
microcode	: 0x1a
cpu MHz		: 1637.420
cache size	: 3072 KB
physical id	: 0
siblings	: 4
core id		: 0
cpu cores	: 2
apicid		: 1
initial apicid	: 1
fpu		: yes
fpu_exception	: yes
cpuid level	: 13
wp		: yes
flags		: fpu vme de pse tsc msr pae mce cx8 apic sep mtrr pge mca cmov pat pse36 clflush dts acpi mmx fxsr sse sse2 ss ht tm pbe syscall nx rdtscp lm constant_tsc arch_perfmon pebs bts nopl xtopology nonstop_tsc aperfmperf eagerfpu pni pclmulqdq dtes64 monitor ds_cpl vmx est tm2 ssse3 cx16 xtpr pdcm pcid sse4_1 sse4_2 x2apic popcnt tsc_deadline_timer xsave avx lahf_lm epb tpr_shadow vnmi flexpriority ept vpid xsaveopt dtherm arat pln pts
bugs		:
bogomips	: 4190.76
clflush size	: 64
cache_alignment	: 64
address sizes	: 36 bits physical, 48 bits virtual
power management:

processor	: 2
vendor_id	: GenuineIntel
cpu family	: 6
model		: 42
model name	: Intel(R) Core(TM) i3-2310M CPU @ 2.10GHz
stepping	: 7
microcode	: 0x1a
cpu MHz		: 1441.827
cache size	: 3072 KB
physical id	: 0
siblings	: 4
core id		: 1
cpu cores	: 2
apicid		: 2
initial apicid	: 2
fpu		: yes
fpu_exception	: yes
cpuid level	: 13
wp		: yes
flags		: fpu vme de pse tsc msr pae mce cx8 apic sep mtrr pge mca cmov pat pse36 clflush dts acpi mmx fxsr sse sse2 ss ht tm pbe syscall nx rdtscp lm constant_tsc arch_perfmon pebs bts nopl xtopology nonstop_tsc aperfmperf eagerfpu pni pclmulqdq dtes64 monitor ds_cpl vmx est tm2 ssse3 cx16 xtpr pdcm pcid sse4_1 sse4_2 x2apic popcnt tsc_deadline_timer xsave avx lahf_lm epb tpr_shadow vnmi flexpriority ept vpid xsaveopt dtherm arat pln pts
bugs		:
bogomips	: 4190.76
clflush size	: 64
cache_alignment	: 64
address sizes	: 36 bits physical, 48 bits virtual
power management:

processor	: 3
vendor_id	: GenuineIntel
cpu family	: 6
model		: 42
model name	: Intel(R) Core(TM) i3-2310M CPU @ 2.10GHz
stepping	: 7
microcode	: 0x1a
cpu MHz		: 1464.898
cache size	: 3072 KB
physical id	: 0
siblings	: 4
core id		: 1
cpu cores	: 2
apicid		: 3
initial apicid	: 3
fpu		: yes
fpu_exception	: yes
cpuid level	: 13
wp		: yes
flags		: fpu vme de pse tsc msr pae mce cx8 apic sep mtrr pge mca cmov pat pse36 clflush dts acpi mmx fxsr sse sse2 ss ht tm pbe syscall nx rdtscp lm constant_tsc arch_perfmon pebs bts nopl xtopology nonstop_tsc aperfmperf eagerfpu pni pclmulqdq dtes64 monitor ds_cpl vmx est tm2 ssse3 cx16 xtpr pdcm pcid sse4_1 sse4_2 x2apic popcnt tsc_deadline_timer xsave avx lahf_lm epb tpr_shadow vnmi flexpriority ept vpid xsaveopt dtherm arat pln pts
bugs		:
bogomips	: 4190.76
clflush size	: 64
cache_alignment	: 64
address sizes	: 36 bits physical, 48 bits virtual
power management:



Memory: 4k page, physical 2922392k(120324k free), swap 291836k(1528k free)

vm_info: Java HotSpot(TM) 64-Bit Server VM (25.121-b13) for linux-amd64 JRE (1.8.0_121-b13), built on Dec 12 2016 16:36:53 by "java_re" with gcc 4.3.0 20080428 (Red Hat 4.3.0-8)

time: Fri Jun 16 13:09:36 2017
elapsed time: 11505 seconds (0d 3h 11m 45s)

